<?xml version="1.0" encoding="UTF-8"?>
<testsuite xmlns:xsi="http://www.w3.org/2001/XMLSchema-instance" xsi:noNamespaceSchemaLocation="https://maven.apache.org/surefire/maven-surefire-plugin/xsd/surefire-test-report.xsd" version="3.0.2" name="com.example.tienda_ms_pedidos.repository.ProductoRepositoryTest" time="0.112" tests="5" errors="0" skipped="0" failures="0">
  <properties>
[...]
</properties>
  <testcase name="crudOperations" classname="com.example.tienda_ms_pedidos.repository.ProductoRepositoryTest" time="0.031">
    <system-out><![CDATA[2024-12-15T14:28:00.953-03:00 DEBUG 43375 --- [tienda-ms-pedidos] [           main] b.t.a.o.j.DataJpaTestContextBootstrapper : Neither @ContextConfiguration nor @ContextHierarchy found for test class [ProductoRepositoryTest]: using SpringBootContextLoader
2024-12-15T14:28:00.953-03:00 DEBUG 43375 --- [tienda-ms-pedidos] [           main] o.s.t.c.support.AbstractContextLoader    : Could not detect default resource locations for test class [com.example.tienda_ms_pedidos.repository.ProductoRepositoryTest]: no resource found for suffixes {-context.xml, Context.groovy}.
2024-12-15T14:28:00.953-03:00  INFO 43375 --- [tienda-ms-pedidos] [           main] t.c.s.AnnotationConfigContextLoaderUtils : Could not detect default configuration classes for test class [com.example.tienda_ms_pedidos.repository.ProductoRepositoryTest]: ProductoRepositoryTest does not declare any static, non-private, non-final, nested classes annotated with @Configuration.
2024-12-15T14:28:00.954-03:00 DEBUG 43375 --- [tienda-ms-pedidos] [           main] b.t.a.o.j.DataJpaTestContextBootstrapper : Using ContextCustomizerFactory implementations for test class [ProductoRepositoryTest]: [ImportsContextCustomizerFactory, ExcludeFilterContextCustomizerFactory, HttpGraphQlTesterContextCustomizerFactory, DuplicateJsonObjectContextCustomizerFactory, MockitoContextCustomizerFactory, TestRestTemplateContextCustomizerFactory, WebTestClientContextCustomizerFactory, DisableReactorResourceFactoryGlobalResourcesContextCustomizerFactory, OnFailureConditionReportContextCustomizerFactory, OverrideAutoConfigurationContextCustomizerFactory, ObservabilityContextCustomizerFactory, TypeExcludeFiltersContextCustomizerFactory, PropertyMappingContextCustomizerFactory, WebDriverContextCustomizerFactory, BeanOverrideContextCustomizerFactory, MockServerContainerContextCustomizerFactory, DynamicPropertiesContextCustomizerFactory]
2024-12-15T14:28:00.960-03:00 DEBUG 43375 --- [tienda-ms-pedidos] [           main] b.t.a.o.j.DataJpaTestContextBootstrapper : Using ContextCustomizers for test class [ProductoRepositoryTest]: [ImportsContextCustomizer, ExcludeFilterContextCustomizer, DuplicateJsonObjectContextCustomizer, MockitoContextCustomizer, DisableReactorResourceFactoryGlobalResourcesContextCustomizerCustomizer, OnFailureConditionReportContextCustomizer, DisableAutoConfigurationContextCustomizer, DisableObservabilityContextCustomizer, TypeExcludeFiltersContextCustomizer, PropertyMappingContextCustomizer, WebDriverContextCustomizer, DynamicPropertiesContextCustomizer]
2024-12-15T14:28:00.960-03:00  INFO 43375 --- [tienda-ms-pedidos] [           main] .b.t.c.SpringBootTestContextBootstrapper : Found @SpringBootConfiguration com.example.tienda_ms_pedidos.App for test class com.example.tienda_ms_pedidos.repository.ProductoRepositoryTest
2024-12-15T14:28:00.961-03:00 DEBUG 43375 --- [tienda-ms-pedidos] [           main] .s.t.c.u.TestContextSpringFactoriesUtils : Skipping candidate TestExecutionListener [org.springframework.test.context.observation.MicrometerObservationRegistryTestExecutionListener] due to a missing dependency. Specify custom TestExecutionListener classes or make the default TestExecutionListener classes and their required dependencies available. Offending class: io.micrometer.context.ThreadLocalAccessor. MicrometerObservationRegistryTestExecutionListener requires io.micrometer:micrometer-observation:1.10.8 or higher and io.micrometer:context-propagation:1.0.3 or higher.
2024-12-15T14:28:00.961-03:00 DEBUG 43375 --- [tienda-ms-pedidos] [           main] b.t.a.o.j.DataJpaTestContextBootstrapper : Using TestExecutionListeners for test class [ProductoRepositoryTest]: [ServletTestExecutionListener, DirtiesContextBeforeModesTestExecutionListener, ApplicationEventsTestExecutionListener, MockitoTestExecutionListener, BeanOverrideTestExecutionListener, DependencyInjectionTestExecutionListener, DirtiesContextTestExecutionListener, CommonCachesTestExecutionListener, TransactionalTestExecutionListener, SqlScriptsTestExecutionListener, EventPublishingTestExecutionListener, ResetMocksTestExecutionListener, RestDocsTestExecutionListener, MockRestServiceServerResetTestExecutionListener, MockMvcPrintOnlyOnFailureTestExecutionListener, WebDriverTestExecutionListener, MockWebServiceServerTestExecutionListener, MockitoResetTestExecutionListener]
2024-12-15T14:28:00.961-03:00 DEBUG 43375 --- [tienda-ms-pedidos] [           main] sContextBeforeModesTestExecutionListener : Before test class: class [ProductoRepositoryTest], class annotated with @DirtiesContext [false] with mode [null]
2024-12-15T14:28:00.961-03:00 DEBUG 43375 --- [tienda-ms-pedidos] [           main] org.springframework.test.context.cache   : Spring test ApplicationContext cache statistics: [DefaultContextCache@30d9004d size = 1, maxSize = 32, parentContextCount = 0, hitCount = 103, missCount = 1, failureCount = 0]
2024-12-15T14:28:00.962-03:00 DEBUG 43375 --- [tienda-ms-pedidos] [           main] DependencyInjectionTestExecutionListener : Performing dependency injection for test class com.example.tienda_ms_pedidos.repository.ProductoRepositoryTest
2024-12-15T14:28:00.962-03:00 DEBUG 43375 --- [tienda-ms-pedidos] [           main] org.springframework.test.context.cache   : Spring test ApplicationContext cache statistics: [DefaultContextCache@30d9004d size = 1, maxSize = 32, parentContextCount = 0, hitCount = 104, missCount = 1, failureCount = 0]
2024-12-15T14:28:00.964-03:00 DEBUG 43375 --- [tienda-ms-pedidos] [           main] org.springframework.test.context.cache   : Spring test ApplicationContext cache statistics: [DefaultContextCache@30d9004d size = 1, maxSize = 32, parentContextCount = 0, hitCount = 105, missCount = 1, failureCount = 0]
2024-12-15T14:28:00.965-03:00 DEBUG 43375 --- [tienda-ms-pedidos] [           main] sContextBeforeModesTestExecutionListener : Before test method: class [ProductoRepositoryTest], method [crudOperations], class annotated with @DirtiesContext [false] with mode [null], method annotated with @DirtiesContext [false] with mode [null]
2024-12-15T14:28:00.965-03:00 DEBUG 43375 --- [tienda-ms-pedidos] [           main] t.c.t.TransactionalTestExecutionListener : Explicit transaction definition [PROPAGATION_REQUIRED,ISOLATION_DEFAULT] found for test class [com.example.tienda_ms_pedidos.repository.ProductoRepositoryTest] and test method [crudOperations]
2024-12-15T14:28:00.965-03:00 DEBUG 43375 --- [tienda-ms-pedidos] [           main] org.springframework.test.context.cache   : Spring test ApplicationContext cache statistics: [DefaultContextCache@30d9004d size = 1, maxSize = 32, parentContextCount = 0, hitCount = 106, missCount = 1, failureCount = 0]
2024-12-15T14:28:00.965-03:00 DEBUG 43375 --- [tienda-ms-pedidos] [           main] t.c.t.TransactionalTestExecutionListener : No method-level @Rollback override: using default rollback [true] for test method [void com.example.tienda_ms_pedidos.repository.ProductoRepositoryTest.crudOperations()]
2024-12-15T14:28:00.965-03:00 DEBUG 43375 --- [tienda-ms-pedidos] [           main] o.s.orm.jpa.JpaTransactionManager        : Creating new transaction with name [com.example.tienda_ms_pedidos.repository.ProductoRepositoryTest.crudOperations]: PROPAGATION_REQUIRED,ISOLATION_DEFAULT
2024-12-15T14:28:00.965-03:00 DEBUG 43375 --- [tienda-ms-pedidos] [           main] o.s.orm.jpa.JpaTransactionManager        : Opened new EntityManager [SessionImpl(2079724675<open>)] for JPA transaction
2024-12-15T14:28:00.965-03:00 DEBUG 43375 --- [tienda-ms-pedidos] [           main] o.h.e.t.internal.TransactionImpl         : On TransactionImpl creation, JpaCompliance#isJpaTransactionComplianceEnabled == false
2024-12-15T14:28:00.965-03:00 DEBUG 43375 --- [tienda-ms-pedidos] [           main] o.h.e.t.internal.TransactionImpl         : begin
2024-12-15T14:28:00.966-03:00 DEBUG 43375 --- [tienda-ms-pedidos] [           main] o.s.orm.jpa.JpaTransactionManager        : Exposing JPA transaction as JDBC [org.springframework.orm.jpa.vendor.HibernateJpaDialect$HibernateConnectionHandle@55d8bf33]
2024-12-15T14:28:00.966-03:00 DEBUG 43375 --- [tienda-ms-pedidos] [           main] o.s.t.c.transaction.TransactionContext   : Began transaction (1) for test class [com.example.tienda_ms_pedidos.repository.ProductoRepositoryTest]; test method [crudOperations]; transaction manager [org.springframework.orm.jpa.JpaTransactionManager@5be0e16f]; rollback [true]
2024-12-15T14:28:00.966-03:00 DEBUG 43375 --- [tienda-ms-pedidos] [           main] org.springframework.test.context.cache   : Spring test ApplicationContext cache statistics: [DefaultContextCache@30d9004d size = 1, maxSize = 32, parentContextCount = 0, hitCount = 107, missCount = 1, failureCount = 0]
2024-12-15T14:28:00.966-03:00 DEBUG 43375 --- [tienda-ms-pedidos] [           main] org.springframework.test.context.cache   : Spring test ApplicationContext cache statistics: [DefaultContextCache@30d9004d size = 1, maxSize = 32, parentContextCount = 0, hitCount = 108, missCount = 1, failureCount = 0]
2024-12-15T14:28:00.966-03:00 DEBUG 43375 --- [tienda-ms-pedidos] [           main] org.springframework.test.context.cache   : Spring test ApplicationContext cache statistics: [DefaultContextCache@30d9004d size = 1, maxSize = 32, parentContextCount = 0, hitCount = 109, missCount = 1, failureCount = 0]
2024-12-15T14:28:00.966-03:00 DEBUG 43375 --- [tienda-ms-pedidos] [           main] org.springframework.test.context.cache   : Spring test ApplicationContext cache statistics: [DefaultContextCache@30d9004d size = 1, maxSize = 32, parentContextCount = 0, hitCount = 110, missCount = 1, failureCount = 0]
2024-12-15T14:28:00.968-03:00 DEBUG 43375 --- [tienda-ms-pedidos] [           main] org.hibernate.engine.spi.ActionQueue     : Executing identity-insert immediately
2024-12-15T14:28:00.985-03:00 DEBUG 43375 --- [tienda-ms-pedidos] [           main] org.hibernate.SQL                        : 
    /* insert for
        com.example.tienda_ms_pedidos.model.Categoria */insert 
    into
        categoria (descripcion, nombre, id_categoria) 
    values
        (?, ?, default)
Hibernate: 
    /* insert for
        com.example.tienda_ms_pedidos.model.Categoria */insert 
    into
        categoria (descripcion, nombre, id_categoria) 
    values
        (?, ?, default)
2024-12-15T14:28:00.985-03:00 DEBUG 43375 --- [tienda-ms-pedidos] [           main] org.hibernate.orm.results                : Initializer list is empty
2024-12-15T14:28:00.986-03:00 DEBUG 43375 --- [tienda-ms-pedidos] [           main] o.h.id.IdentifierGeneratorHelper         : Extracted generated values [com.example.tienda_ms_pedidos.model.Categoria]: [Ljava.lang.Object;@14e8e0c9
2024-12-15T14:28:00.986-03:00 DEBUG 43375 --- [tienda-ms-pedidos] [           main] o.s.orm.jpa.JpaTransactionManager        : Found thread-bound EntityManager [SessionImpl(2079724675<open>)] for JPA transaction
2024-12-15T14:28:00.986-03:00 DEBUG 43375 --- [tienda-ms-pedidos] [           main] o.s.orm.jpa.JpaTransactionManager        : Participating in existing transaction
2024-12-15T14:28:00.987-03:00 DEBUG 43375 --- [tienda-ms-pedidos] [           main] o.h.j.internal.PersistenceUnitUtilImpl   : jakarta.persistence.PersistenceUnitUtil.getIdentifier is only intended to work with enhanced entities (although Hibernate also adapts this support to its proxies); however the passed entity was not enhanced (nor a proxy).. may not be able to read identifier
2024-12-15T14:28:00.987-03:00 DEBUG 43375 --- [tienda-ms-pedidos] [           main] org.hibernate.engine.spi.ActionQueue     : Executing identity-insert immediately
2024-12-15T14:28:00.988-03:00 DEBUG 43375 --- [tienda-ms-pedidos] [           main] org.hibernate.SQL                        : 
    /* insert for
        com.example.tienda_ms_pedidos.model.Producto */insert 
    into
        producto (descripcion, imagen, nombre, precio, stock, id_producto) 
    values
        (?, ?, ?, ?, ?, default)
Hibernate: 
    /* insert for
        com.example.tienda_ms_pedidos.model.Producto */insert 
    into
        producto (descripcion, imagen, nombre, precio, stock, id_producto) 
    values
        (?, ?, ?, ?, ?, default)
2024-12-15T14:28:00.989-03:00 DEBUG 43375 --- [tienda-ms-pedidos] [           main] org.hibernate.orm.results                : Initializer list is empty
2024-12-15T14:28:00.989-03:00 DEBUG 43375 --- [tienda-ms-pedidos] [           main] o.h.id.IdentifierGeneratorHelper         : Extracted generated values [com.example.tienda_ms_pedidos.model.Producto]: [Ljava.lang.Object;@26cfdc15
2024-12-15T14:28:00.989-03:00 DEBUG 43375 --- [tienda-ms-pedidos] [           main] o.s.orm.jpa.JpaTransactionManager        : Found thread-bound EntityManager [SessionImpl(2079724675<open>)] for JPA transaction
2024-12-15T14:28:00.989-03:00 DEBUG 43375 --- [tienda-ms-pedidos] [           main] o.s.orm.jpa.JpaTransactionManager        : Participating in existing transaction
2024-12-15T14:28:00.989-03:00 DEBUG 43375 --- [tienda-ms-pedidos] [           main] o.s.orm.jpa.JpaTransactionManager        : Found thread-bound EntityManager [SessionImpl(2079724675<open>)] for JPA transaction
2024-12-15T14:28:00.989-03:00 DEBUG 43375 --- [tienda-ms-pedidos] [           main] o.s.orm.jpa.JpaTransactionManager        : Participating in existing transaction
2024-12-15T14:28:00.989-03:00 DEBUG 43375 --- [tienda-ms-pedidos] [           main] o.h.j.internal.PersistenceUnitUtilImpl   : jakarta.persistence.PersistenceUnitUtil.getIdentifier is only intended to work with enhanced entities (although Hibernate also adapts this support to its proxies); however the passed entity was not enhanced (nor a proxy).. may not be able to read identifier
2024-12-15T14:28:00.990-03:00 DEBUG 43375 --- [tienda-ms-pedidos] [           main] o.s.orm.jpa.JpaTransactionManager        : Found thread-bound EntityManager [SessionImpl(2079724675<open>)] for JPA transaction
2024-12-15T14:28:00.990-03:00 DEBUG 43375 --- [tienda-ms-pedidos] [           main] o.s.orm.jpa.JpaTransactionManager        : Participating in existing transaction
2024-12-15T14:28:00.990-03:00 DEBUG 43375 --- [tienda-ms-pedidos] [           main] o.s.orm.jpa.JpaTransactionManager        : Found thread-bound EntityManager [SessionImpl(2079724675<open>)] for JPA transaction
2024-12-15T14:28:00.990-03:00 DEBUG 43375 --- [tienda-ms-pedidos] [           main] o.s.orm.jpa.JpaTransactionManager        : Participating in existing transaction
2024-12-15T14:28:00.990-03:00 DEBUG 43375 --- [tienda-ms-pedidos] [           main] o.h.j.internal.PersistenceUnitUtilImpl   : jakarta.persistence.PersistenceUnitUtil.getIdentifier is only intended to work with enhanced entities (although Hibernate also adapts this support to its proxies); however the passed entity was not enhanced (nor a proxy).. may not be able to read identifier
2024-12-15T14:28:00.990-03:00 DEBUG 43375 --- [tienda-ms-pedidos] [           main] o.s.orm.jpa.JpaTransactionManager        : Found thread-bound EntityManager [SessionImpl(2079724675<open>)] for JPA transaction
2024-12-15T14:28:00.990-03:00 DEBUG 43375 --- [tienda-ms-pedidos] [           main] o.s.orm.jpa.JpaTransactionManager        : Participating in existing transaction
2024-12-15T14:28:00.990-03:00 DEBUG 43375 --- [tienda-ms-pedidos] [           main] org.hibernate.orm.results.loading        : Load request found matching entity in context, but it is scheduled for removal; returning null
2024-12-15T14:28:00.991-03:00 DEBUG 43375 --- [tienda-ms-pedidos] [           main] org.springframework.test.context.cache   : Spring test ApplicationContext cache statistics: [DefaultContextCache@30d9004d size = 1, maxSize = 32, parentContextCount = 0, hitCount = 111, missCount = 1, failureCount = 0]
2024-12-15T14:28:00.992-03:00 DEBUG 43375 --- [tienda-ms-pedidos] [           main] org.springframework.test.context.cache   : Spring test ApplicationContext cache statistics: [DefaultContextCache@30d9004d size = 1, maxSize = 32, parentContextCount = 0, hitCount = 112, missCount = 1, failureCount = 0]
2024-12-15T14:28:00.992-03:00 DEBUG 43375 --- [tienda-ms-pedidos] [           main] org.springframework.test.context.cache   : Spring test ApplicationContext cache statistics: [DefaultContextCache@30d9004d size = 1, maxSize = 32, parentContextCount = 0, hitCount = 113, missCount = 1, failureCount = 0]
2024-12-15T14:28:00.992-03:00 DEBUG 43375 --- [tienda-ms-pedidos] [           main] org.springframework.test.context.cache   : Spring test ApplicationContext cache statistics: [DefaultContextCache@30d9004d size = 1, maxSize = 32, parentContextCount = 0, hitCount = 114, missCount = 1, failureCount = 0]
2024-12-15T14:28:00.993-03:00 DEBUG 43375 --- [tienda-ms-pedidos] [           main] org.springframework.test.context.cache   : Spring test ApplicationContext cache statistics: [DefaultContextCache@30d9004d size = 1, maxSize = 32, parentContextCount = 0, hitCount = 115, missCount = 1, failureCount = 0]
2024-12-15T14:28:00.994-03:00 DEBUG 43375 --- [tienda-ms-pedidos] [           main] org.springframework.test.context.cache   : Spring test ApplicationContext cache statistics: [DefaultContextCache@30d9004d size = 1, maxSize = 32, parentContextCount = 0, hitCount = 116, missCount = 1, failureCount = 0]
2024-12-15T14:28:00.994-03:00 DEBUG 43375 --- [tienda-ms-pedidos] [           main] org.springframework.test.context.cache   : Spring test ApplicationContext cache statistics: [DefaultContextCache@30d9004d size = 1, maxSize = 32, parentContextCount = 0, hitCount = 117, missCount = 1, failureCount = 0]
2024-12-15T14:28:00.994-03:00 DEBUG 43375 --- [tienda-ms-pedidos] [           main] o.s.orm.jpa.JpaTransactionManager        : Initiating transaction rollback
2024-12-15T14:28:00.994-03:00 DEBUG 43375 --- [tienda-ms-pedidos] [           main] o.s.orm.jpa.JpaTransactionManager        : Rolling back JPA transaction on EntityManager [SessionImpl(2079724675<open>)]
2024-12-15T14:28:00.994-03:00 DEBUG 43375 --- [tienda-ms-pedidos] [           main] o.h.e.t.internal.TransactionImpl         : rolling back
2024-12-15T14:28:00.995-03:00 DEBUG 43375 --- [tienda-ms-pedidos] [           main] o.s.orm.jpa.JpaTransactionManager        : Closing JPA EntityManager [SessionImpl(2079724675<open>)] after transaction
2024-12-15T14:28:00.995-03:00 DEBUG 43375 --- [tienda-ms-pedidos] [           main] o.s.t.c.transaction.TransactionContext   : Rolled back transaction (1) for test class [com.example.tienda_ms_pedidos.repository.ProductoRepositoryTest]; test method [crudOperations]
2024-12-15T14:28:00.995-03:00 DEBUG 43375 --- [tienda-ms-pedidos] [           main] .c.s.DirtiesContextTestExecutionListener : After test method: class [ProductoRepositoryTest], method [crudOperations], class annotated with @DirtiesContext [false] with mode [null], method annotated with @DirtiesContext [false] with mode [null]
]]></system-out>
  </testcase>
  <testcase name="buscarPorNombreOCategoria_PorCategoria" classname="com.example.tienda_ms_pedidos.repository.ProductoRepositoryTest" time="0.03">
    <system-out><![CDATA[2024-12-15T14:28:00.996-03:00 DEBUG 43375 --- [tienda-ms-pedidos] [           main] DependencyInjectionTestExecutionListener : Performing dependency injection for test class com.example.tienda_ms_pedidos.repository.ProductoRepositoryTest
2024-12-15T14:28:00.996-03:00 DEBUG 43375 --- [tienda-ms-pedidos] [           main] org.springframework.test.context.cache   : Spring test ApplicationContext cache statistics: [DefaultContextCache@30d9004d size = 1, maxSize = 32, parentContextCount = 0, hitCount = 118, missCount = 1, failureCount = 0]
2024-12-15T14:28:00.997-03:00 DEBUG 43375 --- [tienda-ms-pedidos] [           main] org.springframework.test.context.cache   : Spring test ApplicationContext cache statistics: [DefaultContextCache@30d9004d size = 1, maxSize = 32, parentContextCount = 0, hitCount = 119, missCount = 1, failureCount = 0]
2024-12-15T14:28:00.997-03:00 DEBUG 43375 --- [tienda-ms-pedidos] [           main] sContextBeforeModesTestExecutionListener : Before test method: class [ProductoRepositoryTest], method [buscarPorNombreOCategoria_PorCategoria], class annotated with @DirtiesContext [false] with mode [null], method annotated with @DirtiesContext [false] with mode [null]
2024-12-15T14:28:00.998-03:00 DEBUG 43375 --- [tienda-ms-pedidos] [           main] t.c.t.TransactionalTestExecutionListener : Explicit transaction definition [PROPAGATION_REQUIRED,ISOLATION_DEFAULT] found for test class [com.example.tienda_ms_pedidos.repository.ProductoRepositoryTest] and test method [buscarPorNombreOCategoria_PorCategoria]
2024-12-15T14:28:00.998-03:00 DEBUG 43375 --- [tienda-ms-pedidos] [           main] org.springframework.test.context.cache   : Spring test ApplicationContext cache statistics: [DefaultContextCache@30d9004d size = 1, maxSize = 32, parentContextCount = 0, hitCount = 120, missCount = 1, failureCount = 0]
2024-12-15T14:28:00.998-03:00 DEBUG 43375 --- [tienda-ms-pedidos] [           main] t.c.t.TransactionalTestExecutionListener : No method-level @Rollback override: using default rollback [true] for test method [void com.example.tienda_ms_pedidos.repository.ProductoRepositoryTest.buscarPorNombreOCategoria_PorCategoria()]
2024-12-15T14:28:00.998-03:00 DEBUG 43375 --- [tienda-ms-pedidos] [           main] o.s.orm.jpa.JpaTransactionManager        : Creating new transaction with name [com.example.tienda_ms_pedidos.repository.ProductoRepositoryTest.buscarPorNombreOCategoria_PorCategoria]: PROPAGATION_REQUIRED,ISOLATION_DEFAULT
2024-12-15T14:28:00.998-03:00 DEBUG 43375 --- [tienda-ms-pedidos] [           main] o.s.orm.jpa.JpaTransactionManager        : Opened new EntityManager [SessionImpl(1064528727<open>)] for JPA transaction
2024-12-15T14:28:00.998-03:00 DEBUG 43375 --- [tienda-ms-pedidos] [           main] o.h.e.t.internal.TransactionImpl         : On TransactionImpl creation, JpaCompliance#isJpaTransactionComplianceEnabled == false
2024-12-15T14:28:00.998-03:00 DEBUG 43375 --- [tienda-ms-pedidos] [           main] o.h.e.t.internal.TransactionImpl         : begin
2024-12-15T14:28:00.998-03:00 DEBUG 43375 --- [tienda-ms-pedidos] [           main] o.s.orm.jpa.JpaTransactionManager        : Exposing JPA transaction as JDBC [org.springframework.orm.jpa.vendor.HibernateJpaDialect$HibernateConnectionHandle@45faedac]
2024-12-15T14:28:00.998-03:00 DEBUG 43375 --- [tienda-ms-pedidos] [           main] o.s.t.c.transaction.TransactionContext   : Began transaction (1) for test class [com.example.tienda_ms_pedidos.repository.ProductoRepositoryTest]; test method [buscarPorNombreOCategoria_PorCategoria]; transaction manager [org.springframework.orm.jpa.JpaTransactionManager@5be0e16f]; rollback [true]
2024-12-15T14:28:00.998-03:00 DEBUG 43375 --- [tienda-ms-pedidos] [           main] org.springframework.test.context.cache   : Spring test ApplicationContext cache statistics: [DefaultContextCache@30d9004d size = 1, maxSize = 32, parentContextCount = 0, hitCount = 121, missCount = 1, failureCount = 0]
2024-12-15T14:28:00.998-03:00 DEBUG 43375 --- [tienda-ms-pedidos] [           main] org.springframework.test.context.cache   : Spring test ApplicationContext cache statistics: [DefaultContextCache@30d9004d size = 1, maxSize = 32, parentContextCount = 0, hitCount = 122, missCount = 1, failureCount = 0]
2024-12-15T14:28:00.999-03:00 DEBUG 43375 --- [tienda-ms-pedidos] [           main] org.springframework.test.context.cache   : Spring test ApplicationContext cache statistics: [DefaultContextCache@30d9004d size = 1, maxSize = 32, parentContextCount = 0, hitCount = 123, missCount = 1, failureCount = 0]
2024-12-15T14:28:00.999-03:00 DEBUG 43375 --- [tienda-ms-pedidos] [           main] org.springframework.test.context.cache   : Spring test ApplicationContext cache statistics: [DefaultContextCache@30d9004d size = 1, maxSize = 32, parentContextCount = 0, hitCount = 124, missCount = 1, failureCount = 0]
2024-12-15T14:28:00.999-03:00 DEBUG 43375 --- [tienda-ms-pedidos] [           main] org.hibernate.engine.spi.ActionQueue     : Executing identity-insert immediately
2024-12-15T14:28:00.999-03:00 DEBUG 43375 --- [tienda-ms-pedidos] [           main] org.hibernate.SQL                        : 
    /* insert for
        com.example.tienda_ms_pedidos.model.Categoria */insert 
    into
        categoria (descripcion, nombre, id_categoria) 
    values
        (?, ?, default)
Hibernate: 
    /* insert for
        com.example.tienda_ms_pedidos.model.Categoria */insert 
    into
        categoria (descripcion, nombre, id_categoria) 
    values
        (?, ?, default)
2024-12-15T14:28:01.000-03:00 DEBUG 43375 --- [tienda-ms-pedidos] [           main] org.hibernate.orm.results                : Initializer list is empty
2024-12-15T14:28:01.000-03:00 DEBUG 43375 --- [tienda-ms-pedidos] [           main] o.h.id.IdentifierGeneratorHelper         : Extracted generated values [com.example.tienda_ms_pedidos.model.Categoria]: [Ljava.lang.Object;@404bf19b
2024-12-15T14:28:01.000-03:00 DEBUG 43375 --- [tienda-ms-pedidos] [           main] org.hibernate.engine.spi.ActionQueue     : Executing identity-insert immediately
2024-12-15T14:28:01.000-03:00 DEBUG 43375 --- [tienda-ms-pedidos] [           main] org.hibernate.SQL                        : 
    /* insert for
        com.example.tienda_ms_pedidos.model.Categoria */insert 
    into
        categoria (descripcion, nombre, id_categoria) 
    values
        (?, ?, default)
Hibernate: 
    /* insert for
        com.example.tienda_ms_pedidos.model.Categoria */insert 
    into
        categoria (descripcion, nombre, id_categoria) 
    values
        (?, ?, default)
2024-12-15T14:28:01.001-03:00 DEBUG 43375 --- [tienda-ms-pedidos] [           main] org.hibernate.orm.results                : Initializer list is empty
2024-12-15T14:28:01.001-03:00 DEBUG 43375 --- [tienda-ms-pedidos] [           main] o.h.id.IdentifierGeneratorHelper         : Extracted generated values [com.example.tienda_ms_pedidos.model.Categoria]: [Ljava.lang.Object;@3a91318b
2024-12-15T14:28:01.001-03:00 DEBUG 43375 --- [tienda-ms-pedidos] [           main] org.hibernate.engine.spi.ActionQueue     : Executing identity-insert immediately
2024-12-15T14:28:01.002-03:00 DEBUG 43375 --- [tienda-ms-pedidos] [           main] org.hibernate.SQL                        : 
    /* insert for
        com.example.tienda_ms_pedidos.model.Producto */insert 
    into
        producto (descripcion, imagen, nombre, precio, stock, id_producto) 
    values
        (?, ?, ?, ?, ?, default)
Hibernate: 
    /* insert for
        com.example.tienda_ms_pedidos.model.Producto */insert 
    into
        producto (descripcion, imagen, nombre, precio, stock, id_producto) 
    values
        (?, ?, ?, ?, ?, default)
2024-12-15T14:28:01.003-03:00 DEBUG 43375 --- [tienda-ms-pedidos] [           main] org.hibernate.orm.results                : Initializer list is empty
2024-12-15T14:28:01.003-03:00 DEBUG 43375 --- [tienda-ms-pedidos] [           main] o.h.id.IdentifierGeneratorHelper         : Extracted generated values [com.example.tienda_ms_pedidos.model.Producto]: [Ljava.lang.Object;@6b703ad6
2024-12-15T14:28:01.003-03:00 DEBUG 43375 --- [tienda-ms-pedidos] [           main] org.hibernate.engine.spi.ActionQueue     : Executing identity-insert immediately
2024-12-15T14:28:01.003-03:00 DEBUG 43375 --- [tienda-ms-pedidos] [           main] org.hibernate.SQL                        : 
    /* insert for
        com.example.tienda_ms_pedidos.model.Producto */insert 
    into
        producto (descripcion, imagen, nombre, precio, stock, id_producto) 
    values
        (?, ?, ?, ?, ?, default)
Hibernate: 
    /* insert for
        com.example.tienda_ms_pedidos.model.Producto */insert 
    into
        producto (descripcion, imagen, nombre, precio, stock, id_producto) 
    values
        (?, ?, ?, ?, ?, default)
2024-12-15T14:28:01.003-03:00 DEBUG 43375 --- [tienda-ms-pedidos] [           main] org.hibernate.orm.results                : Initializer list is empty
2024-12-15T14:28:01.003-03:00 DEBUG 43375 --- [tienda-ms-pedidos] [           main] o.h.id.IdentifierGeneratorHelper         : Extracted generated values [com.example.tienda_ms_pedidos.model.Producto]: [Ljava.lang.Object;@6cf59756
2024-12-15T14:28:01.003-03:00 DEBUG 43375 --- [tienda-ms-pedidos] [           main] org.hibernate.engine.spi.ActionQueue     : Executing identity-insert immediately
2024-12-15T14:28:01.003-03:00 DEBUG 43375 --- [tienda-ms-pedidos] [           main] org.hibernate.SQL                        : 
    /* insert for
        com.example.tienda_ms_pedidos.model.Producto */insert 
    into
        producto (descripcion, imagen, nombre, precio, stock, id_producto) 
    values
        (?, ?, ?, ?, ?, default)
Hibernate: 
    /* insert for
        com.example.tienda_ms_pedidos.model.Producto */insert 
    into
        producto (descripcion, imagen, nombre, precio, stock, id_producto) 
    values
        (?, ?, ?, ?, ?, default)
2024-12-15T14:28:01.004-03:00 DEBUG 43375 --- [tienda-ms-pedidos] [           main] org.hibernate.orm.results                : Initializer list is empty
2024-12-15T14:28:01.004-03:00 DEBUG 43375 --- [tienda-ms-pedidos] [           main] o.h.id.IdentifierGeneratorHelper         : Extracted generated values [com.example.tienda_ms_pedidos.model.Producto]: [Ljava.lang.Object;@59a9fe18
2024-12-15T14:28:01.004-03:00 DEBUG 43375 --- [tienda-ms-pedidos] [           main] o.h.e.i.AbstractFlushingEventListener    : Processing flush-time cascades
2024-12-15T14:28:01.004-03:00 DEBUG 43375 --- [tienda-ms-pedidos] [           main] o.h.e.i.AbstractFlushingEventListener    : Dirty checking collections
2024-12-15T14:28:01.005-03:00 DEBUG 43375 --- [tienda-ms-pedidos] [           main] o.hibernate.engine.internal.Collections  : Collection found: [com.example.tienda_ms_pedidos.model.Categoria.productos#2], was: [<unreferenced>] (initialized)
2024-12-15T14:28:01.005-03:00 DEBUG 43375 --- [tienda-ms-pedidos] [           main] o.hibernate.engine.internal.Collections  : Collection found: [com.example.tienda_ms_pedidos.model.Categoria.productos#3], was: [<unreferenced>] (initialized)
2024-12-15T14:28:01.005-03:00 DEBUG 43375 --- [tienda-ms-pedidos] [           main] o.hibernate.engine.internal.Collections  : Collection found: [com.example.tienda_ms_pedidos.model.Producto.categorias#2], was: [<unreferenced>] (initialized)
2024-12-15T14:28:01.005-03:00 DEBUG 43375 --- [tienda-ms-pedidos] [           main] o.hibernate.engine.internal.Collections  : Collection found: [com.example.tienda_ms_pedidos.model.Producto.categorias#3], was: [<unreferenced>] (initialized)
2024-12-15T14:28:01.006-03:00 DEBUG 43375 --- [tienda-ms-pedidos] [           main] o.hibernate.engine.internal.Collections  : Collection found: [com.example.tienda_ms_pedidos.model.Producto.categorias#4], was: [<unreferenced>] (initialized)
2024-12-15T14:28:01.006-03:00 DEBUG 43375 --- [tienda-ms-pedidos] [           main] o.h.e.i.AbstractFlushingEventListener    : Flushed: 0 insertions, 0 updates, 0 deletions to 5 objects
2024-12-15T14:28:01.006-03:00 DEBUG 43375 --- [tienda-ms-pedidos] [           main] o.h.e.i.AbstractFlushingEventListener    : Flushed: 5 (re)creations, 0 updates, 0 removals to 5 collections
2024-12-15T14:28:01.006-03:00 DEBUG 43375 --- [tienda-ms-pedidos] [           main] o.hibernate.internal.util.EntityPrinter  : Listing entities:
2024-12-15T14:28:01.006-03:00 DEBUG 43375 --- [tienda-ms-pedidos] [           main] o.hibernate.internal.util.EntityPrinter  : com.example.tienda_ms_pedidos.model.Categoria{descripcion=Productos electrónicos y tecnología, id=2, nombre=Electrónicos, productos=[]}
2024-12-15T14:28:01.006-03:00 DEBUG 43375 --- [tienda-ms-pedidos] [           main] o.hibernate.internal.util.EntityPrinter  : com.example.tienda_ms_pedidos.model.Categoria{descripcion=Productos de vestir y accesorios, id=3, nombre=Ropa, productos=[]}
2024-12-15T14:28:01.006-03:00 DEBUG 43375 --- [tienda-ms-pedidos] [           main] o.hibernate.internal.util.EntityPrinter  : com.example.tienda_ms_pedidos.model.Producto{descripcion=Camisa de algodón, precio=100.0, categorias=[com.example.tienda_ms_pedidos.model.Categoria#3], imagen=imagen.jpg, id=4, stock=10.0, nombre=Camisa}
2024-12-15T14:28:01.006-03:00 DEBUG 43375 --- [tienda-ms-pedidos] [           main] o.hibernate.internal.util.EntityPrinter  : com.example.tienda_ms_pedidos.model.Producto{descripcion=Smartphone Apple, precio=100.0, categorias=[com.example.tienda_ms_pedidos.model.Categoria#2], imagen=imagen.jpg, id=2, stock=10.0, nombre=iPhone}
2024-12-15T14:28:01.007-03:00 DEBUG 43375 --- [tienda-ms-pedidos] [           main] o.hibernate.internal.util.EntityPrinter  : com.example.tienda_ms_pedidos.model.Producto{descripcion=Smartphone Samsung, precio=100.0, categorias=[com.example.tienda_ms_pedidos.model.Categoria#2], imagen=imagen.jpg, id=3, stock=10.0, nombre=Samsung}
2024-12-15T14:28:01.008-03:00 DEBUG 43375 --- [tienda-ms-pedidos] [           main] org.hibernate.orm.jdbc.mutation          : Inserting collection rows - com.example.tienda_ms_pedidos.model.Producto.categorias : 2
2024-12-15T14:28:01.009-03:00 DEBUG 43375 --- [tienda-ms-pedidos] [           main] org.hibernate.SQL                        : 
    /* insert for
        com.example.tienda_ms_pedidos.model.Producto.categorias */insert 
    into
        producto_categoria (id_producto, id_categoria) 
    values
        (?, ?)
Hibernate: 
    /* insert for
        com.example.tienda_ms_pedidos.model.Producto.categorias */insert 
    into
        producto_categoria (id_producto, id_categoria) 
    values
        (?, ?)
2024-12-15T14:28:01.009-03:00 DEBUG 43375 --- [tienda-ms-pedidos] [           main] org.hibernate.orm.jdbc.mutation          : Done inserting `1` collection rows : com.example.tienda_ms_pedidos.model.Producto.categorias
2024-12-15T14:28:01.009-03:00 DEBUG 43375 --- [tienda-ms-pedidos] [           main] org.hibernate.orm.jdbc.mutation          : Inserting collection rows - com.example.tienda_ms_pedidos.model.Producto.categorias : 3
2024-12-15T14:28:01.010-03:00 DEBUG 43375 --- [tienda-ms-pedidos] [           main] org.hibernate.SQL                        : 
    /* insert for
        com.example.tienda_ms_pedidos.model.Producto.categorias */insert 
    into
        producto_categoria (id_producto, id_categoria) 
    values
        (?, ?)
Hibernate: 
    /* insert for
        com.example.tienda_ms_pedidos.model.Producto.categorias */insert 
    into
        producto_categoria (id_producto, id_categoria) 
    values
        (?, ?)
2024-12-15T14:28:01.010-03:00 DEBUG 43375 --- [tienda-ms-pedidos] [           main] org.hibernate.orm.jdbc.mutation          : Done inserting `1` collection rows : com.example.tienda_ms_pedidos.model.Producto.categorias
2024-12-15T14:28:01.010-03:00 DEBUG 43375 --- [tienda-ms-pedidos] [           main] org.hibernate.orm.jdbc.mutation          : Inserting collection rows - com.example.tienda_ms_pedidos.model.Producto.categorias : 4
2024-12-15T14:28:01.010-03:00 DEBUG 43375 --- [tienda-ms-pedidos] [           main] org.hibernate.SQL                        : 
    /* insert for
        com.example.tienda_ms_pedidos.model.Producto.categorias */insert 
    into
        producto_categoria (id_producto, id_categoria) 
    values
        (?, ?)
Hibernate: 
    /* insert for
        com.example.tienda_ms_pedidos.model.Producto.categorias */insert 
    into
        producto_categoria (id_producto, id_categoria) 
    values
        (?, ?)
2024-12-15T14:28:01.011-03:00 DEBUG 43375 --- [tienda-ms-pedidos] [           main] org.hibernate.orm.jdbc.mutation          : Done inserting `1` collection rows : com.example.tienda_ms_pedidos.model.Producto.categorias
2024-12-15T14:28:01.012-03:00 DEBUG 43375 --- [tienda-ms-pedidos] [           main] o.h.e.i.AbstractFlushingEventListener    : Processing flush-time cascades
2024-12-15T14:28:01.012-03:00 DEBUG 43375 --- [tienda-ms-pedidos] [           main] o.h.e.i.AbstractFlushingEventListener    : Dirty checking collections
2024-12-15T14:28:01.013-03:00 DEBUG 43375 --- [tienda-ms-pedidos] [           main] org.hibernate.orm.sql.ast.create         : Created new SQL alias : p1_0
2024-12-15T14:28:01.013-03:00 DEBUG 43375 --- [tienda-ms-pedidos] [           main] org.hibernate.orm.sql.ast.create         : Registration of TableGroup [StandardTableGroup(com.example.tienda_ms_pedidos.model.Producto(p))] with identifierForTableGroup [com.example.tienda_ms_pedidos.model.Producto] for NavigablePath [com.example.tienda_ms_pedidos.model.Producto] 
2024-12-15T14:28:01.013-03:00 DEBUG 43375 --- [tienda-ms-pedidos] [           main] org.hibernate.orm.sql.ast.create         : Created new SQL alias : c1_0
2024-12-15T14:28:01.013-03:00 DEBUG 43375 --- [tienda-ms-pedidos] [           main] org.hibernate.orm.sql.ast.create         : Registration of TableGroup [CollectionTableGroup(com.example.tienda_ms_pedidos.model.Producto(p).categorias(c))] with identifierForTableGroup [com.example.tienda_ms_pedidos.model.Producto(p).categorias] for NavigablePath [com.example.tienda_ms_pedidos.model.Producto(p).categorias] 
2024-12-15T14:28:01.013-03:00 DEBUG 43375 --- [tienda-ms-pedidos] [           main] org.hibernate.orm.sql.ast.create         : Registration of TableGroup [org.hibernate.sql.ast.tree.from.LazyTableGroup@7bc37039] with identifierForTableGroup [com.example.tienda_ms_pedidos.model.Producto(p).categorias(c).{element}] for NavigablePath [com.example.tienda_ms_pedidos.model.Producto(p).categorias(c).{element}] 
2024-12-15T14:28:01.017-03:00 DEBUG 43375 --- [tienda-ms-pedidos] [           main] o.h.q.sqm.sql.BaseSqmToSqlAstConverter   : Determining mapping-model type for SqmParameter : SqmNamedParameter(filtro)
2024-12-15T14:28:01.018-03:00 DEBUG 43375 --- [tienda-ms-pedidos] [           main] org.hibernate.orm.sql.ast.create         : Created new SQL alias : c1_1
2024-12-15T14:28:01.018-03:00 DEBUG 43375 --- [tienda-ms-pedidos] [           main] o.h.q.sqm.sql.BaseSqmToSqlAstConverter   : Determining mapping-model type for SqmParameter : SqmNamedParameter(filtro)
2024-12-15T14:28:01.018-03:00 DEBUG 43375 --- [tienda-ms-pedidos] [           main] org.hibernate.orm.results.graph.AST      : DomainResult Graph:
 \-EntityResultImpl [com.example.tienda_ms_pedidos.model.Producto(p)]
 |  +-SelectEagerCollectionFetch [com.example.tienda_ms_pedidos.model.Producto(p).categorias]
 |  +-BasicFetch [com.example.tienda_ms_pedidos.model.Producto(p).descripcion]
 |  +-BasicFetch [com.example.tienda_ms_pedidos.model.Producto(p).imagen]
 |  +-BasicFetch [com.example.tienda_ms_pedidos.model.Producto(p).nombre]
 |  +-BasicFetch [com.example.tienda_ms_pedidos.model.Producto(p).precio]
 |  \-BasicFetch [com.example.tienda_ms_pedidos.model.Producto(p).stock]

2024-12-15T14:28:01.018-03:00 DEBUG 43375 --- [tienda-ms-pedidos] [           main] org.hibernate.orm.sql.ast.tree           : SQL AST Tree:
    SelectStatement {
      FromClause {
        StandardTableGroup (p1 : com.example.tienda_ms_pedidos.model.Producto(p)) {
          primaryTableReference : producto as p1_0
          TableGroupJoins {
             join CollectionTableGroup (c1 : com.example.tienda_ms_pedidos.model.Producto(p).categorias(c)) {
              primaryTableReference : producto_categoria as c1_0
              TableGroupJoins {
                 join LazyTableGroup (c1 : com.example.tienda_ms_pedidos.model.Producto(p).categorias(c).{element}) {
                  primaryTableReference : categoria as c1_1
                }
              }
            }
          }
        }
      }
    }

2024-12-15T14:28:01.019-03:00 DEBUG 43375 --- [tienda-ms-pedidos] [           main] o.hibernate.engine.internal.Collections  : Collection found: [com.example.tienda_ms_pedidos.model.Categoria.productos#2], was: [com.example.tienda_ms_pedidos.model.Categoria.productos#2] (initialized)
2024-12-15T14:28:01.019-03:00 DEBUG 43375 --- [tienda-ms-pedidos] [           main] o.hibernate.engine.internal.Collections  : Collection found: [com.example.tienda_ms_pedidos.model.Categoria.productos#3], was: [com.example.tienda_ms_pedidos.model.Categoria.productos#3] (initialized)
2024-12-15T14:28:01.019-03:00 DEBUG 43375 --- [tienda-ms-pedidos] [           main] o.hibernate.engine.internal.Collections  : Collection found: [com.example.tienda_ms_pedidos.model.Producto.categorias#2], was: [com.example.tienda_ms_pedidos.model.Producto.categorias#2] (initialized)
2024-12-15T14:28:01.019-03:00 DEBUG 43375 --- [tienda-ms-pedidos] [           main] o.hibernate.engine.internal.Collections  : Collection found: [com.example.tienda_ms_pedidos.model.Producto.categorias#3], was: [com.example.tienda_ms_pedidos.model.Producto.categorias#3] (initialized)
2024-12-15T14:28:01.019-03:00 DEBUG 43375 --- [tienda-ms-pedidos] [           main] o.hibernate.engine.internal.Collections  : Collection found: [com.example.tienda_ms_pedidos.model.Producto.categorias#4], was: [com.example.tienda_ms_pedidos.model.Producto.categorias#4] (initialized)
2024-12-15T14:28:01.019-03:00 DEBUG 43375 --- [tienda-ms-pedidos] [           main] o.h.e.i.AbstractFlushingEventListener    : Flushed: 0 insertions, 0 updates, 0 deletions to 5 objects
2024-12-15T14:28:01.019-03:00 DEBUG 43375 --- [tienda-ms-pedidos] [           main] o.h.e.i.AbstractFlushingEventListener    : Flushed: 0 (re)creations, 0 updates, 0 removals to 5 collections
2024-12-15T14:28:01.019-03:00 DEBUG 43375 --- [tienda-ms-pedidos] [           main] o.hibernate.internal.util.EntityPrinter  : Listing entities:
2024-12-15T14:28:01.019-03:00 DEBUG 43375 --- [tienda-ms-pedidos] [           main] o.hibernate.internal.util.EntityPrinter  : com.example.tienda_ms_pedidos.model.Categoria{descripcion=Productos electrónicos y tecnología, id=2, nombre=Electrónicos, productos=[]}
2024-12-15T14:28:01.019-03:00 DEBUG 43375 --- [tienda-ms-pedidos] [           main] o.hibernate.internal.util.EntityPrinter  : com.example.tienda_ms_pedidos.model.Categoria{descripcion=Productos de vestir y accesorios, id=3, nombre=Ropa, productos=[]}
2024-12-15T14:28:01.019-03:00 DEBUG 43375 --- [tienda-ms-pedidos] [           main] o.hibernate.internal.util.EntityPrinter  : com.example.tienda_ms_pedidos.model.Producto{descripcion=Camisa de algodón, precio=100.0, categorias=[com.example.tienda_ms_pedidos.model.Categoria#3], imagen=imagen.jpg, id=4, stock=10.0, nombre=Camisa}
2024-12-15T14:28:01.019-03:00 DEBUG 43375 --- [tienda-ms-pedidos] [           main] o.hibernate.internal.util.EntityPrinter  : com.example.tienda_ms_pedidos.model.Producto{descripcion=Smartphone Apple, precio=100.0, categorias=[com.example.tienda_ms_pedidos.model.Categoria#2], imagen=imagen.jpg, id=2, stock=10.0, nombre=iPhone}
2024-12-15T14:28:01.019-03:00 DEBUG 43375 --- [tienda-ms-pedidos] [           main] o.hibernate.internal.util.EntityPrinter  : com.example.tienda_ms_pedidos.model.Producto{descripcion=Smartphone Samsung, precio=100.0, categorias=[com.example.tienda_ms_pedidos.model.Categoria#2], imagen=imagen.jpg, id=3, stock=10.0, nombre=Samsung}
2024-12-15T14:28:01.019-03:00 DEBUG 43375 --- [tienda-ms-pedidos] [           main] org.hibernate.orm.sql.exec               : Skipping reading Query result cache data: cache-enabled = false, cache-mode = NORMAL
2024-12-15T14:28:01.019-03:00 DEBUG 43375 --- [tienda-ms-pedidos] [           main] org.hibernate.SQL                        : 
    /* SELECT
        DISTINCT p 
    FROM
        Producto p 
    JOIN
        p.categorias c 
    WHERE
        LOWER(p.nombre) LIKE LOWER(CONCAT('%', :filtro, '%'))    
        OR LOWER(c.nombre) LIKE LOWER(CONCAT('%', :filtro, '%')) */ select
            distinct p1_0.id_producto,
            p1_0.descripcion,
            p1_0.imagen,
            p1_0.nombre,
            p1_0.precio,
            p1_0.stock 
        from
            producto p1_0 
        join
            producto_categoria c1_0 
                on p1_0.id_producto=c1_0.id_producto 
        join
            categoria c1_1 
                on c1_1.id_categoria=c1_0.id_categoria 
        where
            lower(p1_0.nombre) like lower(('%'||?||'%')) 
            or lower(c1_1.nombre) like lower(('%'||?||'%'))
Hibernate: 
    /* SELECT
        DISTINCT p 
    FROM
        Producto p 
    JOIN
        p.categorias c 
    WHERE
        LOWER(p.nombre) LIKE LOWER(CONCAT('%', :filtro, '%'))    
        OR LOWER(c.nombre) LIKE LOWER(CONCAT('%', :filtro, '%')) */ select
            distinct p1_0.id_producto,
            p1_0.descripcion,
            p1_0.imagen,
            p1_0.nombre,
            p1_0.precio,
            p1_0.stock 
        from
            producto p1_0 
        join
            producto_categoria c1_0 
                on p1_0.id_producto=c1_0.id_producto 
        join
            categoria c1_1 
                on c1_1.id_categoria=c1_0.id_categoria 
        where
            lower(p1_0.nombre) like lower(('%'||?||'%')) 
            or lower(c1_1.nombre) like lower(('%'||?||'%'))
2024-12-15T14:28:01.024-03:00 DEBUG 43375 --- [tienda-ms-pedidos] [           main] org.hibernate.orm.results                : Initializer list:
	  com.example.tienda_ms_pedidos.model.Producto(p) -> EntityJoinedFetchInitializer(com.example.tienda_ms_pedidos.model.Producto(p))@171149908 (SingleTableEntityPersister(com.example.tienda_ms_pedidos.model.Producto))
	  com.example.tienda_ms_pedidos.model.Producto(p).categorias -> SelectEagerCollectionInitializer(com.example.tienda_ms_pedidos.model.Producto(p).categorias)@254655264 (PluralAttribute(com.example.tienda_ms_pedidos.model.Producto.categorias))

2024-12-15T14:28:01.025-03:00 DEBUG 43375 --- [tienda-ms-pedidos] [           main] org.springframework.test.context.cache   : Spring test ApplicationContext cache statistics: [DefaultContextCache@30d9004d size = 1, maxSize = 32, parentContextCount = 0, hitCount = 125, missCount = 1, failureCount = 0]
2024-12-15T14:28:01.025-03:00 DEBUG 43375 --- [tienda-ms-pedidos] [           main] org.springframework.test.context.cache   : Spring test ApplicationContext cache statistics: [DefaultContextCache@30d9004d size = 1, maxSize = 32, parentContextCount = 0, hitCount = 126, missCount = 1, failureCount = 0]
2024-12-15T14:28:01.026-03:00 DEBUG 43375 --- [tienda-ms-pedidos] [           main] org.springframework.test.context.cache   : Spring test ApplicationContext cache statistics: [DefaultContextCache@30d9004d size = 1, maxSize = 32, parentContextCount = 0, hitCount = 127, missCount = 1, failureCount = 0]
2024-12-15T14:28:01.026-03:00 DEBUG 43375 --- [tienda-ms-pedidos] [           main] org.springframework.test.context.cache   : Spring test ApplicationContext cache statistics: [DefaultContextCache@30d9004d size = 1, maxSize = 32, parentContextCount = 0, hitCount = 128, missCount = 1, failureCount = 0]
2024-12-15T14:28:01.026-03:00 DEBUG 43375 --- [tienda-ms-pedidos] [           main] org.springframework.test.context.cache   : Spring test ApplicationContext cache statistics: [DefaultContextCache@30d9004d size = 1, maxSize = 32, parentContextCount = 0, hitCount = 129, missCount = 1, failureCount = 0]
2024-12-15T14:28:01.026-03:00 DEBUG 43375 --- [tienda-ms-pedidos] [           main] org.springframework.test.context.cache   : Spring test ApplicationContext cache statistics: [DefaultContextCache@30d9004d size = 1, maxSize = 32, parentContextCount = 0, hitCount = 130, missCount = 1, failureCount = 0]
2024-12-15T14:28:01.026-03:00 DEBUG 43375 --- [tienda-ms-pedidos] [           main] org.springframework.test.context.cache   : Spring test ApplicationContext cache statistics: [DefaultContextCache@30d9004d size = 1, maxSize = 32, parentContextCount = 0, hitCount = 131, missCount = 1, failureCount = 0]
2024-12-15T14:28:01.026-03:00 DEBUG 43375 --- [tienda-ms-pedidos] [           main] o.s.orm.jpa.JpaTransactionManager        : Initiating transaction rollback
2024-12-15T14:28:01.026-03:00 DEBUG 43375 --- [tienda-ms-pedidos] [           main] o.s.orm.jpa.JpaTransactionManager        : Rolling back JPA transaction on EntityManager [SessionImpl(1064528727<open>)]
2024-12-15T14:28:01.026-03:00 DEBUG 43375 --- [tienda-ms-pedidos] [           main] o.h.e.t.internal.TransactionImpl         : rolling back
2024-12-15T14:28:01.027-03:00 DEBUG 43375 --- [tienda-ms-pedidos] [           main] o.s.orm.jpa.JpaTransactionManager        : Closing JPA EntityManager [SessionImpl(1064528727<open>)] after transaction
2024-12-15T14:28:01.027-03:00 DEBUG 43375 --- [tienda-ms-pedidos] [           main] o.s.t.c.transaction.TransactionContext   : Rolled back transaction (1) for test class [com.example.tienda_ms_pedidos.repository.ProductoRepositoryTest]; test method [buscarPorNombreOCategoria_PorCategoria]
2024-12-15T14:28:01.027-03:00 DEBUG 43375 --- [tienda-ms-pedidos] [           main] .c.s.DirtiesContextTestExecutionListener : After test method: class [ProductoRepositoryTest], method [buscarPorNombreOCategoria_PorCategoria], class annotated with @DirtiesContext [false] with mode [null], method annotated with @DirtiesContext [false] with mode [null]
]]></system-out>
  </testcase>
  <testcase name="buscarPorNombreOCategoria_SinResultados" classname="com.example.tienda_ms_pedidos.repository.ProductoRepositoryTest" time="0.014">
    <system-out><![CDATA[2024-12-15T14:28:01.028-03:00 DEBUG 43375 --- [tienda-ms-pedidos] [           main] DependencyInjectionTestExecutionListener : Performing dependency injection for test class com.example.tienda_ms_pedidos.repository.ProductoRepositoryTest
2024-12-15T14:28:01.028-03:00 DEBUG 43375 --- [tienda-ms-pedidos] [           main] org.springframework.test.context.cache   : Spring test ApplicationContext cache statistics: [DefaultContextCache@30d9004d size = 1, maxSize = 32, parentContextCount = 0, hitCount = 132, missCount = 1, failureCount = 0]
2024-12-15T14:28:01.028-03:00 DEBUG 43375 --- [tienda-ms-pedidos] [           main] org.springframework.test.context.cache   : Spring test ApplicationContext cache statistics: [DefaultContextCache@30d9004d size = 1, maxSize = 32, parentContextCount = 0, hitCount = 133, missCount = 1, failureCount = 0]
2024-12-15T14:28:01.029-03:00 DEBUG 43375 --- [tienda-ms-pedidos] [           main] sContextBeforeModesTestExecutionListener : Before test method: class [ProductoRepositoryTest], method [buscarPorNombreOCategoria_SinResultados], class annotated with @DirtiesContext [false] with mode [null], method annotated with @DirtiesContext [false] with mode [null]
2024-12-15T14:28:01.029-03:00 DEBUG 43375 --- [tienda-ms-pedidos] [           main] t.c.t.TransactionalTestExecutionListener : Explicit transaction definition [PROPAGATION_REQUIRED,ISOLATION_DEFAULT] found for test class [com.example.tienda_ms_pedidos.repository.ProductoRepositoryTest] and test method [buscarPorNombreOCategoria_SinResultados]
2024-12-15T14:28:01.029-03:00 DEBUG 43375 --- [tienda-ms-pedidos] [           main] org.springframework.test.context.cache   : Spring test ApplicationContext cache statistics: [DefaultContextCache@30d9004d size = 1, maxSize = 32, parentContextCount = 0, hitCount = 134, missCount = 1, failureCount = 0]
2024-12-15T14:28:01.029-03:00 DEBUG 43375 --- [tienda-ms-pedidos] [           main] t.c.t.TransactionalTestExecutionListener : No method-level @Rollback override: using default rollback [true] for test method [void com.example.tienda_ms_pedidos.repository.ProductoRepositoryTest.buscarPorNombreOCategoria_SinResultados()]
2024-12-15T14:28:01.029-03:00 DEBUG 43375 --- [tienda-ms-pedidos] [           main] o.s.orm.jpa.JpaTransactionManager        : Creating new transaction with name [com.example.tienda_ms_pedidos.repository.ProductoRepositoryTest.buscarPorNombreOCategoria_SinResultados]: PROPAGATION_REQUIRED,ISOLATION_DEFAULT
2024-12-15T14:28:01.029-03:00 DEBUG 43375 --- [tienda-ms-pedidos] [           main] o.s.orm.jpa.JpaTransactionManager        : Opened new EntityManager [SessionImpl(1965229017<open>)] for JPA transaction
2024-12-15T14:28:01.029-03:00 DEBUG 43375 --- [tienda-ms-pedidos] [           main] o.h.e.t.internal.TransactionImpl         : On TransactionImpl creation, JpaCompliance#isJpaTransactionComplianceEnabled == false
2024-12-15T14:28:01.029-03:00 DEBUG 43375 --- [tienda-ms-pedidos] [           main] o.h.e.t.internal.TransactionImpl         : begin
2024-12-15T14:28:01.029-03:00 DEBUG 43375 --- [tienda-ms-pedidos] [           main] o.s.orm.jpa.JpaTransactionManager        : Exposing JPA transaction as JDBC [org.springframework.orm.jpa.vendor.HibernateJpaDialect$HibernateConnectionHandle@7ce9c69f]
2024-12-15T14:28:01.029-03:00 DEBUG 43375 --- [tienda-ms-pedidos] [           main] o.s.t.c.transaction.TransactionContext   : Began transaction (1) for test class [com.example.tienda_ms_pedidos.repository.ProductoRepositoryTest]; test method [buscarPorNombreOCategoria_SinResultados]; transaction manager [org.springframework.orm.jpa.JpaTransactionManager@5be0e16f]; rollback [true]
2024-12-15T14:28:01.030-03:00 DEBUG 43375 --- [tienda-ms-pedidos] [           main] org.springframework.test.context.cache   : Spring test ApplicationContext cache statistics: [DefaultContextCache@30d9004d size = 1, maxSize = 32, parentContextCount = 0, hitCount = 135, missCount = 1, failureCount = 0]
2024-12-15T14:28:01.030-03:00 DEBUG 43375 --- [tienda-ms-pedidos] [           main] org.springframework.test.context.cache   : Spring test ApplicationContext cache statistics: [DefaultContextCache@30d9004d size = 1, maxSize = 32, parentContextCount = 0, hitCount = 136, missCount = 1, failureCount = 0]
2024-12-15T14:28:01.030-03:00 DEBUG 43375 --- [tienda-ms-pedidos] [           main] org.springframework.test.context.cache   : Spring test ApplicationContext cache statistics: [DefaultContextCache@30d9004d size = 1, maxSize = 32, parentContextCount = 0, hitCount = 137, missCount = 1, failureCount = 0]
2024-12-15T14:28:01.030-03:00 DEBUG 43375 --- [tienda-ms-pedidos] [           main] org.springframework.test.context.cache   : Spring test ApplicationContext cache statistics: [DefaultContextCache@30d9004d size = 1, maxSize = 32, parentContextCount = 0, hitCount = 138, missCount = 1, failureCount = 0]
2024-12-15T14:28:01.031-03:00 DEBUG 43375 --- [tienda-ms-pedidos] [           main] org.hibernate.engine.spi.ActionQueue     : Executing identity-insert immediately
2024-12-15T14:28:01.031-03:00 DEBUG 43375 --- [tienda-ms-pedidos] [           main] org.hibernate.SQL                        : 
    /* insert for
        com.example.tienda_ms_pedidos.model.Categoria */insert 
    into
        categoria (descripcion, nombre, id_categoria) 
    values
        (?, ?, default)
Hibernate: 
    /* insert for
        com.example.tienda_ms_pedidos.model.Categoria */insert 
    into
        categoria (descripcion, nombre, id_categoria) 
    values
        (?, ?, default)
2024-12-15T14:28:01.031-03:00 DEBUG 43375 --- [tienda-ms-pedidos] [           main] org.hibernate.orm.results                : Initializer list is empty
2024-12-15T14:28:01.032-03:00 DEBUG 43375 --- [tienda-ms-pedidos] [           main] o.h.id.IdentifierGeneratorHelper         : Extracted generated values [com.example.tienda_ms_pedidos.model.Categoria]: [Ljava.lang.Object;@66a388d4
2024-12-15T14:28:01.032-03:00 DEBUG 43375 --- [tienda-ms-pedidos] [           main] org.hibernate.engine.spi.ActionQueue     : Executing identity-insert immediately
2024-12-15T14:28:01.032-03:00 DEBUG 43375 --- [tienda-ms-pedidos] [           main] org.hibernate.SQL                        : 
    /* insert for
        com.example.tienda_ms_pedidos.model.Producto */insert 
    into
        producto (descripcion, imagen, nombre, precio, stock, id_producto) 
    values
        (?, ?, ?, ?, ?, default)
Hibernate: 
    /* insert for
        com.example.tienda_ms_pedidos.model.Producto */insert 
    into
        producto (descripcion, imagen, nombre, precio, stock, id_producto) 
    values
        (?, ?, ?, ?, ?, default)
2024-12-15T14:28:01.032-03:00 DEBUG 43375 --- [tienda-ms-pedidos] [           main] org.hibernate.orm.results                : Initializer list is empty
2024-12-15T14:28:01.033-03:00 DEBUG 43375 --- [tienda-ms-pedidos] [           main] o.h.id.IdentifierGeneratorHelper         : Extracted generated values [com.example.tienda_ms_pedidos.model.Producto]: [Ljava.lang.Object;@4f68beae
2024-12-15T14:28:01.033-03:00 DEBUG 43375 --- [tienda-ms-pedidos] [           main] o.h.e.i.AbstractFlushingEventListener    : Processing flush-time cascades
2024-12-15T14:28:01.033-03:00 DEBUG 43375 --- [tienda-ms-pedidos] [           main] o.h.e.i.AbstractFlushingEventListener    : Dirty checking collections
2024-12-15T14:28:01.033-03:00 DEBUG 43375 --- [tienda-ms-pedidos] [           main] o.hibernate.engine.internal.Collections  : Collection found: [com.example.tienda_ms_pedidos.model.Categoria.productos#4], was: [<unreferenced>] (initialized)
2024-12-15T14:28:01.033-03:00 DEBUG 43375 --- [tienda-ms-pedidos] [           main] o.hibernate.engine.internal.Collections  : Collection found: [com.example.tienda_ms_pedidos.model.Producto.categorias#5], was: [<unreferenced>] (initialized)
2024-12-15T14:28:01.033-03:00 DEBUG 43375 --- [tienda-ms-pedidos] [           main] o.h.e.i.AbstractFlushingEventListener    : Flushed: 0 insertions, 0 updates, 0 deletions to 2 objects
2024-12-15T14:28:01.033-03:00 DEBUG 43375 --- [tienda-ms-pedidos] [           main] o.h.e.i.AbstractFlushingEventListener    : Flushed: 2 (re)creations, 0 updates, 0 removals to 2 collections
2024-12-15T14:28:01.033-03:00 DEBUG 43375 --- [tienda-ms-pedidos] [           main] o.hibernate.internal.util.EntityPrinter  : Listing entities:
2024-12-15T14:28:01.033-03:00 DEBUG 43375 --- [tienda-ms-pedidos] [           main] o.hibernate.internal.util.EntityPrinter  : com.example.tienda_ms_pedidos.model.Categoria{descripcion=Productos electrónicos y tecnología, id=4, nombre=Electrónicos, productos=[]}
2024-12-15T14:28:01.033-03:00 DEBUG 43375 --- [tienda-ms-pedidos] [           main] o.hibernate.internal.util.EntityPrinter  : com.example.tienda_ms_pedidos.model.Producto{descripcion=Smartphone Apple, precio=100.0, categorias=[com.example.tienda_ms_pedidos.model.Categoria#4], imagen=imagen.jpg, id=5, stock=10.0, nombre=iPhone}
2024-12-15T14:28:01.033-03:00 DEBUG 43375 --- [tienda-ms-pedidos] [           main] org.hibernate.orm.jdbc.mutation          : Inserting collection rows - com.example.tienda_ms_pedidos.model.Producto.categorias : 5
2024-12-15T14:28:01.034-03:00 DEBUG 43375 --- [tienda-ms-pedidos] [           main] org.hibernate.SQL                        : 
    /* insert for
        com.example.tienda_ms_pedidos.model.Producto.categorias */insert 
    into
        producto_categoria (id_producto, id_categoria) 
    values
        (?, ?)
Hibernate: 
    /* insert for
        com.example.tienda_ms_pedidos.model.Producto.categorias */insert 
    into
        producto_categoria (id_producto, id_categoria) 
    values
        (?, ?)
2024-12-15T14:28:01.034-03:00 DEBUG 43375 --- [tienda-ms-pedidos] [           main] org.hibernate.orm.jdbc.mutation          : Done inserting `1` collection rows : com.example.tienda_ms_pedidos.model.Producto.categorias
2024-12-15T14:28:01.035-03:00 DEBUG 43375 --- [tienda-ms-pedidos] [           main] o.h.e.i.AbstractFlushingEventListener    : Processing flush-time cascades
2024-12-15T14:28:01.035-03:00 DEBUG 43375 --- [tienda-ms-pedidos] [           main] o.h.e.i.AbstractFlushingEventListener    : Dirty checking collections
2024-12-15T14:28:01.036-03:00 DEBUG 43375 --- [tienda-ms-pedidos] [           main] org.hibernate.orm.sql.ast.create         : Created new SQL alias : p1_0
2024-12-15T14:28:01.036-03:00 DEBUG 43375 --- [tienda-ms-pedidos] [           main] org.hibernate.orm.sql.ast.create         : Registration of TableGroup [StandardTableGroup(com.example.tienda_ms_pedidos.model.Producto(p))] with identifierForTableGroup [com.example.tienda_ms_pedidos.model.Producto] for NavigablePath [com.example.tienda_ms_pedidos.model.Producto] 
2024-12-15T14:28:01.036-03:00 DEBUG 43375 --- [tienda-ms-pedidos] [           main] org.hibernate.orm.sql.ast.create         : Created new SQL alias : c1_0
2024-12-15T14:28:01.036-03:00 DEBUG 43375 --- [tienda-ms-pedidos] [           main] org.hibernate.orm.sql.ast.create         : Registration of TableGroup [CollectionTableGroup(com.example.tienda_ms_pedidos.model.Producto(p).categorias(c))] with identifierForTableGroup [com.example.tienda_ms_pedidos.model.Producto(p).categorias] for NavigablePath [com.example.tienda_ms_pedidos.model.Producto(p).categorias] 
2024-12-15T14:28:01.036-03:00 DEBUG 43375 --- [tienda-ms-pedidos] [           main] org.hibernate.orm.sql.ast.create         : Registration of TableGroup [org.hibernate.sql.ast.tree.from.LazyTableGroup@18208373] with identifierForTableGroup [com.example.tienda_ms_pedidos.model.Producto(p).categorias(c).{element}] for NavigablePath [com.example.tienda_ms_pedidos.model.Producto(p).categorias(c).{element}] 
2024-12-15T14:28:01.037-03:00 DEBUG 43375 --- [tienda-ms-pedidos] [           main] o.h.q.sqm.sql.BaseSqmToSqlAstConverter   : Determining mapping-model type for SqmParameter : SqmNamedParameter(filtro)
2024-12-15T14:28:01.037-03:00 DEBUG 43375 --- [tienda-ms-pedidos] [           main] org.hibernate.orm.sql.ast.create         : Created new SQL alias : c1_1
2024-12-15T14:28:01.037-03:00 DEBUG 43375 --- [tienda-ms-pedidos] [           main] o.h.q.sqm.sql.BaseSqmToSqlAstConverter   : Determining mapping-model type for SqmParameter : SqmNamedParameter(filtro)
2024-12-15T14:28:01.037-03:00 DEBUG 43375 --- [tienda-ms-pedidos] [           main] org.hibernate.orm.results.graph.AST      : DomainResult Graph:
 \-EntityResultImpl [com.example.tienda_ms_pedidos.model.Producto(p)]
 |  +-SelectEagerCollectionFetch [com.example.tienda_ms_pedidos.model.Producto(p).categorias]
 |  +-BasicFetch [com.example.tienda_ms_pedidos.model.Producto(p).descripcion]
 |  +-BasicFetch [com.example.tienda_ms_pedidos.model.Producto(p).imagen]
 |  +-BasicFetch [com.example.tienda_ms_pedidos.model.Producto(p).nombre]
 |  +-BasicFetch [com.example.tienda_ms_pedidos.model.Producto(p).precio]
 |  \-BasicFetch [com.example.tienda_ms_pedidos.model.Producto(p).stock]

2024-12-15T14:28:01.037-03:00 DEBUG 43375 --- [tienda-ms-pedidos] [           main] org.hibernate.orm.sql.ast.tree           : SQL AST Tree:
    SelectStatement {
      FromClause {
        StandardTableGroup (p1 : com.example.tienda_ms_pedidos.model.Producto(p)) {
          primaryTableReference : producto as p1_0
          TableGroupJoins {
             join CollectionTableGroup (c1 : com.example.tienda_ms_pedidos.model.Producto(p).categorias(c)) {
              primaryTableReference : producto_categoria as c1_0
              TableGroupJoins {
                 join LazyTableGroup (c1 : com.example.tienda_ms_pedidos.model.Producto(p).categorias(c).{element}) {
                  primaryTableReference : categoria as c1_1
                }
              }
            }
          }
        }
      }
    }

2024-12-15T14:28:01.037-03:00 DEBUG 43375 --- [tienda-ms-pedidos] [           main] o.hibernate.engine.internal.Collections  : Collection found: [com.example.tienda_ms_pedidos.model.Categoria.productos#4], was: [com.example.tienda_ms_pedidos.model.Categoria.productos#4] (initialized)
2024-12-15T14:28:01.037-03:00 DEBUG 43375 --- [tienda-ms-pedidos] [           main] o.hibernate.engine.internal.Collections  : Collection found: [com.example.tienda_ms_pedidos.model.Producto.categorias#5], was: [com.example.tienda_ms_pedidos.model.Producto.categorias#5] (initialized)
2024-12-15T14:28:01.038-03:00 DEBUG 43375 --- [tienda-ms-pedidos] [           main] o.h.e.i.AbstractFlushingEventListener    : Flushed: 0 insertions, 0 updates, 0 deletions to 2 objects
2024-12-15T14:28:01.038-03:00 DEBUG 43375 --- [tienda-ms-pedidos] [           main] o.h.e.i.AbstractFlushingEventListener    : Flushed: 0 (re)creations, 0 updates, 0 removals to 2 collections
2024-12-15T14:28:01.038-03:00 DEBUG 43375 --- [tienda-ms-pedidos] [           main] o.hibernate.internal.util.EntityPrinter  : Listing entities:
2024-12-15T14:28:01.038-03:00 DEBUG 43375 --- [tienda-ms-pedidos] [           main] o.hibernate.internal.util.EntityPrinter  : com.example.tienda_ms_pedidos.model.Categoria{descripcion=Productos electrónicos y tecnología, id=4, nombre=Electrónicos, productos=[]}
2024-12-15T14:28:01.038-03:00 DEBUG 43375 --- [tienda-ms-pedidos] [           main] o.hibernate.internal.util.EntityPrinter  : com.example.tienda_ms_pedidos.model.Producto{descripcion=Smartphone Apple, precio=100.0, categorias=[com.example.tienda_ms_pedidos.model.Categoria#4], imagen=imagen.jpg, id=5, stock=10.0, nombre=iPhone}
2024-12-15T14:28:01.038-03:00 DEBUG 43375 --- [tienda-ms-pedidos] [           main] org.hibernate.orm.sql.exec               : Skipping reading Query result cache data: cache-enabled = false, cache-mode = NORMAL
2024-12-15T14:28:01.038-03:00 DEBUG 43375 --- [tienda-ms-pedidos] [           main] org.hibernate.SQL                        : 
    /* SELECT
        DISTINCT p 
    FROM
        Producto p 
    JOIN
        p.categorias c 
    WHERE
        LOWER(p.nombre) LIKE LOWER(CONCAT('%', :filtro, '%'))    
        OR LOWER(c.nombre) LIKE LOWER(CONCAT('%', :filtro, '%')) */ select
            distinct p1_0.id_producto,
            p1_0.descripcion,
            p1_0.imagen,
            p1_0.nombre,
            p1_0.precio,
            p1_0.stock 
        from
            producto p1_0 
        join
            producto_categoria c1_0 
                on p1_0.id_producto=c1_0.id_producto 
        join
            categoria c1_1 
                on c1_1.id_categoria=c1_0.id_categoria 
        where
            lower(p1_0.nombre) like lower(('%'||?||'%')) 
            or lower(c1_1.nombre) like lower(('%'||?||'%'))
Hibernate: 
    /* SELECT
        DISTINCT p 
    FROM
        Producto p 
    JOIN
        p.categorias c 
    WHERE
        LOWER(p.nombre) LIKE LOWER(CONCAT('%', :filtro, '%'))    
        OR LOWER(c.nombre) LIKE LOWER(CONCAT('%', :filtro, '%')) */ select
            distinct p1_0.id_producto,
            p1_0.descripcion,
            p1_0.imagen,
            p1_0.nombre,
            p1_0.precio,
            p1_0.stock 
        from
            producto p1_0 
        join
            producto_categoria c1_0 
                on p1_0.id_producto=c1_0.id_producto 
        join
            categoria c1_1 
                on c1_1.id_categoria=c1_0.id_categoria 
        where
            lower(p1_0.nombre) like lower(('%'||?||'%')) 
            or lower(c1_1.nombre) like lower(('%'||?||'%'))
2024-12-15T14:28:01.039-03:00 DEBUG 43375 --- [tienda-ms-pedidos] [           main] org.hibernate.orm.results                : Initializer list:
	  com.example.tienda_ms_pedidos.model.Producto(p) -> EntityJoinedFetchInitializer(com.example.tienda_ms_pedidos.model.Producto(p))@1347652339 (SingleTableEntityPersister(com.example.tienda_ms_pedidos.model.Producto))
	  com.example.tienda_ms_pedidos.model.Producto(p).categorias -> SelectEagerCollectionInitializer(com.example.tienda_ms_pedidos.model.Producto(p).categorias)@1306781873 (PluralAttribute(com.example.tienda_ms_pedidos.model.Producto.categorias))

2024-12-15T14:28:01.039-03:00 DEBUG 43375 --- [tienda-ms-pedidos] [           main] org.springframework.test.context.cache   : Spring test ApplicationContext cache statistics: [DefaultContextCache@30d9004d size = 1, maxSize = 32, parentContextCount = 0, hitCount = 139, missCount = 1, failureCount = 0]
2024-12-15T14:28:01.040-03:00 DEBUG 43375 --- [tienda-ms-pedidos] [           main] org.springframework.test.context.cache   : Spring test ApplicationContext cache statistics: [DefaultContextCache@30d9004d size = 1, maxSize = 32, parentContextCount = 0, hitCount = 140, missCount = 1, failureCount = 0]
2024-12-15T14:28:01.040-03:00 DEBUG 43375 --- [tienda-ms-pedidos] [           main] org.springframework.test.context.cache   : Spring test ApplicationContext cache statistics: [DefaultContextCache@30d9004d size = 1, maxSize = 32, parentContextCount = 0, hitCount = 141, missCount = 1, failureCount = 0]
2024-12-15T14:28:01.040-03:00 DEBUG 43375 --- [tienda-ms-pedidos] [           main] org.springframework.test.context.cache   : Spring test ApplicationContext cache statistics: [DefaultContextCache@30d9004d size = 1, maxSize = 32, parentContextCount = 0, hitCount = 142, missCount = 1, failureCount = 0]
2024-12-15T14:28:01.041-03:00 DEBUG 43375 --- [tienda-ms-pedidos] [           main] org.springframework.test.context.cache   : Spring test ApplicationContext cache statistics: [DefaultContextCache@30d9004d size = 1, maxSize = 32, parentContextCount = 0, hitCount = 143, missCount = 1, failureCount = 0]
2024-12-15T14:28:01.041-03:00 DEBUG 43375 --- [tienda-ms-pedidos] [           main] org.springframework.test.context.cache   : Spring test ApplicationContext cache statistics: [DefaultContextCache@30d9004d size = 1, maxSize = 32, parentContextCount = 0, hitCount = 144, missCount = 1, failureCount = 0]
2024-12-15T14:28:01.041-03:00 DEBUG 43375 --- [tienda-ms-pedidos] [           main] org.springframework.test.context.cache   : Spring test ApplicationContext cache statistics: [DefaultContextCache@30d9004d size = 1, maxSize = 32, parentContextCount = 0, hitCount = 145, missCount = 1, failureCount = 0]
2024-12-15T14:28:01.041-03:00 DEBUG 43375 --- [tienda-ms-pedidos] [           main] o.s.orm.jpa.JpaTransactionManager        : Initiating transaction rollback
2024-12-15T14:28:01.041-03:00 DEBUG 43375 --- [tienda-ms-pedidos] [           main] o.s.orm.jpa.JpaTransactionManager        : Rolling back JPA transaction on EntityManager [SessionImpl(1965229017<open>)]
2024-12-15T14:28:01.041-03:00 DEBUG 43375 --- [tienda-ms-pedidos] [           main] o.h.e.t.internal.TransactionImpl         : rolling back
2024-12-15T14:28:01.042-03:00 DEBUG 43375 --- [tienda-ms-pedidos] [           main] o.s.orm.jpa.JpaTransactionManager        : Closing JPA EntityManager [SessionImpl(1965229017<open>)] after transaction
2024-12-15T14:28:01.042-03:00 DEBUG 43375 --- [tienda-ms-pedidos] [           main] o.s.t.c.transaction.TransactionContext   : Rolled back transaction (1) for test class [com.example.tienda_ms_pedidos.repository.ProductoRepositoryTest]; test method [buscarPorNombreOCategoria_SinResultados]
2024-12-15T14:28:01.042-03:00 DEBUG 43375 --- [tienda-ms-pedidos] [           main] .c.s.DirtiesContextTestExecutionListener : After test method: class [ProductoRepositoryTest], method [buscarPorNombreOCategoria_SinResultados], class annotated with @DirtiesContext [false] with mode [null], method annotated with @DirtiesContext [false] with mode [null]
]]></system-out>
  </testcase>
  <testcase name="createCategoria_WithInvalidDescription_ThrowsException" classname="com.example.tienda_ms_pedidos.repository.ProductoRepositoryTest" time="0.01">
    <system-out><![CDATA[2024-12-15T14:28:01.042-03:00 DEBUG 43375 --- [tienda-ms-pedidos] [           main] DependencyInjectionTestExecutionListener : Performing dependency injection for test class com.example.tienda_ms_pedidos.repository.ProductoRepositoryTest
2024-12-15T14:28:01.043-03:00 DEBUG 43375 --- [tienda-ms-pedidos] [           main] org.springframework.test.context.cache   : Spring test ApplicationContext cache statistics: [DefaultContextCache@30d9004d size = 1, maxSize = 32, parentContextCount = 0, hitCount = 146, missCount = 1, failureCount = 0]
2024-12-15T14:28:01.043-03:00 DEBUG 43375 --- [tienda-ms-pedidos] [           main] org.springframework.test.context.cache   : Spring test ApplicationContext cache statistics: [DefaultContextCache@30d9004d size = 1, maxSize = 32, parentContextCount = 0, hitCount = 147, missCount = 1, failureCount = 0]
2024-12-15T14:28:01.043-03:00 DEBUG 43375 --- [tienda-ms-pedidos] [           main] sContextBeforeModesTestExecutionListener : Before test method: class [ProductoRepositoryTest], method [createCategoria_WithInvalidDescription_ThrowsException], class annotated with @DirtiesContext [false] with mode [null], method annotated with @DirtiesContext [false] with mode [null]
2024-12-15T14:28:01.043-03:00 DEBUG 43375 --- [tienda-ms-pedidos] [           main] t.c.t.TransactionalTestExecutionListener : Explicit transaction definition [PROPAGATION_REQUIRED,ISOLATION_DEFAULT] found for test class [com.example.tienda_ms_pedidos.repository.ProductoRepositoryTest] and test method [createCategoria_WithInvalidDescription_ThrowsException]
2024-12-15T14:28:01.043-03:00 DEBUG 43375 --- [tienda-ms-pedidos] [           main] org.springframework.test.context.cache   : Spring test ApplicationContext cache statistics: [DefaultContextCache@30d9004d size = 1, maxSize = 32, parentContextCount = 0, hitCount = 148, missCount = 1, failureCount = 0]
2024-12-15T14:28:01.043-03:00 DEBUG 43375 --- [tienda-ms-pedidos] [           main] t.c.t.TransactionalTestExecutionListener : No method-level @Rollback override: using default rollback [true] for test method [void com.example.tienda_ms_pedidos.repository.ProductoRepositoryTest.createCategoria_WithInvalidDescription_ThrowsException()]
2024-12-15T14:28:01.043-03:00 DEBUG 43375 --- [tienda-ms-pedidos] [           main] o.s.orm.jpa.JpaTransactionManager        : Creating new transaction with name [com.example.tienda_ms_pedidos.repository.ProductoRepositoryTest.createCategoria_WithInvalidDescription_ThrowsException]: PROPAGATION_REQUIRED,ISOLATION_DEFAULT
2024-12-15T14:28:01.044-03:00 DEBUG 43375 --- [tienda-ms-pedidos] [           main] o.s.orm.jpa.JpaTransactionManager        : Opened new EntityManager [SessionImpl(1045271391<open>)] for JPA transaction
2024-12-15T14:28:01.044-03:00 DEBUG 43375 --- [tienda-ms-pedidos] [           main] o.h.e.t.internal.TransactionImpl         : On TransactionImpl creation, JpaCompliance#isJpaTransactionComplianceEnabled == false
2024-12-15T14:28:01.044-03:00 DEBUG 43375 --- [tienda-ms-pedidos] [           main] o.h.e.t.internal.TransactionImpl         : begin
2024-12-15T14:28:01.044-03:00 DEBUG 43375 --- [tienda-ms-pedidos] [           main] o.s.orm.jpa.JpaTransactionManager        : Exposing JPA transaction as JDBC [org.springframework.orm.jpa.vendor.HibernateJpaDialect$HibernateConnectionHandle@68832f1c]
2024-12-15T14:28:01.044-03:00 DEBUG 43375 --- [tienda-ms-pedidos] [           main] o.s.t.c.transaction.TransactionContext   : Began transaction (1) for test class [com.example.tienda_ms_pedidos.repository.ProductoRepositoryTest]; test method [createCategoria_WithInvalidDescription_ThrowsException]; transaction manager [org.springframework.orm.jpa.JpaTransactionManager@5be0e16f]; rollback [true]
2024-12-15T14:28:01.044-03:00 DEBUG 43375 --- [tienda-ms-pedidos] [           main] org.springframework.test.context.cache   : Spring test ApplicationContext cache statistics: [DefaultContextCache@30d9004d size = 1, maxSize = 32, parentContextCount = 0, hitCount = 149, missCount = 1, failureCount = 0]
2024-12-15T14:28:01.044-03:00 DEBUG 43375 --- [tienda-ms-pedidos] [           main] org.springframework.test.context.cache   : Spring test ApplicationContext cache statistics: [DefaultContextCache@30d9004d size = 1, maxSize = 32, parentContextCount = 0, hitCount = 150, missCount = 1, failureCount = 0]
2024-12-15T14:28:01.044-03:00 DEBUG 43375 --- [tienda-ms-pedidos] [           main] org.springframework.test.context.cache   : Spring test ApplicationContext cache statistics: [DefaultContextCache@30d9004d size = 1, maxSize = 32, parentContextCount = 0, hitCount = 151, missCount = 1, failureCount = 0]
2024-12-15T14:28:01.045-03:00 DEBUG 43375 --- [tienda-ms-pedidos] [           main] org.springframework.test.context.cache   : Spring test ApplicationContext cache statistics: [DefaultContextCache@30d9004d size = 1, maxSize = 32, parentContextCount = 0, hitCount = 152, missCount = 1, failureCount = 0]
2024-12-15T14:28:01.045-03:00 DEBUG 43375 --- [tienda-ms-pedidos] [           main] org.hibernate.engine.spi.ActionQueue     : Executing identity-insert immediately
2024-12-15T14:28:01.049-03:00 DEBUG 43375 --- [tienda-ms-pedidos] [           main] cResourceLocalTransactionCoordinatorImpl : JDBC transaction marked for rollback-only (exception provided for stack trace)

java.lang.Exception: exception just for purpose of providing stack trace
	at org.hibernate.resource.transaction.backend.jdbc.internal.JdbcResourceLocalTransactionCoordinatorImpl$TransactionDriverControlImpl.markRollbackOnly(JdbcResourceLocalTransactionCoordinatorImpl.java:309) ~[hibernate-core-6.6.2.Final.jar:6.6.2.Final]
	at org.hibernate.engine.transaction.internal.TransactionImpl.markRollbackOnly(TransactionImpl.java:203) ~[hibernate-core-6.6.2.Final.jar:6.6.2.Final]
	at org.hibernate.internal.AbstractSharedSessionContract.markForRollbackOnly(AbstractSharedSessionContract.java:542) ~[hibernate-core-6.6.2.Final.jar:6.6.2.Final]
	at org.hibernate.internal.ExceptionConverterImpl.convert(ExceptionConverterImpl.java:176) ~[hibernate-core-6.6.2.Final.jar:6.6.2.Final]
	at org.hibernate.internal.SessionImpl.firePersist(SessionImpl.java:767) ~[hibernate-core-6.6.2.Final.jar:6.6.2.Final]
	at org.hibernate.internal.SessionImpl.persist(SessionImpl.java:745) ~[hibernate-core-6.6.2.Final.jar:6.6.2.Final]
	at org.springframework.boot.test.autoconfigure.orm.jpa.TestEntityManager.persist(TestEntityManager.java:92) ~[spring-boot-test-autoconfigure-3.4.0.jar:3.4.0]
	at com.example.tienda_ms_pedidos.repository.ProductoRepositoryTest.lambda$createCategoria_WithInvalidDescription_ThrowsException$2(ProductoRepositoryTest.java:154) ~[test-classes/:na]
	at org.junit.jupiter.api.AssertThrows.assertThrows(AssertThrows.java:53) ~[junit-jupiter-api-5.11.3.jar:5.11.3]
	at org.junit.jupiter.api.AssertThrows.assertThrows(AssertThrows.java:35) ~[junit-jupiter-api-5.11.3.jar:5.11.3]
	at org.junit.jupiter.api.Assertions.assertThrows(Assertions.java:3128) ~[junit-jupiter-api-5.11.3.jar:5.11.3]
	at com.example.tienda_ms_pedidos.repository.ProductoRepositoryTest.createCategoria_WithInvalidDescription_ThrowsException(ProductoRepositoryTest.java:153) ~[test-classes/:na]
	at java.base/jdk.internal.reflect.DirectMethodHandleAccessor.invoke(DirectMethodHandleAccessor.java:103) ~[na:na]
	at java.base/java.lang.reflect.Method.invoke(Method.java:580) ~[na:na]
	at org.junit.platform.commons.util.ReflectionUtils.invokeMethod(ReflectionUtils.java:767) ~[junit-platform-commons-1.11.3.jar:1.11.3]
	at org.junit.jupiter.engine.execution.MethodInvocation.proceed(MethodInvocation.java:60) ~[junit-jupiter-engine-5.11.3.jar:5.11.3]
	at org.junit.jupiter.engine.execution.InvocationInterceptorChain$ValidatingInvocation.proceed(InvocationInterceptorChain.java:131) ~[junit-jupiter-engine-5.11.3.jar:5.11.3]
	at org.junit.jupiter.engine.extension.TimeoutExtension.intercept(TimeoutExtension.java:156) ~[junit-jupiter-engine-5.11.3.jar:5.11.3]
	at org.junit.jupiter.engine.extension.TimeoutExtension.interceptTestableMethod(TimeoutExtension.java:147) ~[junit-jupiter-engine-5.11.3.jar:5.11.3]
	at org.junit.jupiter.engine.extension.TimeoutExtension.interceptTestMethod(TimeoutExtension.java:86) ~[junit-jupiter-engine-5.11.3.jar:5.11.3]
	at org.junit.jupiter.engine.execution.InterceptingExecutableInvoker$ReflectiveInterceptorCall.lambda$ofVoidMethod$0(InterceptingExecutableInvoker.java:103) ~[junit-jupiter-engine-5.11.3.jar:5.11.3]
[...]
2024-12-15T14:28:01.055-03:00 DEBUG 43375 --- [tienda-ms-pedidos] [           main] org.hibernate.engine.spi.ActionQueue     : Executing identity-insert immediately
2024-12-15T14:28:01.056-03:00 DEBUG 43375 --- [tienda-ms-pedidos] [           main] org.hibernate.SQL                        : 
    /* insert for
        com.example.tienda_ms_pedidos.model.Categoria */insert 
    into
        categoria (descripcion, nombre, id_categoria) 
    values
        (?, ?, default)
Hibernate: 
    /* insert for
        com.example.tienda_ms_pedidos.model.Categoria */insert 
    into
        categoria (descripcion, nombre, id_categoria) 
    values
        (?, ?, default)
2024-12-15T14:28:01.056-03:00 DEBUG 43375 --- [tienda-ms-pedidos] [           main] org.hibernate.orm.results                : Initializer list is empty
2024-12-15T14:28:01.056-03:00 DEBUG 43375 --- [tienda-ms-pedidos] [           main] o.h.id.IdentifierGeneratorHelper         : Extracted generated values [com.example.tienda_ms_pedidos.model.Categoria]: [Ljava.lang.Object;@67466824
2024-12-15T14:28:01.056-03:00 DEBUG 43375 --- [tienda-ms-pedidos] [           main] org.hibernate.engine.spi.ActionQueue     : Executing identity-insert immediately
2024-12-15T14:28:01.057-03:00 DEBUG 43375 --- [tienda-ms-pedidos] [           main] org.hibernate.SQL                        : 
    /* insert for
        com.example.tienda_ms_pedidos.model.Producto */insert 
    into
        producto (descripcion, imagen, nombre, precio, stock, id_producto) 
    values
        (?, ?, ?, ?, ?, default)
Hibernate: 
    /* insert for
        com.example.tienda_ms_pedidos.model.Producto */insert 
    into
        producto (descripcion, imagen, nombre, precio, stock, id_producto) 
    values
        (?, ?, ?, ?, ?, default)
2024-12-15T14:28:01.057-03:00 DEBUG 43375 --- [tienda-ms-pedidos] [           main] org.hibernate.orm.results                : Initializer list is empty
2024-12-15T14:28:01.057-03:00 DEBUG 43375 --- [tienda-ms-pedidos] [           main] o.h.id.IdentifierGeneratorHelper         : Extracted generated values [com.example.tienda_ms_pedidos.model.Producto]: [Ljava.lang.Object;@1b535c0d
2024-12-15T14:28:01.057-03:00 DEBUG 43375 --- [tienda-ms-pedidos] [           main] org.hibernate.engine.spi.ActionQueue     : Executing identity-insert immediately
2024-12-15T14:28:01.057-03:00 DEBUG 43375 --- [tienda-ms-pedidos] [           main] org.hibernate.SQL                        : 
    /* insert for
        com.example.tienda_ms_pedidos.model.Producto */insert 
    into
        producto (descripcion, imagen, nombre, precio, stock, id_producto) 
    values
        (?, ?, ?, ?, ?, default)
Hibernate: 
    /* insert for
        com.example.tienda_ms_pedidos.model.Producto */insert 
    into
        producto (descripcion, imagen, nombre, precio, stock, id_producto) 
    values
        (?, ?, ?, ?, ?, default)
2024-12-15T14:28:01.058-03:00 DEBUG 43375 --- [tienda-ms-pedidos] [           main] org.hibernate.orm.results                : Initializer list is empty
2024-12-15T14:28:01.058-03:00 DEBUG 43375 --- [tienda-ms-pedidos] [           main] o.h.id.IdentifierGeneratorHelper         : Extracted generated values [com.example.tienda_ms_pedidos.model.Producto]: [Ljava.lang.Object;@2ee4446f
2024-12-15T14:28:01.058-03:00 DEBUG 43375 --- [tienda-ms-pedidos] [           main] o.h.e.i.AbstractFlushingEventListener    : Processing flush-time cascades
2024-12-15T14:28:01.058-03:00 DEBUG 43375 --- [tienda-ms-pedidos] [           main] o.h.e.i.AbstractFlushingEventListener    : Dirty checking collections
2024-12-15T14:28:01.058-03:00 DEBUG 43375 --- [tienda-ms-pedidos] [           main] o.hibernate.engine.internal.Collections  : Collection found: [com.example.tienda_ms_pedidos.model.Categoria.productos#5], was: [<unreferenced>] (initialized)
2024-12-15T14:28:01.058-03:00 DEBUG 43375 --- [tienda-ms-pedidos] [           main] o.hibernate.engine.internal.Collections  : Collection found: [com.example.tienda_ms_pedidos.model.Producto.categorias#6], was: [<unreferenced>] (initialized)
2024-12-15T14:28:01.058-03:00 DEBUG 43375 --- [tienda-ms-pedidos] [           main] o.hibernate.engine.internal.Collections  : Collection found: [com.example.tienda_ms_pedidos.model.Producto.categorias#7], was: [<unreferenced>] (initialized)
2024-12-15T14:28:01.058-03:00 DEBUG 43375 --- [tienda-ms-pedidos] [           main] o.h.e.i.AbstractFlushingEventListener    : Flushed: 0 insertions, 0 updates, 0 deletions to 3 objects
2024-12-15T14:28:01.058-03:00 DEBUG 43375 --- [tienda-ms-pedidos] [           main] o.h.e.i.AbstractFlushingEventListener    : Flushed: 3 (re)creations, 0 updates, 0 removals to 3 collections
2024-12-15T14:28:01.058-03:00 DEBUG 43375 --- [tienda-ms-pedidos] [           main] o.hibernate.internal.util.EntityPrinter  : Listing entities:
2024-12-15T14:28:01.058-03:00 DEBUG 43375 --- [tienda-ms-pedidos] [           main] o.hibernate.internal.util.EntityPrinter  : com.example.tienda_ms_pedidos.model.Categoria{descripcion=Productos electrónicos y tecnología, id=5, nombre=Electrónicos, productos=[]}
2024-12-15T14:28:01.058-03:00 DEBUG 43375 --- [tienda-ms-pedidos] [           main] o.hibernate.internal.util.EntityPrinter  : com.example.tienda_ms_pedidos.model.Producto{descripcion=Smartphone Apple, precio=100.0, categorias=[com.example.tienda_ms_pedidos.model.Categoria#5], imagen=imagen.jpg, id=6, stock=10.0, nombre=iPhone Test}
2024-12-15T14:28:01.058-03:00 DEBUG 43375 --- [tienda-ms-pedidos] [           main] o.hibernate.internal.util.EntityPrinter  : com.example.tienda_ms_pedidos.model.Producto{descripcion=Smartphone Samsung, precio=100.0, categorias=[com.example.tienda_ms_pedidos.model.Categoria#5], imagen=imagen.jpg, id=7, stock=10.0, nombre=Samsung Galaxy}
2024-12-15T14:28:01.058-03:00 DEBUG 43375 --- [tienda-ms-pedidos] [           main] org.hibernate.orm.jdbc.mutation          : Inserting collection rows - com.example.tienda_ms_pedidos.model.Producto.categorias : 6
2024-12-15T14:28:01.058-03:00 DEBUG 43375 --- [tienda-ms-pedidos] [           main] org.hibernate.SQL                        : 
    /* insert for
        com.example.tienda_ms_pedidos.model.Producto.categorias */insert 
    into
        producto_categoria (id_producto, id_categoria) 
    values
        (?, ?)
Hibernate: 
    /* insert for
        com.example.tienda_ms_pedidos.model.Producto.categorias */insert 
    into
        producto_categoria (id_producto, id_categoria) 
    values
        (?, ?)
2024-12-15T14:28:01.058-03:00 DEBUG 43375 --- [tienda-ms-pedidos] [           main] org.hibernate.orm.jdbc.mutation          : Done inserting `1` collection rows : com.example.tienda_ms_pedidos.model.Producto.categorias
2024-12-15T14:28:01.058-03:00 DEBUG 43375 --- [tienda-ms-pedidos] [           main] org.hibernate.orm.jdbc.mutation          : Inserting collection rows - com.example.tienda_ms_pedidos.model.Producto.categorias : 7
2024-12-15T14:28:01.058-03:00 DEBUG 43375 --- [tienda-ms-pedidos] [           main] org.hibernate.SQL                        : 
    /* insert for
        com.example.tienda_ms_pedidos.model.Producto.categorias */insert 
    into
        producto_categoria (id_producto, id_categoria) 
    values
        (?, ?)
Hibernate: 
    /* insert for
        com.example.tienda_ms_pedidos.model.Producto.categorias */insert 
    into
        producto_categoria (id_producto, id_categoria) 
    values
        (?, ?)
2024-12-15T14:28:01.059-03:00 DEBUG 43375 --- [tienda-ms-pedidos] [           main] org.hibernate.orm.jdbc.mutation          : Done inserting `1` collection rows : com.example.tienda_ms_pedidos.model.Producto.categorias
2024-12-15T14:28:01.059-03:00 DEBUG 43375 --- [tienda-ms-pedidos] [           main] o.h.e.i.AbstractFlushingEventListener    : Processing flush-time cascades
2024-12-15T14:28:01.059-03:00 DEBUG 43375 --- [tienda-ms-pedidos] [           main] o.h.e.i.AbstractFlushingEventListener    : Dirty checking collections
2024-12-15T14:28:01.059-03:00 DEBUG 43375 --- [tienda-ms-pedidos] [           main] org.hibernate.orm.sql.ast.create         : Created new SQL alias : p1_0
2024-12-15T14:28:01.059-03:00 DEBUG 43375 --- [tienda-ms-pedidos] [           main] org.hibernate.orm.sql.ast.create         : Registration of TableGroup [StandardTableGroup(com.example.tienda_ms_pedidos.model.Producto(p))] with identifierForTableGroup [com.example.tienda_ms_pedidos.model.Producto] for NavigablePath [com.example.tienda_ms_pedidos.model.Producto] 
2024-12-15T14:28:01.059-03:00 DEBUG 43375 --- [tienda-ms-pedidos] [           main] org.hibernate.orm.sql.ast.create         : Created new SQL alias : c1_0
2024-12-15T14:28:01.059-03:00 DEBUG 43375 --- [tienda-ms-pedidos] [           main] org.hibernate.orm.sql.ast.create         : Registration of TableGroup [CollectionTableGroup(com.example.tienda_ms_pedidos.model.Producto(p).categorias(c))] with identifierForTableGroup [com.example.tienda_ms_pedidos.model.Producto(p).categorias] for NavigablePath [com.example.tienda_ms_pedidos.model.Producto(p).categorias] 
2024-12-15T14:28:01.059-03:00 DEBUG 43375 --- [tienda-ms-pedidos] [           main] org.hibernate.orm.sql.ast.create         : Registration of TableGroup [org.hibernate.sql.ast.tree.from.LazyTableGroup@1034c679] with identifierForTableGroup [com.example.tienda_ms_pedidos.model.Producto(p).categorias(c).{element}] for NavigablePath [com.example.tienda_ms_pedidos.model.Producto(p).categorias(c).{element}] 
2024-12-15T14:28:01.059-03:00 DEBUG 43375 --- [tienda-ms-pedidos] [           main] o.h.q.sqm.sql.BaseSqmToSqlAstConverter   : Determining mapping-model type for SqmParameter : SqmNamedParameter(filtro)
2024-12-15T14:28:01.059-03:00 DEBUG 43375 --- [tienda-ms-pedidos] [           main] org.hibernate.orm.sql.ast.create         : Created new SQL alias : c1_1
2024-12-15T14:28:01.060-03:00 DEBUG 43375 --- [tienda-ms-pedidos] [           main] o.h.q.sqm.sql.BaseSqmToSqlAstConverter   : Determining mapping-model type for SqmParameter : SqmNamedParameter(filtro)
2024-12-15T14:28:01.060-03:00 DEBUG 43375 --- [tienda-ms-pedidos] [           main] org.hibernate.orm.results.graph.AST      : DomainResult Graph:
 \-EntityResultImpl [com.example.tienda_ms_pedidos.model.Producto(p)]
 |  +-SelectEagerCollectionFetch [com.example.tienda_ms_pedidos.model.Producto(p).categorias]
 |  +-BasicFetch [com.example.tienda_ms_pedidos.model.Producto(p).descripcion]
 |  +-BasicFetch [com.example.tienda_ms_pedidos.model.Producto(p).imagen]
 |  +-BasicFetch [com.example.tienda_ms_pedidos.model.Producto(p).nombre]
 |  +-BasicFetch [com.example.tienda_ms_pedidos.model.Producto(p).precio]
 |  \-BasicFetch [com.example.tienda_ms_pedidos.model.Producto(p).stock]

2024-12-15T14:28:01.060-03:00 DEBUG 43375 --- [tienda-ms-pedidos] [           main] org.hibernate.orm.sql.ast.tree           : SQL AST Tree:
    SelectStatement {
      FromClause {
        StandardTableGroup (p1 : com.example.tienda_ms_pedidos.model.Producto(p)) {
          primaryTableReference : producto as p1_0
          TableGroupJoins {
             join CollectionTableGroup (c1 : com.example.tienda_ms_pedidos.model.Producto(p).categorias(c)) {
              primaryTableReference : producto_categoria as c1_0
              TableGroupJoins {
                 join LazyTableGroup (c1 : com.example.tienda_ms_pedidos.model.Producto(p).categorias(c).{element}) {
                  primaryTableReference : categoria as c1_1
                }
              }
            }
          }
        }
      }
    }

2024-12-15T14:28:01.060-03:00 DEBUG 43375 --- [tienda-ms-pedidos] [           main] o.hibernate.engine.internal.Collections  : Collection found: [com.example.tienda_ms_pedidos.model.Categoria.productos#5], was: [com.example.tienda_ms_pedidos.model.Categoria.productos#5] (initialized)
2024-12-15T14:28:01.060-03:00 DEBUG 43375 --- [tienda-ms-pedidos] [           main] o.hibernate.engine.internal.Collections  : Collection found: [com.example.tienda_ms_pedidos.model.Producto.categorias#6], was: [com.example.tienda_ms_pedidos.model.Producto.categorias#6] (initialized)
2024-12-15T14:28:01.060-03:00 DEBUG 43375 --- [tienda-ms-pedidos] [           main] o.hibernate.engine.internal.Collections  : Collection found: [com.example.tienda_ms_pedidos.model.Producto.categorias#7], was: [com.example.tienda_ms_pedidos.model.Producto.categorias#7] (initialized)
2024-12-15T14:28:01.060-03:00 DEBUG 43375 --- [tienda-ms-pedidos] [           main] o.h.e.i.AbstractFlushingEventListener    : Flushed: 0 insertions, 0 updates, 0 deletions to 3 objects
2024-12-15T14:28:01.060-03:00 DEBUG 43375 --- [tienda-ms-pedidos] [           main] o.h.e.i.AbstractFlushingEventListener    : Flushed: 0 (re)creations, 0 updates, 0 removals to 3 collections
2024-12-15T14:28:01.060-03:00 DEBUG 43375 --- [tienda-ms-pedidos] [           main] o.hibernate.internal.util.EntityPrinter  : Listing entities:
2024-12-15T14:28:01.060-03:00 DEBUG 43375 --- [tienda-ms-pedidos] [           main] o.hibernate.internal.util.EntityPrinter  : com.example.tienda_ms_pedidos.model.Categoria{descripcion=Productos electrónicos y tecnología, id=5, nombre=Electrónicos, productos=[]}
2024-12-15T14:28:01.060-03:00 DEBUG 43375 --- [tienda-ms-pedidos] [           main] o.hibernate.internal.util.EntityPrinter  : com.example.tienda_ms_pedidos.model.Producto{descripcion=Smartphone Apple, precio=100.0, categorias=[com.example.tienda_ms_pedidos.model.Categoria#5], imagen=imagen.jpg, id=6, stock=10.0, nombre=iPhone Test}
2024-12-15T14:28:01.060-03:00 DEBUG 43375 --- [tienda-ms-pedidos] [           main] o.hibernate.internal.util.EntityPrinter  : com.example.tienda_ms_pedidos.model.Producto{descripcion=Smartphone Samsung, precio=100.0, categorias=[com.example.tienda_ms_pedidos.model.Categoria#5], imagen=imagen.jpg, id=7, stock=10.0, nombre=Samsung Galaxy}
2024-12-15T14:28:01.060-03:00 DEBUG 43375 --- [tienda-ms-pedidos] [           main] org.hibernate.orm.sql.exec               : Skipping reading Query result cache data: cache-enabled = false, cache-mode = NORMAL
2024-12-15T14:28:01.060-03:00 DEBUG 43375 --- [tienda-ms-pedidos] [           main] org.hibernate.SQL                        : 
    /* SELECT
        DISTINCT p 
    FROM
        Producto p 
    JOIN
        p.categorias c 
    WHERE
        LOWER(p.nombre) LIKE LOWER(CONCAT('%', :filtro, '%'))    
        OR LOWER(c.nombre) LIKE LOWER(CONCAT('%', :filtro, '%')) */ select
            distinct p1_0.id_producto,
            p1_0.descripcion,
            p1_0.imagen,
            p1_0.nombre,
            p1_0.precio,
            p1_0.stock 
        from
            producto p1_0 
        join
            producto_categoria c1_0 
                on p1_0.id_producto=c1_0.id_producto 
        join
            categoria c1_1 
                on c1_1.id_categoria=c1_0.id_categoria 
        where
            lower(p1_0.nombre) like lower(('%'||?||'%')) 
            or lower(c1_1.nombre) like lower(('%'||?||'%'))
Hibernate: 
    /* SELECT
        DISTINCT p 
    FROM
        Producto p 
    JOIN
        p.categorias c 
    WHERE
        LOWER(p.nombre) LIKE LOWER(CONCAT('%', :filtro, '%'))    
        OR LOWER(c.nombre) LIKE LOWER(CONCAT('%', :filtro, '%')) */ select
            distinct p1_0.id_producto,
            p1_0.descripcion,
            p1_0.imagen,
            p1_0.nombre,
            p1_0.precio,
            p1_0.stock 
        from
            producto p1_0 
        join
            producto_categoria c1_0 
                on p1_0.id_producto=c1_0.id_producto 
        join
            categoria c1_1 
                on c1_1.id_categoria=c1_0.id_categoria 
        where
            lower(p1_0.nombre) like lower(('%'||?||'%')) 
            or lower(c1_1.nombre) like lower(('%'||?||'%'))
2024-12-15T14:28:01.061-03:00 DEBUG 43375 --- [tienda-ms-pedidos] [           main] org.hibernate.orm.results                : Initializer list:
	  com.example.tienda_ms_pedidos.model.Producto(p) -> EntityJoinedFetchInitializer(com.example.tienda_ms_pedidos.model.Producto(p))@2121945556 (SingleTableEntityPersister(com.example.tienda_ms_pedidos.model.Producto))
	  com.example.tienda_ms_pedidos.model.Producto(p).categorias -> SelectEagerCollectionInitializer(com.example.tienda_ms_pedidos.model.Producto(p).categorias)@235448939 (PluralAttribute(com.example.tienda_ms_pedidos.model.Producto.categorias))

2024-12-15T14:28:01.062-03:00 DEBUG 43375 --- [tienda-ms-pedidos] [           main] org.springframework.test.context.cache   : Spring test ApplicationContext cache statistics: [DefaultContextCache@30d9004d size = 1, maxSize = 32, parentContextCount = 0, hitCount = 167, missCount = 1, failureCount = 0]
2024-12-15T14:28:01.062-03:00 DEBUG 43375 --- [tienda-ms-pedidos] [           main] org.springframework.test.context.cache   : Spring test ApplicationContext cache statistics: [DefaultContextCache@30d9004d size = 1, maxSize = 32, parentContextCount = 0, hitCount = 168, missCount = 1, failureCount = 0]
2024-12-15T14:28:01.062-03:00 DEBUG 43375 --- [tienda-ms-pedidos] [           main] org.springframework.test.context.cache   : Spring test ApplicationContext cache statistics: [DefaultContextCache@30d9004d size = 1, maxSize = 32, parentContextCount = 0, hitCount = 169, missCount = 1, failureCount = 0]
2024-12-15T14:28:01.062-03:00 DEBUG 43375 --- [tienda-ms-pedidos] [           main] org.springframework.test.context.cache   : Spring test ApplicationContext cache statistics: [DefaultContextCache@30d9004d size = 1, maxSize = 32, parentContextCount = 0, hitCount = 170, missCount = 1, failureCount = 0]
2024-12-15T14:28:01.062-03:00 DEBUG 43375 --- [tienda-ms-pedidos] [           main] org.springframework.test.context.cache   : Spring test ApplicationContext cache statistics: [DefaultContextCache@30d9004d size = 1, maxSize = 32, parentContextCount = 0, hitCount = 171, missCount = 1, failureCount = 0]
2024-12-15T14:28:01.062-03:00 DEBUG 43375 --- [tienda-ms-pedidos] [           main] org.springframework.test.context.cache   : Spring test ApplicationContext cache statistics: [DefaultContextCache@30d9004d size = 1, maxSize = 32, parentContextCount = 0, hitCount = 172, missCount = 1, failureCount = 0]
2024-12-15T14:28:01.063-03:00 DEBUG 43375 --- [tienda-ms-pedidos] [           main] org.springframework.test.context.cache   : Spring test ApplicationContext cache statistics: [DefaultContextCache@30d9004d size = 1, maxSize = 32, parentContextCount = 0, hitCount = 173, missCount = 1, failureCount = 0]
2024-12-15T14:28:01.063-03:00 DEBUG 43375 --- [tienda-ms-pedidos] [           main] o.s.orm.jpa.JpaTransactionManager        : Initiating transaction rollback
2024-12-15T14:28:01.063-03:00 DEBUG 43375 --- [tienda-ms-pedidos] [           main] o.s.orm.jpa.JpaTransactionManager        : Rolling back JPA transaction on EntityManager [SessionImpl(817851970<open>)]
2024-12-15T14:28:01.063-03:00 DEBUG 43375 --- [tienda-ms-pedidos] [           main] o.h.e.t.internal.TransactionImpl         : rolling back
2024-12-15T14:28:01.063-03:00 DEBUG 43375 --- [tienda-ms-pedidos] [           main] o.s.orm.jpa.JpaTransactionManager        : Closing JPA EntityManager [SessionImpl(817851970<open>)] after transaction
2024-12-15T14:28:01.063-03:00 DEBUG 43375 --- [tienda-ms-pedidos] [           main] o.s.t.c.transaction.TransactionContext   : Rolled back transaction (1) for test class [com.example.tienda_ms_pedidos.repository.ProductoRepositoryTest]; test method [buscarPorNombreOCategoria_PorNombre]
2024-12-15T14:28:01.063-03:00 DEBUG 43375 --- [tienda-ms-pedidos] [           main] .c.s.DirtiesContextTestExecutionListener : After test method: class [ProductoRepositoryTest], method [buscarPorNombreOCategoria_PorNombre], class annotated with @DirtiesContext [false] with mode [null], method annotated with @DirtiesContext [false] with mode [null]
]]></system-out>
  </testcase>
</testsuite>