<?xml version="1.0" encoding="UTF-8"?>
<testsuite xmlns:xsi="http://www.w3.org/2001/XMLSchema-instance" xsi:noNamespaceSchemaLocation="https://maven.apache.org/surefire/maven-surefire-plugin/xsd/surefire-test-report.xsd" version="3.0.2" name="com.example.tienda_ms_pedidos.repository.OrdenRepositoryTest" time="3.972" tests="4" errors="0" skipped="0" failures="0">
  <properties>
[...]
</properties>
  <testcase name="updateEstado_UpdatesOrdenEstado" classname="com.example.tienda_ms_pedidos.repository.OrdenRepositoryTest" time="0.453">
    <system-out><![CDATA[14:03:52.418 [main] INFO org.springframework.test.context.support.AnnotationConfigContextLoaderUtils -- Could not detect default configuration classes for test class [com.example.tienda_ms_pedidos.repository.OrdenRepositoryTest]: OrdenRepositoryTest does not declare any static, non-private, non-final, nested classes annotated with @Configuration.
14:03:52.518 [main] INFO org.springframework.boot.test.context.SpringBootTestContextBootstrapper -- Found @SpringBootConfiguration com.example.tienda_ms_pedidos.App for test class com.example.tienda_ms_pedidos.repository.OrdenRepositoryTest
14:03:52.582 [main] INFO org.springframework.boot.devtools.restart.RestartApplicationListener -- Restart disabled due to context in which it is running
2024-12-15T14:03:52.771-03:00 DEBUG 25938 --- [tienda-ms-pedidos] [kground-preinit] o.h.v.i.xml.config.ValidationXmlParser   : Trying to load META-INF/validation.xml for XML based Validator configuration.
2024-12-15T14:03:52.775-03:00 DEBUG 25938 --- [tienda-ms-pedidos] [kground-preinit] o.h.v.i.xml.config.ResourceLoaderHelper  : Trying to load META-INF/validation.xml via TCCL
2024-12-15T14:03:52.775-03:00 DEBUG 25938 --- [tienda-ms-pedidos] [kground-preinit] o.h.v.i.xml.config.ResourceLoaderHelper  : Trying to load META-INF/validation.xml via Hibernate Validator's class loader
2024-12-15T14:03:52.775-03:00 DEBUG 25938 --- [tienda-ms-pedidos] [kground-preinit] o.h.v.i.xml.config.ValidationXmlParser   : No META-INF/validation.xml found. Using annotation based configuration only.
2024-12-15T14:03:52.778-03:00 DEBUG 25938 --- [tienda-ms-pedidos] [kground-preinit] o.h.v.i.e.resolver.TraversableResolvers  : Found jakarta.persistence.Persistence on classpath containing 'getPersistenceUtil'. Assuming JPA 2 environment. Trying to instantiate JPA aware TraversableResolver
2024-12-15T14:03:52.778-03:00 DEBUG 25938 --- [tienda-ms-pedidos] [kground-preinit] o.h.v.i.e.resolver.TraversableResolvers  : Instantiated JPA aware TraversableResolver of type org.hibernate.validator.internal.engine.resolver.JPATraversableResolver.
2024-12-15T14:03:52.794-03:00 DEBUG 25938 --- [tienda-ms-pedidos] [kground-preinit] .h.v.m.ResourceBundleMessageInterpolator : Loaded expression factory via original TCCL
2024-12-15T14:03:52.799-03:00 DEBUG 25938 --- [tienda-ms-pedidos] [           main] o.s.boot.SpringApplication               : Loading source class com.example.tienda_ms_pedidos.App
2024-12-15T14:03:52.810-03:00 DEBUG 25938 --- [tienda-ms-pedidos] [           main] s.c.a.AnnotationConfigApplicationContext : Refreshing org.springframework.context.annotation.AnnotationConfigApplicationContext@4f114b
2024-12-15T14:03:52.822-03:00 DEBUG 25938 --- [tienda-ms-pedidos] [           main] o.s.b.f.s.DefaultListableBeanFactory     : Creating shared instance of singleton bean 'org.springframework.context.annotation.internalConfigurationAnnotationProcessor'
2024-12-15T14:03:52.834-03:00 DEBUG 25938 --- [tienda-ms-pedidos] [           main] o.s.b.f.s.DefaultListableBeanFactory     : Creating shared instance of singleton bean 'org.springframework.boot.autoconfigure.internalCachingMetadataReaderFactory'
2024-12-15T14:03:52.856-03:00 DEBUG 25938 --- [tienda-ms-pedidos] [kground-preinit] .i.e.ValidatorFactoryConfigurationHelper : HV000252: Using org.hibernate.validator.internal.engine.DefaultPropertyNodeNameProvider as property node name provider.
2024-12-15T14:03:52.859-03:00 DEBUG 25938 --- [tienda-ms-pedidos] [kground-preinit] .i.e.ValidatorFactoryConfigurationHelper : HV000234: Using org.hibernate.validator.messageinterpolation.ResourceBundleMessageInterpolator as ValidatorFactory-scoped message interpolator.
2024-12-15T14:03:52.859-03:00 DEBUG 25938 --- [tienda-ms-pedidos] [kground-preinit] .i.e.ValidatorFactoryConfigurationHelper : HV000234: Using org.hibernate.validator.internal.engine.resolver.JPATraversableResolver as ValidatorFactory-scoped traversable resolver.
2024-12-15T14:03:52.859-03:00 DEBUG 25938 --- [tienda-ms-pedidos] [kground-preinit] .i.e.ValidatorFactoryConfigurationHelper : HV000234: Using org.hibernate.validator.internal.util.ExecutableParameterNameProvider as ValidatorFactory-scoped parameter name provider.
2024-12-15T14:03:52.860-03:00 DEBUG 25938 --- [tienda-ms-pedidos] [kground-preinit] .i.e.ValidatorFactoryConfigurationHelper : HV000234: Using org.hibernate.validator.internal.engine.DefaultClockProvider as ValidatorFactory-scoped clock provider.
2024-12-15T14:03:52.860-03:00 DEBUG 25938 --- [tienda-ms-pedidos] [kground-preinit] .i.e.ValidatorFactoryConfigurationHelper : HV000234: Using org.hibernate.validator.internal.engine.scripting.DefaultScriptEvaluatorFactory as ValidatorFactory-scoped script evaluator factory.
2024-12-15T14:03:53.030-03:00  INFO 25938 --- [tienda-ms-pedidos] [           main] .s.d.r.c.RepositoryConfigurationDelegate : Bootstrapping Spring Data JPA repositories in DEFAULT mode.
2024-12-15T14:03:53.036-03:00 DEBUG 25938 --- [tienda-ms-pedidos] [           main] o.s.b.f.s.DefaultListableBeanFactory     : Creating shared instance of singleton bean 'org.springframework.boot.autoconfigure.AutoConfigurationPackages'
2024-12-15T14:03:53.042-03:00 DEBUG 25938 --- [tienda-ms-pedidos] [           main] o.s.b.a.AutoConfigurationPackages        : @EnableAutoConfiguration was declared on a class in the package 'com.example.tienda_ms_pedidos'. Automatic @Repository and @Entity scanning is enabled.
2024-12-15T14:03:53.043-03:00 DEBUG 25938 --- [tienda-ms-pedidos] [           main] .s.d.r.c.RepositoryConfigurationDelegate : Scanning for JPA repositories in packages com.example.tienda_ms_pedidos.
2024-12-15T14:03:53.049-03:00 DEBUG 25938 --- [tienda-ms-pedidos] [           main] o.s.d.r.c.RepositoryComponentProvider    : Identified candidate component class: file [/Users/gonzaloduranadasme/Documents/GitHub/FS3_Sumativa/backend-arquetipo/tienda-ms-pedidos/target/classes/com/example/tienda_ms_pedidos/repository/DetalleOrdenRepository.class]
2024-12-15T14:03:53.050-03:00 DEBUG 25938 --- [tienda-ms-pedidos] [           main] o.s.d.r.c.RepositoryComponentProvider    : Identified candidate component class: file [/Users/gonzaloduranadasme/Documents/GitHub/FS3_Sumativa/backend-arquetipo/tienda-ms-pedidos/target/classes/com/example/tienda_ms_pedidos/repository/OrdenRepository.class]
2024-12-15T14:03:53.050-03:00 DEBUG 25938 --- [tienda-ms-pedidos] [           main] o.s.d.r.c.RepositoryComponentProvider    : Identified candidate component class: file [/Users/gonzaloduranadasme/Documents/GitHub/FS3_Sumativa/backend-arquetipo/tienda-ms-pedidos/target/classes/com/example/tienda_ms_pedidos/repository/ProductoRepository.class]
2024-12-15T14:03:53.066-03:00 DEBUG 25938 --- [tienda-ms-pedidos] [           main] ssPathScanningCandidateComponentProvider : Identified candidate component class: file [/Users/gonzaloduranadasme/Documents/GitHub/FS3_Sumativa/backend-arquetipo/tienda-ms-pedidos/target/classes/com/example/tienda_ms_pedidos/service/DetalleOrdenServiceImpl.class]
2024-12-15T14:03:53.066-03:00 DEBUG 25938 --- [tienda-ms-pedidos] [           main] ssPathScanningCandidateComponentProvider : Identified candidate component class: file [/Users/gonzaloduranadasme/Documents/GitHub/FS3_Sumativa/backend-arquetipo/tienda-ms-pedidos/target/classes/com/example/tienda_ms_pedidos/service/OrdenServiceImpl.class]
2024-12-15T14:03:53.066-03:00 DEBUG 25938 --- [tienda-ms-pedidos] [           main] ssPathScanningCandidateComponentProvider : Identified candidate component class: file [/Users/gonzaloduranadasme/Documents/GitHub/FS3_Sumativa/backend-arquetipo/tienda-ms-pedidos/target/classes/com/example/tienda_ms_pedidos/service/ProductoServiceImpl.class]
2024-12-15T14:03:53.074-03:00  INFO 25938 --- [tienda-ms-pedidos] [           main] .s.d.r.c.RepositoryConfigurationDelegate : Finished Spring Data repository scanning in 29 ms. Found 3 JPA repository interfaces.
2024-12-15T14:03:53.100-03:00 DEBUG 25938 --- [tienda-ms-pedidos] [           main] o.s.b.f.s.DefaultListableBeanFactory     : Creating shared instance of singleton bean 'org.springframework.boot.test.context.ImportsContextCustomizer$ImportsCleanupPostProcessor'
2024-12-15T14:03:53.138-03:00 DEBUG 25938 --- [tienda-ms-pedidos] [           main] o.s.b.f.s.DefaultListableBeanFactory     : Creating shared instance of singleton bean 'org.springframework.boot.test.mock.mockito.MockitoPostProcessor'
2024-12-15T14:03:53.138-03:00 DEBUG 25938 --- [tienda-ms-pedidos] [           main] o.s.b.f.s.DefaultListableBeanFactory     : Creating shared instance of singleton bean 'emBeanDefinitionRegistrarPostProcessor'
2024-12-15T14:03:53.139-03:00 DEBUG 25938 --- [tienda-ms-pedidos] [           main] o.s.b.f.s.DefaultListableBeanFactory     : Creating shared instance of singleton bean 'org.springframework.boot.sql.init.dependency.DatabaseInitializationDependencyConfigurer$DependsOnDatabaseInitializationPostProcessor'
2024-12-15T14:03:53.153-03:00 DEBUG 25938 --- [tienda-ms-pedidos] [           main] o.s.b.f.s.DefaultListableBeanFactory     : Creating shared instance of singleton bean 'org.springframework.context.event.internalEventListenerProcessor'
2024-12-15T14:03:53.154-03:00 DEBUG 25938 --- [tienda-ms-pedidos] [           main] o.s.b.f.s.DefaultListableBeanFactory     : Creating shared instance of singleton bean 'org.springframework.context.event.internalEventListenerFactory'
2024-12-15T14:03:53.154-03:00 DEBUG 25938 --- [tienda-ms-pedidos] [           main] o.s.b.f.s.DefaultListableBeanFactory     : Creating shared instance of singleton bean 'org.springframework.transaction.config.internalTransactionalEventListenerFactory'
2024-12-15T14:03:53.157-03:00 DEBUG 25938 --- [tienda-ms-pedidos] [           main] o.s.b.f.s.DefaultListableBeanFactory     : Creating shared instance of singleton bean 'org.springframework.context.annotation.internalAutowiredAnnotationProcessor'
2024-12-15T14:03:53.158-03:00 DEBUG 25938 --- [tienda-ms-pedidos] [           main] o.s.b.f.s.DefaultListableBeanFactory     : Creating shared instance of singleton bean 'org.springframework.context.annotation.internalCommonAnnotationProcessor'
2024-12-15T14:03:53.160-03:00 DEBUG 25938 --- [tienda-ms-pedidos] [           main] o.s.b.f.s.DefaultListableBeanFactory     : Creating shared instance of singleton bean 'org.springframework.context.annotation.internalPersistenceAnnotationProcessor'
2024-12-15T14:03:53.160-03:00 DEBUG 25938 --- [tienda-ms-pedidos] [           main] o.s.b.f.s.DefaultListableBeanFactory     : Creating shared instance of singleton bean 'org.springframework.boot.test.mock.mockito.MockitoPostProcessor$SpyPostProcessor'
2024-12-15T14:03:53.161-03:00 DEBUG 25938 --- [tienda-ms-pedidos] [           main] o.s.b.f.s.DefaultListableBeanFactory     : Creating shared instance of singleton bean 'jdbcConnectionDetailsHikariBeanPostProcessor'
2024-12-15T14:03:53.163-03:00 DEBUG 25938 --- [tienda-ms-pedidos] [           main] o.s.b.f.s.DefaultListableBeanFactory     : Creating shared instance of singleton bean 'org.springframework.boot.context.properties.ConfigurationPropertiesBindingPostProcessor'
2024-12-15T14:03:53.163-03:00 DEBUG 25938 --- [tienda-ms-pedidos] [           main] o.s.b.f.s.DefaultListableBeanFactory     : Creating shared instance of singleton bean 'org.springframework.boot.context.internalConfigurationPropertiesBinder'
2024-12-15T14:03:53.165-03:00 DEBUG 25938 --- [tienda-ms-pedidos] [           main] o.s.b.f.s.DefaultListableBeanFactory     : Creating shared instance of singleton bean 'org.springframework.aop.config.internalAutoProxyCreator'
2024-12-15T14:03:53.172-03:00 DEBUG 25938 --- [tienda-ms-pedidos] [           main] o.s.b.f.s.DefaultListableBeanFactory     : Creating shared instance of singleton bean 'org.springframework.test.context.support.internalDynamicPropertyRegistrarBeanInitializer'
2024-12-15T14:03:53.172-03:00 DEBUG 25938 --- [tienda-ms-pedidos] [           main] o.s.b.f.s.DefaultListableBeanFactory     : Creating shared instance of singleton bean 'org.springframework.transaction.config.internalTransactionAdvisor'
2024-12-15T14:03:53.172-03:00 DEBUG 25938 --- [tienda-ms-pedidos] [           main] o.s.b.f.s.DefaultListableBeanFactory     : Creating shared instance of singleton bean 'org.springframework.transaction.annotation.ProxyTransactionManagementConfiguration'
2024-12-15T14:03:53.183-03:00 DEBUG 25938 --- [tienda-ms-pedidos] [           main] o.s.b.f.s.DefaultListableBeanFactory     : Creating shared instance of singleton bean 'transactionAttributeSource'
2024-12-15T14:03:53.183-03:00 DEBUG 25938 --- [tienda-ms-pedidos] [           main] o.s.b.f.s.DefaultListableBeanFactory     : Creating shared instance of singleton bean 'transactionInterceptor'
2024-12-15T14:03:53.184-03:00 DEBUG 25938 --- [tienda-ms-pedidos] [           main] o.s.b.f.s.DefaultListableBeanFactory     : Autowiring by type from bean name 'transactionInterceptor' via factory method to bean named 'transactionAttributeSource'
2024-12-15T14:03:53.186-03:00 DEBUG 25938 --- [tienda-ms-pedidos] [           main] o.s.b.f.s.DefaultListableBeanFactory     : Autowiring by type from bean name 'org.springframework.transaction.config.internalTransactionAdvisor' via factory method to bean named 'transactionAttributeSource'
2024-12-15T14:03:53.186-03:00 DEBUG 25938 --- [tienda-ms-pedidos] [           main] o.s.b.f.s.DefaultListableBeanFactory     : Autowiring by type from bean name 'org.springframework.transaction.config.internalTransactionAdvisor' via factory method to bean named 'transactionInterceptor'
2024-12-15T14:03:53.189-03:00 DEBUG 25938 --- [tienda-ms-pedidos] [           main] o.s.b.f.s.DefaultListableBeanFactory     : Creating shared instance of singleton bean 'entityManagerFactory'
2024-12-15T14:03:53.189-03:00 DEBUG 25938 --- [tienda-ms-pedidos] [           main] o.s.b.f.s.DefaultListableBeanFactory     : Creating shared instance of singleton bean 'org.springframework.boot.autoconfigure.orm.jpa.HibernateJpaConfiguration'
2024-12-15T14:03:53.189-03:00 DEBUG 25938 --- [tienda-ms-pedidos] [           main] o.s.b.f.s.DefaultListableBeanFactory     : Creating shared instance of singleton bean 'dataSource'
2024-12-15T14:03:53.189-03:00 DEBUG 25938 --- [tienda-ms-pedidos] [           main] o.s.b.f.s.DefaultListableBeanFactory     : Creating shared instance of singleton bean 'org.springframework.boot.autoconfigure.jdbc.DataSourceConfiguration$Hikari'
2024-12-15T14:03:53.190-03:00 DEBUG 25938 --- [tienda-ms-pedidos] [           main] o.s.b.f.s.DefaultListableBeanFactory     : Creating shared instance of singleton bean 'spring.datasource-org.springframework.boot.autoconfigure.jdbc.DataSourceProperties'
2024-12-15T14:03:53.190-03:00 DEBUG 25938 --- [tienda-ms-pedidos] [           main] o.s.b.f.s.DefaultListableBeanFactory     : Creating shared instance of singleton bean 'org.springframework.boot.context.properties.BoundConfigurationProperties'
2024-12-15T14:03:53.198-03:00 DEBUG 25938 --- [tienda-ms-pedidos] [           main] o.s.b.f.s.DefaultListableBeanFactory     : Creating shared instance of singleton bean 'jdbcConnectionDetails'
2024-12-15T14:03:53.199-03:00 DEBUG 25938 --- [tienda-ms-pedidos] [           main] o.s.b.f.s.DefaultListableBeanFactory     : Creating shared instance of singleton bean 'org.springframework.boot.autoconfigure.jdbc.DataSourceAutoConfiguration$PooledDataSourceConfiguration'
2024-12-15T14:03:53.199-03:00 DEBUG 25938 --- [tienda-ms-pedidos] [           main] o.s.b.f.s.DefaultListableBeanFactory     : Autowiring by type from bean name 'jdbcConnectionDetails' via factory method to bean named 'spring.datasource-org.springframework.boot.autoconfigure.jdbc.DataSourceProperties'
2024-12-15T14:03:53.200-03:00 DEBUG 25938 --- [tienda-ms-pedidos] [           main] o.s.b.f.s.DefaultListableBeanFactory     : Autowiring by type from bean name 'dataSource' via factory method to bean named 'spring.datasource-org.springframework.boot.autoconfigure.jdbc.DataSourceProperties'
2024-12-15T14:03:53.200-03:00 DEBUG 25938 --- [tienda-ms-pedidos] [           main] o.s.b.f.s.DefaultListableBeanFactory     : Autowiring by type from bean name 'dataSource' via factory method to bean named 'jdbcConnectionDetails'
2024-12-15T14:03:53.216-03:00 DEBUG 25938 --- [tienda-ms-pedidos] [           main] o.s.b.f.s.DefaultListableBeanFactory     : Creating shared instance of singleton bean 'spring.jpa-org.springframework.boot.autoconfigure.orm.jpa.JpaProperties'
2024-12-15T14:03:53.219-03:00 DEBUG 25938 --- [tienda-ms-pedidos] [           main] o.s.b.f.s.DefaultListableBeanFactory     : Creating shared instance of singleton bean 'spring.jpa.hibernate-org.springframework.boot.autoconfigure.orm.jpa.HibernateProperties'
2024-12-15T14:03:53.220-03:00 DEBUG 25938 --- [tienda-ms-pedidos] [           main] o.s.b.f.s.DefaultListableBeanFactory     : Autowiring by type from bean name 'org.springframework.boot.autoconfigure.orm.jpa.HibernateJpaConfiguration' via constructor to bean named 'dataSource'
2024-12-15T14:03:53.220-03:00 DEBUG 25938 --- [tienda-ms-pedidos] [           main] o.s.b.f.s.DefaultListableBeanFactory     : Autowiring by type from bean name 'org.springframework.boot.autoconfigure.orm.jpa.HibernateJpaConfiguration' via constructor to bean named 'spring.jpa-org.springframework.boot.autoconfigure.orm.jpa.JpaProperties'
2024-12-15T14:03:53.220-03:00 DEBUG 25938 --- [tienda-ms-pedidos] [           main] o.s.b.f.s.DefaultListableBeanFactory     : Autowiring by type from bean name 'org.springframework.boot.autoconfigure.orm.jpa.HibernateJpaConfiguration' via constructor to bean named 'org.springframework.beans.factory.support.DefaultListableBeanFactory@ce655b9'
2024-12-15T14:03:53.220-03:00 DEBUG 25938 --- [tienda-ms-pedidos] [           main] o.s.b.f.s.DefaultListableBeanFactory     : Autowiring by type from bean name 'org.springframework.boot.autoconfigure.orm.jpa.HibernateJpaConfiguration' via constructor to bean named 'spring.jpa.hibernate-org.springframework.boot.autoconfigure.orm.jpa.HibernateProperties'
2024-12-15T14:03:53.222-03:00 DEBUG 25938 --- [tienda-ms-pedidos] [           main] o.s.b.f.s.DefaultListableBeanFactory     : Creating shared instance of singleton bean 'hikariPoolDataSourceMetadataProvider'
2024-12-15T14:03:53.222-03:00 DEBUG 25938 --- [tienda-ms-pedidos] [           main] o.s.b.f.s.DefaultListableBeanFactory     : Creating shared instance of singleton bean 'org.springframework.boot.autoconfigure.jdbc.metadata.DataSourcePoolMetadataProvidersConfiguration$HikariPoolDataSourceMetadataProviderConfiguration'
2024-12-15T14:03:53.225-03:00 DEBUG 25938 --- [tienda-ms-pedidos] [           main] o.s.b.f.s.DefaultListableBeanFactory     : Creating shared instance of singleton bean 'entityManagerFactoryBuilder'
2024-12-15T14:03:53.225-03:00 DEBUG 25938 --- [tienda-ms-pedidos] [           main] o.s.b.f.s.DefaultListableBeanFactory     : Creating shared instance of singleton bean 'jpaVendorAdapter'
2024-12-15T14:03:53.233-03:00 DEBUG 25938 --- [tienda-ms-pedidos] [           main] o.s.b.f.s.DefaultListableBeanFactory     : Autowiring by type from bean name 'entityManagerFactoryBuilder' via factory method to bean named 'jpaVendorAdapter'
2024-12-15T14:03:53.239-03:00 DEBUG 25938 --- [tienda-ms-pedidos] [           main] o.s.b.f.s.DefaultListableBeanFactory     : Creating shared instance of singleton bean 'persistenceManagedTypes'
2024-12-15T14:03:53.239-03:00 DEBUG 25938 --- [tienda-ms-pedidos] [           main] o.s.b.f.s.DefaultListableBeanFactory     : Autowiring by type from bean name 'persistenceManagedTypes' via factory method to bean named 'org.springframework.beans.factory.support.DefaultListableBeanFactory@ce655b9'
2024-12-15T14:03:53.239-03:00 DEBUG 25938 --- [tienda-ms-pedidos] [           main] o.s.b.f.s.DefaultListableBeanFactory     : Autowiring by type from bean name 'persistenceManagedTypes' via factory method to bean named 'org.springframework.context.annotation.AnnotationConfigApplicationContext@4f114b'
2024-12-15T14:03:53.244-03:00 DEBUG 25938 --- [tienda-ms-pedidos] [           main] o.s.b.f.s.DefaultListableBeanFactory     : Autowiring by type from bean name 'entityManagerFactory' via factory method to bean named 'entityManagerFactoryBuilder'
2024-12-15T14:03:53.244-03:00 DEBUG 25938 --- [tienda-ms-pedidos] [           main] o.s.b.f.s.DefaultListableBeanFactory     : Autowiring by type from bean name 'entityManagerFactory' via factory method to bean named 'persistenceManagedTypes'
2024-12-15T14:03:53.257-03:00 DEBUG 25938 --- [tienda-ms-pedidos] [           main] j.LocalContainerEntityManagerFactoryBean : Building JPA container EntityManagerFactory for persistence unit 'default'
2024-12-15T14:03:53.270-03:00 DEBUG 25938 --- [tienda-ms-pedidos] [           main] o.hibernate.jpa.internal.util.LogHelper  : PersistenceUnitInfo [
	name: default
	persistence provider classname: null
	classloader: jdk.internal.loader.ClassLoaders$AppClassLoader@5a07e868
	excludeUnlistedClasses: true
	JTA datasource: null
	Non JTA datasource: HikariDataSource (null)
	Transaction type: RESOURCE_LOCAL
	PU root URL: file:/Users/gonzaloduranadasme/Documents/GitHub/FS3_Sumativa/backend-arquetipo/tienda-ms-pedidos/target/test-classes/
	Shared Cache Mode: UNSPECIFIED
	Validation Mode: AUTO
	Jar files URLs []
	Managed classes names [
		com.example.tienda_ms_pedidos.model.Categoria
		com.example.tienda_ms_pedidos.model.DetalleOrden
		com.example.tienda_ms_pedidos.model.Orden
		com.example.tienda_ms_pedidos.model.Producto]
	Mapping files names []
	Properties []
2024-12-15T14:03:53.278-03:00 DEBUG 25938 --- [tienda-ms-pedidos] [           main] o.h.i.internal.IntegratorServiceImpl     : Adding Integrator [org.hibernate.boot.beanvalidation.BeanValidationIntegrator].
2024-12-15T14:03:53.279-03:00 DEBUG 25938 --- [tienda-ms-pedidos] [           main] o.h.i.internal.IntegratorServiceImpl     : Adding Integrator [org.hibernate.cache.internal.CollectionCacheInvalidator].
2024-12-15T14:03:53.313-03:00  INFO 25938 --- [tienda-ms-pedidos] [           main] org.hibernate.Version                    : HHH000412: Hibernate ORM core version 6.6.2.Final
2024-12-15T14:03:53.314-03:00 DEBUG 25938 --- [tienda-ms-pedidos] [           main] org.hibernate.cfg.Environment            : HHH000206: 'hibernate.properties' not found
2024-12-15T14:03:53.329-03:00 DEBUG 25938 --- [tienda-ms-pedidos] [           main] org.hibernate.orm.idgen.factory          : Registering IdentifierGenerator strategy [uuid2] -> [org.hibernate.id.UUIDGenerator]
2024-12-15T14:03:53.329-03:00 DEBUG 25938 --- [tienda-ms-pedidos] [           main] org.hibernate.orm.idgen.factory          : Registering IdentifierGenerator strategy [guid] -> [org.hibernate.id.GUIDGenerator]
2024-12-15T14:03:53.330-03:00 DEBUG 25938 --- [tienda-ms-pedidos] [           main] org.hibernate.orm.idgen.factory          : Registering IdentifierGenerator strategy [uuid] -> [org.hibernate.id.UUIDHexGenerator]
2024-12-15T14:03:53.330-03:00 DEBUG 25938 --- [tienda-ms-pedidos] [           main] org.hibernate.orm.idgen.factory          : Registering IdentifierGenerator strategy [uuid.hex] -> [org.hibernate.id.UUIDHexGenerator]
2024-12-15T14:03:53.330-03:00 DEBUG 25938 --- [tienda-ms-pedidos] [           main] org.hibernate.orm.idgen.factory          : Registering IdentifierGenerator strategy [assigned] -> [org.hibernate.id.Assigned]
2024-12-15T14:03:53.330-03:00 DEBUG 25938 --- [tienda-ms-pedidos] [           main] org.hibernate.orm.idgen.factory          : Registering IdentifierGenerator strategy [identity] -> [org.hibernate.id.IdentityGenerator]
2024-12-15T14:03:53.331-03:00 DEBUG 25938 --- [tienda-ms-pedidos] [           main] org.hibernate.orm.idgen.factory          : Registering IdentifierGenerator strategy [select] -> [org.hibernate.id.SelectGenerator]
2024-12-15T14:03:53.332-03:00 DEBUG 25938 --- [tienda-ms-pedidos] [           main] org.hibernate.orm.idgen.factory          : Registering IdentifierGenerator strategy [sequence] -> [org.hibernate.id.enhanced.SequenceStyleGenerator]
2024-12-15T14:03:53.332-03:00 DEBUG 25938 --- [tienda-ms-pedidos] [           main] org.hibernate.orm.idgen.factory          : Registering IdentifierGenerator strategy [increment] -> [org.hibernate.id.IncrementGenerator]
2024-12-15T14:03:53.332-03:00 DEBUG 25938 --- [tienda-ms-pedidos] [           main] org.hibernate.orm.idgen.factory          : Registering IdentifierGenerator strategy [foreign] -> [org.hibernate.id.ForeignGenerator]
2024-12-15T14:03:53.332-03:00 DEBUG 25938 --- [tienda-ms-pedidos] [           main] org.hibernate.orm.idgen.factory          : Registering IdentifierGenerator strategy [enhanced-sequence] -> [org.hibernate.id.enhanced.SequenceStyleGenerator]
2024-12-15T14:03:53.333-03:00 DEBUG 25938 --- [tienda-ms-pedidos] [           main] org.hibernate.orm.idgen.factory          : Registering IdentifierGenerator strategy [enhanced-table] -> [org.hibernate.id.enhanced.TableGenerator]
2024-12-15T14:03:53.338-03:00 DEBUG 25938 --- [tienda-ms-pedidos] [           main] o.h.c.internal.RegionFactoryInitiator    : Cannot default RegionFactory based on registered strategies as `[]` RegionFactory strategies were registered
2024-12-15T14:03:53.338-03:00  INFO 25938 --- [tienda-ms-pedidos] [           main] o.h.c.internal.RegionFactoryInitiator    : HHH000026: Second-level cache disabled
2024-12-15T14:03:53.395-03:00 DEBUG 25938 --- [tienda-ms-pedidos] [           main] org.hibernate.type.BasicTypeRegistry     : Adding type registration boolean -> org.hibernate.type.BasicTypeReference@189f3ccd
2024-12-15T14:03:53.395-03:00 DEBUG 25938 --- [tienda-ms-pedidos] [           main] org.hibernate.type.BasicTypeRegistry     : Adding type registration boolean -> org.hibernate.type.BasicTypeReference@189f3ccd
2024-12-15T14:03:53.395-03:00 DEBUG 25938 --- [tienda-ms-pedidos] [           main] org.hibernate.type.BasicTypeRegistry     : Adding type registration java.lang.Boolean -> org.hibernate.type.BasicTypeReference@189f3ccd
2024-12-15T14:03:53.395-03:00 DEBUG 25938 --- [tienda-ms-pedidos] [           main] org.hibernate.type.BasicTypeRegistry     : Adding type registration numeric_boolean -> org.hibernate.type.BasicTypeReference@2eb0932c
2024-12-15T14:03:53.396-03:00 DEBUG 25938 --- [tienda-ms-pedidos] [           main] org.hibernate.type.BasicTypeRegistry     : Adding type registration org.hibernate.type.NumericBooleanConverter -> org.hibernate.type.BasicTypeReference@2eb0932c
2024-12-15T14:03:53.396-03:00 DEBUG 25938 --- [tienda-ms-pedidos] [           main] org.hibernate.type.BasicTypeRegistry     : Adding type registration true_false -> org.hibernate.type.BasicTypeReference@82382d1
2024-12-15T14:03:53.396-03:00 DEBUG 25938 --- [tienda-ms-pedidos] [           main] org.hibernate.type.BasicTypeRegistry     : Adding type registration org.hibernate.type.TrueFalseConverter -> org.hibernate.type.BasicTypeReference@82382d1
2024-12-15T14:03:53.396-03:00 DEBUG 25938 --- [tienda-ms-pedidos] [           main] org.hibernate.type.BasicTypeRegistry     : Adding type registration yes_no -> org.hibernate.type.BasicTypeReference@6c120b00
2024-12-15T14:03:53.396-03:00 DEBUG 25938 --- [tienda-ms-pedidos] [           main] org.hibernate.type.BasicTypeRegistry     : Adding type registration org.hibernate.type.YesNoConverter -> org.hibernate.type.BasicTypeReference@6c120b00
2024-12-15T14:03:53.396-03:00 DEBUG 25938 --- [tienda-ms-pedidos] [           main] org.hibernate.type.BasicTypeRegistry     : Adding type registration byte -> org.hibernate.type.BasicTypeReference@d8a2b1b
2024-12-15T14:03:53.396-03:00 DEBUG 25938 --- [tienda-ms-pedidos] [           main] org.hibernate.type.BasicTypeRegistry     : Adding type registration byte -> org.hibernate.type.BasicTypeReference@d8a2b1b
2024-12-15T14:03:53.396-03:00 DEBUG 25938 --- [tienda-ms-pedidos] [           main] org.hibernate.type.BasicTypeRegistry     : Adding type registration java.lang.Byte -> org.hibernate.type.BasicTypeReference@d8a2b1b
2024-12-15T14:03:53.396-03:00 DEBUG 25938 --- [tienda-ms-pedidos] [           main] org.hibernate.type.BasicTypeRegistry     : Adding type registration binary -> org.hibernate.type.BasicTypeReference@2709e075
2024-12-15T14:03:53.396-03:00 DEBUG 25938 --- [tienda-ms-pedidos] [           main] org.hibernate.type.BasicTypeRegistry     : Adding type registration byte[] -> org.hibernate.type.BasicTypeReference@2709e075
2024-12-15T14:03:53.396-03:00 DEBUG 25938 --- [tienda-ms-pedidos] [           main] org.hibernate.type.BasicTypeRegistry     : Adding type registration [B -> org.hibernate.type.BasicTypeReference@2709e075
2024-12-15T14:03:53.396-03:00 DEBUG 25938 --- [tienda-ms-pedidos] [           main] org.hibernate.type.BasicTypeRegistry     : Adding type registration binary_wrapper -> org.hibernate.type.BasicTypeReference@3328db4f
2024-12-15T14:03:53.396-03:00 DEBUG 25938 --- [tienda-ms-pedidos] [           main] org.hibernate.type.BasicTypeRegistry     : Adding type registration wrapper-binary -> org.hibernate.type.BasicTypeReference@3328db4f
2024-12-15T14:03:53.396-03:00 DEBUG 25938 --- [tienda-ms-pedidos] [           main] org.hibernate.type.BasicTypeRegistry     : Adding type registration image -> org.hibernate.type.BasicTypeReference@4f9e9c21
2024-12-15T14:03:53.396-03:00 DEBUG 25938 --- [tienda-ms-pedidos] [           main] org.hibernate.type.BasicTypeRegistry     : Adding type registration blob -> org.hibernate.type.BasicTypeReference@1390a43a
2024-12-15T14:03:53.396-03:00 DEBUG 25938 --- [tienda-ms-pedidos] [           main] org.hibernate.type.BasicTypeRegistry     : Adding type registration java.sql.Blob -> org.hibernate.type.BasicTypeReference@1390a43a
2024-12-15T14:03:53.396-03:00 DEBUG 25938 --- [tienda-ms-pedidos] [           main] org.hibernate.type.BasicTypeRegistry     : Adding type registration materialized_blob -> org.hibernate.type.BasicTypeReference@7bf2e475
2024-12-15T14:03:53.396-03:00 DEBUG 25938 --- [tienda-ms-pedidos] [           main] org.hibernate.type.BasicTypeRegistry     : Adding type registration materialized_blob_wrapper -> org.hibernate.type.BasicTypeReference@e75bae7
2024-12-15T14:03:53.396-03:00 DEBUG 25938 --- [tienda-ms-pedidos] [           main] org.hibernate.type.BasicTypeRegistry     : Adding type registration short -> org.hibernate.type.BasicTypeReference@3531509c
2024-12-15T14:03:53.396-03:00 DEBUG 25938 --- [tienda-ms-pedidos] [           main] org.hibernate.type.BasicTypeRegistry     : Adding type registration short -> org.hibernate.type.BasicTypeReference@3531509c
2024-12-15T14:03:53.396-03:00 DEBUG 25938 --- [tienda-ms-pedidos] [           main] org.hibernate.type.BasicTypeRegistry     : Adding type registration java.lang.Short -> org.hibernate.type.BasicTypeReference@3531509c
2024-12-15T14:03:53.396-03:00 DEBUG 25938 --- [tienda-ms-pedidos] [           main] org.hibernate.type.BasicTypeRegistry     : Adding type registration integer -> org.hibernate.type.BasicTypeReference@23169374
2024-12-15T14:03:53.396-03:00 DEBUG 25938 --- [tienda-ms-pedidos] [           main] org.hibernate.type.BasicTypeRegistry     : Adding type registration int -> org.hibernate.type.BasicTypeReference@23169374
2024-12-15T14:03:53.397-03:00 DEBUG 25938 --- [tienda-ms-pedidos] [           main] org.hibernate.type.BasicTypeRegistry     : Adding type registration java.lang.Integer -> org.hibernate.type.BasicTypeReference@23169374
2024-12-15T14:03:53.397-03:00 DEBUG 25938 --- [tienda-ms-pedidos] [           main] org.hibernate.type.BasicTypeRegistry     : Adding type registration long -> org.hibernate.type.BasicTypeReference@4f2b1a2f
2024-12-15T14:03:53.397-03:00 DEBUG 25938 --- [tienda-ms-pedidos] [           main] org.hibernate.type.BasicTypeRegistry     : Adding type registration long -> org.hibernate.type.BasicTypeReference@4f2b1a2f
2024-12-15T14:03:53.397-03:00 DEBUG 25938 --- [tienda-ms-pedidos] [           main] org.hibernate.type.BasicTypeRegistry     : Adding type registration java.lang.Long -> org.hibernate.type.BasicTypeReference@4f2b1a2f
2024-12-15T14:03:53.397-03:00 DEBUG 25938 --- [tienda-ms-pedidos] [           main] org.hibernate.type.BasicTypeRegistry     : Adding type registration float -> org.hibernate.type.BasicTypeReference@6c2a33af
2024-12-15T14:03:53.397-03:00 DEBUG 25938 --- [tienda-ms-pedidos] [           main] org.hibernate.type.BasicTypeRegistry     : Adding type registration float -> org.hibernate.type.BasicTypeReference@6c2a33af
2024-12-15T14:03:53.397-03:00 DEBUG 25938 --- [tienda-ms-pedidos] [           main] org.hibernate.type.BasicTypeRegistry     : Adding type registration java.lang.Float -> org.hibernate.type.BasicTypeReference@6c2a33af
2024-12-15T14:03:53.397-03:00 DEBUG 25938 --- [tienda-ms-pedidos] [           main] org.hibernate.type.BasicTypeRegistry     : Adding type registration double -> org.hibernate.type.BasicTypeReference@53202b06
2024-12-15T14:03:53.397-03:00 DEBUG 25938 --- [tienda-ms-pedidos] [           main] org.hibernate.type.BasicTypeRegistry     : Adding type registration double -> org.hibernate.type.BasicTypeReference@53202b06
2024-12-15T14:03:53.397-03:00 DEBUG 25938 --- [tienda-ms-pedidos] [           main] org.hibernate.type.BasicTypeRegistry     : Adding type registration java.lang.Double -> org.hibernate.type.BasicTypeReference@53202b06
2024-12-15T14:03:53.397-03:00 DEBUG 25938 --- [tienda-ms-pedidos] [           main] org.hibernate.type.BasicTypeRegistry     : Adding type registration big_integer -> org.hibernate.type.BasicTypeReference@44ba9f25
2024-12-15T14:03:53.397-03:00 DEBUG 25938 --- [tienda-ms-pedidos] [           main] org.hibernate.type.BasicTypeRegistry     : Adding type registration java.math.BigInteger -> org.hibernate.type.BasicTypeReference@44ba9f25
2024-12-15T14:03:53.397-03:00 DEBUG 25938 --- [tienda-ms-pedidos] [           main] org.hibernate.type.BasicTypeRegistry     : Adding type registration big_decimal -> org.hibernate.type.BasicTypeReference@53570fff
2024-12-15T14:03:53.397-03:00 DEBUG 25938 --- [tienda-ms-pedidos] [           main] org.hibernate.type.BasicTypeRegistry     : Adding type registration java.math.BigDecimal -> org.hibernate.type.BasicTypeReference@53570fff
2024-12-15T14:03:53.397-03:00 DEBUG 25938 --- [tienda-ms-pedidos] [           main] org.hibernate.type.BasicTypeRegistry     : Adding type registration character -> org.hibernate.type.BasicTypeReference@6e5df971
2024-12-15T14:03:53.397-03:00 DEBUG 25938 --- [tienda-ms-pedidos] [           main] org.hibernate.type.BasicTypeRegistry     : Adding type registration char -> org.hibernate.type.BasicTypeReference@6e5df971
2024-12-15T14:03:53.397-03:00 DEBUG 25938 --- [tienda-ms-pedidos] [           main] org.hibernate.type.BasicTypeRegistry     : Adding type registration java.lang.Character -> org.hibernate.type.BasicTypeReference@6e5df971
2024-12-15T14:03:53.397-03:00 DEBUG 25938 --- [tienda-ms-pedidos] [           main] org.hibernate.type.BasicTypeRegistry     : Adding type registration character_nchar -> org.hibernate.type.BasicTypeReference@3c7787a7
2024-12-15T14:03:53.397-03:00 DEBUG 25938 --- [tienda-ms-pedidos] [           main] org.hibernate.type.BasicTypeRegistry     : Adding type registration string -> org.hibernate.type.BasicTypeReference@2ca464bb
2024-12-15T14:03:53.397-03:00 DEBUG 25938 --- [tienda-ms-pedidos] [           main] org.hibernate.type.BasicTypeRegistry     : Adding type registration java.lang.String -> org.hibernate.type.BasicTypeReference@2ca464bb
2024-12-15T14:03:53.398-03:00 DEBUG 25938 --- [tienda-ms-pedidos] [           main] org.hibernate.type.BasicTypeRegistry     : Adding type registration nstring -> org.hibernate.type.BasicTypeReference@4767be27
2024-12-15T14:03:53.398-03:00 DEBUG 25938 --- [tienda-ms-pedidos] [           main] org.hibernate.type.BasicTypeRegistry     : Adding type registration characters -> org.hibernate.type.BasicTypeReference@46f041cb
2024-12-15T14:03:53.398-03:00 DEBUG 25938 --- [tienda-ms-pedidos] [           main] org.hibernate.type.BasicTypeRegistry     : Adding type registration char[] -> org.hibernate.type.BasicTypeReference@46f041cb
2024-12-15T14:03:53.398-03:00 DEBUG 25938 --- [tienda-ms-pedidos] [           main] org.hibernate.type.BasicTypeRegistry     : Adding type registration [C -> org.hibernate.type.BasicTypeReference@46f041cb
2024-12-15T14:03:53.398-03:00 DEBUG 25938 --- [tienda-ms-pedidos] [           main] org.hibernate.type.BasicTypeRegistry     : Adding type registration wrapper-characters -> org.hibernate.type.BasicTypeReference@46baac0d
2024-12-15T14:03:53.398-03:00 DEBUG 25938 --- [tienda-ms-pedidos] [           main] org.hibernate.type.BasicTypeRegistry     : Adding type registration text -> org.hibernate.type.BasicTypeReference@493489dd
2024-12-15T14:03:53.398-03:00 DEBUG 25938 --- [tienda-ms-pedidos] [           main] org.hibernate.type.BasicTypeRegistry     : Adding type registration ntext -> org.hibernate.type.BasicTypeReference@3358805a
2024-12-15T14:03:53.398-03:00 DEBUG 25938 --- [tienda-ms-pedidos] [           main] org.hibernate.type.BasicTypeRegistry     : Adding type registration clob -> org.hibernate.type.BasicTypeReference@77e261e3
2024-12-15T14:03:53.398-03:00 DEBUG 25938 --- [tienda-ms-pedidos] [           main] org.hibernate.type.BasicTypeRegistry     : Adding type registration java.sql.Clob -> org.hibernate.type.BasicTypeReference@77e261e3
2024-12-15T14:03:53.398-03:00 DEBUG 25938 --- [tienda-ms-pedidos] [           main] org.hibernate.type.BasicTypeRegistry     : Adding type registration nclob -> org.hibernate.type.BasicTypeReference@642b71d6
2024-12-15T14:03:53.398-03:00 DEBUG 25938 --- [tienda-ms-pedidos] [           main] org.hibernate.type.BasicTypeRegistry     : Adding type registration java.sql.NClob -> org.hibernate.type.BasicTypeReference@642b71d6
2024-12-15T14:03:53.398-03:00 DEBUG 25938 --- [tienda-ms-pedidos] [           main] org.hibernate.type.BasicTypeRegistry     : Adding type registration materialized_clob -> org.hibernate.type.BasicTypeReference@93c66ef
2024-12-15T14:03:53.398-03:00 DEBUG 25938 --- [tienda-ms-pedidos] [           main] org.hibernate.type.BasicTypeRegistry     : Adding type registration materialized_clob_char_array -> org.hibernate.type.BasicTypeReference@7e916dc2
2024-12-15T14:03:53.398-03:00 DEBUG 25938 --- [tienda-ms-pedidos] [           main] org.hibernate.type.BasicTypeRegistry     : Adding type registration materialized_clob_character_array -> org.hibernate.type.BasicTypeReference@1a18e68a
2024-12-15T14:03:53.398-03:00 DEBUG 25938 --- [tienda-ms-pedidos] [           main] org.hibernate.type.BasicTypeRegistry     : Adding type registration materialized_nclob -> org.hibernate.type.BasicTypeReference@258291de
2024-12-15T14:03:53.398-03:00 DEBUG 25938 --- [tienda-ms-pedidos] [           main] org.hibernate.type.BasicTypeRegistry     : Adding type registration materialized_nclob_character_array -> org.hibernate.type.BasicTypeReference@4f63909f
2024-12-15T14:03:53.398-03:00 DEBUG 25938 --- [tienda-ms-pedidos] [           main] org.hibernate.type.BasicTypeRegistry     : Adding type registration materialized_nclob_char_array -> org.hibernate.type.BasicTypeReference@3ae91bcc
2024-12-15T14:03:53.398-03:00 DEBUG 25938 --- [tienda-ms-pedidos] [           main] org.hibernate.type.BasicTypeRegistry     : Adding type registration Duration -> org.hibernate.type.BasicTypeReference@679886ad
2024-12-15T14:03:53.398-03:00 DEBUG 25938 --- [tienda-ms-pedidos] [           main] org.hibernate.type.BasicTypeRegistry     : Adding type registration java.time.Duration -> org.hibernate.type.BasicTypeReference@679886ad
2024-12-15T14:03:53.398-03:00 DEBUG 25938 --- [tienda-ms-pedidos] [           main] org.hibernate.type.BasicTypeRegistry     : Adding type registration LocalDateTime -> org.hibernate.type.BasicTypeReference@5625e7e1
2024-12-15T14:03:53.398-03:00 DEBUG 25938 --- [tienda-ms-pedidos] [           main] org.hibernate.type.BasicTypeRegistry     : Adding type registration java.time.LocalDateTime -> org.hibernate.type.BasicTypeReference@5625e7e1
2024-12-15T14:03:53.398-03:00 DEBUG 25938 --- [tienda-ms-pedidos] [           main] org.hibernate.type.BasicTypeRegistry     : Adding type registration LocalDate -> org.hibernate.type.BasicTypeReference@59172d2
2024-12-15T14:03:53.398-03:00 DEBUG 25938 --- [tienda-ms-pedidos] [           main] org.hibernate.type.BasicTypeRegistry     : Adding type registration java.time.LocalDate -> org.hibernate.type.BasicTypeReference@59172d2
2024-12-15T14:03:53.398-03:00 DEBUG 25938 --- [tienda-ms-pedidos] [           main] org.hibernate.type.BasicTypeRegistry     : Adding type registration LocalTime -> org.hibernate.type.BasicTypeReference@77d42ed7
2024-12-15T14:03:53.399-03:00 DEBUG 25938 --- [tienda-ms-pedidos] [           main] org.hibernate.type.BasicTypeRegistry     : Adding type registration java.time.LocalTime -> org.hibernate.type.BasicTypeReference@77d42ed7
2024-12-15T14:03:53.399-03:00 DEBUG 25938 --- [tienda-ms-pedidos] [           main] org.hibernate.type.BasicTypeRegistry     : Adding type registration OffsetDateTime -> org.hibernate.type.BasicTypeReference@54da736e
2024-12-15T14:03:53.399-03:00 DEBUG 25938 --- [tienda-ms-pedidos] [           main] org.hibernate.type.BasicTypeRegistry     : Adding type registration java.time.OffsetDateTime -> org.hibernate.type.BasicTypeReference@54da736e
2024-12-15T14:03:53.399-03:00 DEBUG 25938 --- [tienda-ms-pedidos] [           main] org.hibernate.type.BasicTypeRegistry     : Adding type registration OffsetDateTimeWithTimezone -> org.hibernate.type.BasicTypeReference@2d398cfb
2024-12-15T14:03:53.399-03:00 DEBUG 25938 --- [tienda-ms-pedidos] [           main] org.hibernate.type.BasicTypeRegistry     : Adding type registration OffsetDateTimeWithoutTimezone -> org.hibernate.type.BasicTypeReference@23307c6c
2024-12-15T14:03:53.399-03:00 DEBUG 25938 --- [tienda-ms-pedidos] [           main] org.hibernate.type.BasicTypeRegistry     : Adding type registration OffsetTime -> org.hibernate.type.BasicTypeReference@75c45c4b
2024-12-15T14:03:53.399-03:00 DEBUG 25938 --- [tienda-ms-pedidos] [           main] org.hibernate.type.BasicTypeRegistry     : Adding type registration java.time.OffsetTime -> org.hibernate.type.BasicTypeReference@75c45c4b
2024-12-15T14:03:53.399-03:00 DEBUG 25938 --- [tienda-ms-pedidos] [           main] org.hibernate.type.BasicTypeRegistry     : Adding type registration OffsetTimeUtc -> org.hibernate.type.BasicTypeReference@7202009e
2024-12-15T14:03:53.399-03:00 DEBUG 25938 --- [tienda-ms-pedidos] [           main] org.hibernate.type.BasicTypeRegistry     : Adding type registration OffsetTimeWithTimezone -> org.hibernate.type.BasicTypeReference@133d0471
2024-12-15T14:03:53.399-03:00 DEBUG 25938 --- [tienda-ms-pedidos] [           main] org.hibernate.type.BasicTypeRegistry     : Adding type registration OffsetTimeWithoutTimezone -> org.hibernate.type.BasicTypeReference@33cec966
2024-12-15T14:03:53.399-03:00 DEBUG 25938 --- [tienda-ms-pedidos] [           main] org.hibernate.type.BasicTypeRegistry     : Adding type registration ZonedDateTime -> org.hibernate.type.BasicTypeReference@643fed50
2024-12-15T14:03:53.399-03:00 DEBUG 25938 --- [tienda-ms-pedidos] [           main] org.hibernate.type.BasicTypeRegistry     : Adding type registration java.time.ZonedDateTime -> org.hibernate.type.BasicTypeReference@643fed50
2024-12-15T14:03:53.399-03:00 DEBUG 25938 --- [tienda-ms-pedidos] [           main] org.hibernate.type.BasicTypeRegistry     : Adding type registration ZonedDateTimeWithTimezone -> org.hibernate.type.BasicTypeReference@65b07b9
2024-12-15T14:03:53.399-03:00 DEBUG 25938 --- [tienda-ms-pedidos] [           main] org.hibernate.type.BasicTypeRegistry     : Adding type registration ZonedDateTimeWithoutTimezone -> org.hibernate.type.BasicTypeReference@7dbe858f
2024-12-15T14:03:53.399-03:00 DEBUG 25938 --- [tienda-ms-pedidos] [           main] org.hibernate.type.BasicTypeRegistry     : Adding type registration date -> org.hibernate.type.BasicTypeReference@387ef6a7
2024-12-15T14:03:53.399-03:00 DEBUG 25938 --- [tienda-ms-pedidos] [           main] org.hibernate.type.BasicTypeRegistry     : Adding type registration java.sql.Date -> org.hibernate.type.BasicTypeReference@387ef6a7
2024-12-15T14:03:53.399-03:00 DEBUG 25938 --- [tienda-ms-pedidos] [           main] org.hibernate.type.BasicTypeRegistry     : Adding type registration time -> org.hibernate.type.BasicTypeReference@2330c995
2024-12-15T14:03:53.399-03:00 DEBUG 25938 --- [tienda-ms-pedidos] [           main] org.hibernate.type.BasicTypeRegistry     : Adding type registration java.sql.Time -> org.hibernate.type.BasicTypeReference@2330c995
2024-12-15T14:03:53.399-03:00 DEBUG 25938 --- [tienda-ms-pedidos] [           main] org.hibernate.type.BasicTypeRegistry     : Adding type registration timestamp -> org.hibernate.type.BasicTypeReference@7d086485
2024-12-15T14:03:53.399-03:00 DEBUG 25938 --- [tienda-ms-pedidos] [           main] org.hibernate.type.BasicTypeRegistry     : Adding type registration java.sql.Timestamp -> org.hibernate.type.BasicTypeReference@7d086485
2024-12-15T14:03:53.399-03:00 DEBUG 25938 --- [tienda-ms-pedidos] [           main] org.hibernate.type.BasicTypeRegistry     : Adding type registration java.util.Date -> org.hibernate.type.BasicTypeReference@7d086485
2024-12-15T14:03:53.399-03:00 DEBUG 25938 --- [tienda-ms-pedidos] [           main] org.hibernate.type.BasicTypeRegistry     : Adding type registration calendar -> org.hibernate.type.BasicTypeReference@74130456
2024-12-15T14:03:53.399-03:00 DEBUG 25938 --- [tienda-ms-pedidos] [           main] org.hibernate.type.BasicTypeRegistry     : Adding type registration java.util.Calendar -> org.hibernate.type.BasicTypeReference@74130456
2024-12-15T14:03:53.399-03:00 DEBUG 25938 --- [tienda-ms-pedidos] [           main] org.hibernate.type.BasicTypeRegistry     : Adding type registration java.util.GregorianCalendar -> org.hibernate.type.BasicTypeReference@74130456
2024-12-15T14:03:53.400-03:00 DEBUG 25938 --- [tienda-ms-pedidos] [           main] org.hibernate.type.BasicTypeRegistry     : Adding type registration calendar_date -> org.hibernate.type.BasicTypeReference@3b171fbd
2024-12-15T14:03:53.400-03:00 DEBUG 25938 --- [tienda-ms-pedidos] [           main] org.hibernate.type.BasicTypeRegistry     : Adding type registration calendar_time -> org.hibernate.type.BasicTypeReference@20dc763b
2024-12-15T14:03:53.400-03:00 DEBUG 25938 --- [tienda-ms-pedidos] [           main] org.hibernate.type.BasicTypeRegistry     : Adding type registration instant -> org.hibernate.type.BasicTypeReference@4c81e7c2
2024-12-15T14:03:53.400-03:00 DEBUG 25938 --- [tienda-ms-pedidos] [           main] org.hibernate.type.BasicTypeRegistry     : Adding type registration java.time.Instant -> org.hibernate.type.BasicTypeReference@4c81e7c2
2024-12-15T14:03:53.400-03:00 DEBUG 25938 --- [tienda-ms-pedidos] [           main] org.hibernate.type.BasicTypeRegistry     : Adding type registration uuid -> org.hibernate.type.BasicTypeReference@4fe8e318
2024-12-15T14:03:53.400-03:00 DEBUG 25938 --- [tienda-ms-pedidos] [           main] org.hibernate.type.BasicTypeRegistry     : Adding type registration java.util.UUID -> org.hibernate.type.BasicTypeReference@4fe8e318
2024-12-15T14:03:53.400-03:00 DEBUG 25938 --- [tienda-ms-pedidos] [           main] org.hibernate.type.BasicTypeRegistry     : Adding type registration pg-uuid -> org.hibernate.type.BasicTypeReference@4fe8e318
2024-12-15T14:03:53.400-03:00 DEBUG 25938 --- [tienda-ms-pedidos] [           main] org.hibernate.type.BasicTypeRegistry     : Adding type registration uuid-binary -> org.hibernate.type.BasicTypeReference@21e15093
2024-12-15T14:03:53.400-03:00 DEBUG 25938 --- [tienda-ms-pedidos] [           main] org.hibernate.type.BasicTypeRegistry     : Adding type registration uuid-char -> org.hibernate.type.BasicTypeReference@62cf873a
2024-12-15T14:03:53.400-03:00 DEBUG 25938 --- [tienda-ms-pedidos] [           main] org.hibernate.type.BasicTypeRegistry     : Adding type registration class -> org.hibernate.type.BasicTypeReference@21b3d356
2024-12-15T14:03:53.400-03:00 DEBUG 25938 --- [tienda-ms-pedidos] [           main] org.hibernate.type.BasicTypeRegistry     : Adding type registration java.lang.Class -> org.hibernate.type.BasicTypeReference@21b3d356
2024-12-15T14:03:53.400-03:00 DEBUG 25938 --- [tienda-ms-pedidos] [           main] org.hibernate.type.BasicTypeRegistry     : Adding type registration currency -> org.hibernate.type.BasicTypeReference@294b045b
2024-12-15T14:03:53.400-03:00 DEBUG 25938 --- [tienda-ms-pedidos] [           main] org.hibernate.type.BasicTypeRegistry     : Adding type registration Currency -> org.hibernate.type.BasicTypeReference@294b045b
2024-12-15T14:03:53.400-03:00 DEBUG 25938 --- [tienda-ms-pedidos] [           main] org.hibernate.type.BasicTypeRegistry     : Adding type registration java.util.Currency -> org.hibernate.type.BasicTypeReference@294b045b
2024-12-15T14:03:53.400-03:00 DEBUG 25938 --- [tienda-ms-pedidos] [           main] org.hibernate.type.BasicTypeRegistry     : Adding type registration locale -> org.hibernate.type.BasicTypeReference@285ac29
2024-12-15T14:03:53.400-03:00 DEBUG 25938 --- [tienda-ms-pedidos] [           main] org.hibernate.type.BasicTypeRegistry     : Adding type registration java.util.Locale -> org.hibernate.type.BasicTypeReference@285ac29
2024-12-15T14:03:53.400-03:00 DEBUG 25938 --- [tienda-ms-pedidos] [           main] org.hibernate.type.BasicTypeRegistry     : Adding type registration serializable -> org.hibernate.type.BasicTypeReference@1ced1d14
2024-12-15T14:03:53.401-03:00 DEBUG 25938 --- [tienda-ms-pedidos] [           main] org.hibernate.type.BasicTypeRegistry     : Adding type registration java.io.Serializable -> org.hibernate.type.BasicTypeReference@1ced1d14
2024-12-15T14:03:53.401-03:00 DEBUG 25938 --- [tienda-ms-pedidos] [           main] org.hibernate.type.BasicTypeRegistry     : Adding type registration timezone -> org.hibernate.type.BasicTypeReference@237b54bc
2024-12-15T14:03:53.401-03:00 DEBUG 25938 --- [tienda-ms-pedidos] [           main] org.hibernate.type.BasicTypeRegistry     : Adding type registration java.util.TimeZone -> org.hibernate.type.BasicTypeReference@237b54bc
2024-12-15T14:03:53.401-03:00 DEBUG 25938 --- [tienda-ms-pedidos] [           main] org.hibernate.type.BasicTypeRegistry     : Adding type registration ZoneOffset -> org.hibernate.type.BasicTypeReference@5263f554
2024-12-15T14:03:53.401-03:00 DEBUG 25938 --- [tienda-ms-pedidos] [           main] org.hibernate.type.BasicTypeRegistry     : Adding type registration java.time.ZoneOffset -> org.hibernate.type.BasicTypeReference@5263f554
2024-12-15T14:03:53.401-03:00 DEBUG 25938 --- [tienda-ms-pedidos] [           main] org.hibernate.type.BasicTypeRegistry     : Adding type registration url -> org.hibernate.type.BasicTypeReference@7d28efd5
2024-12-15T14:03:53.401-03:00 DEBUG 25938 --- [tienda-ms-pedidos] [           main] org.hibernate.type.BasicTypeRegistry     : Adding type registration java.net.URL -> org.hibernate.type.BasicTypeReference@7d28efd5
2024-12-15T14:03:53.401-03:00 DEBUG 25938 --- [tienda-ms-pedidos] [           main] org.hibernate.type.BasicTypeRegistry     : Adding type registration vector -> org.hibernate.type.BasicTypeReference@95958d9
2024-12-15T14:03:53.401-03:00 DEBUG 25938 --- [tienda-ms-pedidos] [           main] org.hibernate.type.BasicTypeRegistry     : Adding type registration float_vector -> org.hibernate.type.BasicTypeReference@70fe33fa
2024-12-15T14:03:53.401-03:00 DEBUG 25938 --- [tienda-ms-pedidos] [           main] org.hibernate.type.BasicTypeRegistry     : Adding type registration double_vector -> org.hibernate.type.BasicTypeReference@3dfaa1e4
2024-12-15T14:03:53.401-03:00 DEBUG 25938 --- [tienda-ms-pedidos] [           main] org.hibernate.type.BasicTypeRegistry     : Adding type registration byte_vector -> org.hibernate.type.BasicTypeReference@796a7c9
2024-12-15T14:03:53.401-03:00 DEBUG 25938 --- [tienda-ms-pedidos] [           main] org.hibernate.type.BasicTypeRegistry     : Adding type registration row_version -> org.hibernate.type.BasicTypeReference@44cab872
2024-12-15T14:03:53.403-03:00 DEBUG 25938 --- [tienda-ms-pedidos] [           main] org.hibernate.type.BasicTypeRegistry     : Adding type registration object -> org.hibernate.type.JavaObjectType@634d56eb
2024-12-15T14:03:53.404-03:00 DEBUG 25938 --- [tienda-ms-pedidos] [           main] org.hibernate.type.BasicTypeRegistry     : Adding type registration java.lang.Object -> org.hibernate.type.JavaObjectType@634d56eb
2024-12-15T14:03:53.404-03:00 DEBUG 25938 --- [tienda-ms-pedidos] [           main] org.hibernate.type.BasicTypeRegistry     : Adding type registration null -> org.hibernate.type.NullType@735b1ad2
2024-12-15T14:03:53.404-03:00 DEBUG 25938 --- [tienda-ms-pedidos] [           main] org.hibernate.type.BasicTypeRegistry     : Adding type registration imm_date -> org.hibernate.type.BasicTypeReference@34893693
2024-12-15T14:03:53.404-03:00 DEBUG 25938 --- [tienda-ms-pedidos] [           main] org.hibernate.type.BasicTypeRegistry     : Adding type registration imm_time -> org.hibernate.type.BasicTypeReference@6408a8ac
2024-12-15T14:03:53.404-03:00 DEBUG 25938 --- [tienda-ms-pedidos] [           main] org.hibernate.type.BasicTypeRegistry     : Adding type registration imm_timestamp -> org.hibernate.type.BasicTypeReference@2f70d78c
2024-12-15T14:03:53.404-03:00 DEBUG 25938 --- [tienda-ms-pedidos] [           main] org.hibernate.type.BasicTypeRegistry     : Adding type registration imm_calendar -> org.hibernate.type.BasicTypeReference@456c53a
2024-12-15T14:03:53.404-03:00 DEBUG 25938 --- [tienda-ms-pedidos] [           main] org.hibernate.type.BasicTypeRegistry     : Adding type registration imm_calendar_date -> org.hibernate.type.BasicTypeReference@7916568d
2024-12-15T14:03:53.404-03:00 DEBUG 25938 --- [tienda-ms-pedidos] [           main] org.hibernate.type.BasicTypeRegistry     : Adding type registration imm_calendar_time -> org.hibernate.type.BasicTypeReference@58fadccb
2024-12-15T14:03:53.404-03:00 DEBUG 25938 --- [tienda-ms-pedidos] [           main] org.hibernate.type.BasicTypeRegistry     : Adding type registration imm_binary -> org.hibernate.type.BasicTypeReference@711fbcef
2024-12-15T14:03:53.404-03:00 DEBUG 25938 --- [tienda-ms-pedidos] [           main] org.hibernate.type.BasicTypeRegistry     : Adding type registration imm_serializable -> org.hibernate.type.BasicTypeReference@43d2c8e3
2024-12-15T14:03:53.407-03:00 DEBUG 25938 --- [tienda-ms-pedidos] [           main] o.h.boot.internal.BootstrapContextImpl   : Injecting JPA temp ClassLoader [org.springframework.instrument.classloading.SimpleThrowawayClassLoader@7f97e963] into BootstrapContext; was [null]
2024-12-15T14:03:53.407-03:00 DEBUG 25938 --- [tienda-ms-pedidos] [           main] o.h.boot.internal.ClassLoaderAccessImpl  : ClassLoaderAccessImpl#injectTempClassLoader(org.springframework.instrument.classloading.SimpleThrowawayClassLoader@7f97e963) [was null]
2024-12-15T14:03:53.407-03:00 DEBUG 25938 --- [tienda-ms-pedidos] [           main] o.h.boot.internal.BootstrapContextImpl   : Injecting ScanEnvironment [org.hibernate.jpa.boot.internal.StandardJpaScanEnvironmentImpl@72155315] into BootstrapContext; was [null]
2024-12-15T14:03:53.407-03:00 DEBUG 25938 --- [tienda-ms-pedidos] [           main] o.h.boot.internal.BootstrapContextImpl   : Injecting ScanOptions [org.hibernate.boot.archive.scan.internal.StandardScanOptions@2cbae0f1] into BootstrapContext; was [org.hibernate.boot.archive.scan.internal.StandardScanOptions@3bf4b018]
2024-12-15T14:03:53.537-03:00  INFO 25938 --- [tienda-ms-pedidos] [           main] o.s.o.j.p.SpringPersistenceUnitInfo      : No LoadTimeWeaver setup: ignoring JPA class transformer
2024-12-15T14:03:53.537-03:00 DEBUG 25938 --- [tienda-ms-pedidos] [           main] o.h.boot.internal.BootstrapContextImpl   : Injecting JPA temp ClassLoader [null] into BootstrapContext; was [org.springframework.instrument.classloading.SimpleThrowawayClassLoader@7f97e963]
2024-12-15T14:03:53.537-03:00 DEBUG 25938 --- [tienda-ms-pedidos] [           main] o.h.boot.internal.ClassLoaderAccessImpl  : ClassLoaderAccessImpl#injectTempClassLoader(null) [was org.springframework.instrument.classloading.SimpleThrowawayClassLoader@7f97e963]
2024-12-15T14:03:53.947-03:00 DEBUG 25938 --- [tienda-ms-pedidos] [           main] o.h.e.j.e.i.JdbcEnvironmentInitiator     : Database ->
	   name : H2
	version : 2.3.232 (2024-08-11)
	  major : 2
	  minor : 3
2024-12-15T14:03:53.947-03:00 DEBUG 25938 --- [tienda-ms-pedidos] [           main] o.h.e.j.e.i.JdbcEnvironmentInitiator     : Driver ->
	   name : H2 JDBC Driver
	version : 2.3.232 (2024-08-11)
	  major : 2
	  minor : 3
2024-12-15T14:03:53.948-03:00 DEBUG 25938 --- [tienda-ms-pedidos] [           main] o.h.e.j.e.i.JdbcEnvironmentInitiator     : JDBC version : 4.3
2024-12-15T14:03:53.975-03:00  WARN 25938 --- [tienda-ms-pedidos] [           main] org.hibernate.dialect.Dialect            : HHH000511: The 2.3.232 version for [org.hibernate.dialect.OracleDialect] is no longer supported, hence certain features may not work properly. The minimum supported version is 19.0.0. Check the community dialects project for available legacy versions.
2024-12-15T14:03:53.980-03:00  WARN 25938 --- [tienda-ms-pedidos] [           main] org.hibernate.orm.deprecation            : HHH90000025: OracleDialect does not need to be specified explicitly using 'hibernate.dialect' (remove the property setting and it will be selected by default)
2024-12-15T14:03:53.980-03:00 DEBUG 25938 --- [tienda-ms-pedidos] [           main] org.hibernate.orm.dialect                : HHH035001: Using dialect: org.hibernate.dialect.OracleDialect, version: 2.3.232
2024-12-15T14:03:53.982-03:00 DEBUG 25938 --- [tienda-ms-pedidos] [           main] o.h.e.j.env.spi.IdentifierHelperBuilder  : JDBC driver metadata reported database stores quoted identifiers in neither upper, lower nor mixed case
2024-12-15T14:03:53.990-03:00  INFO 25938 --- [tienda-ms-pedidos] [           main] org.hibernate.orm.connections.pooling    : HHH10001005: Database info:
	Database JDBC URL [Connecting through datasource 'HikariDataSource (HikariPool-1)']
	Database driver: undefined/unknown
	Database version: 2.3.232
	Autocommit mode: undefined/unknown
	Isolation level: undefined/unknown
	Minimum pool size: undefined/unknown
	Maximum pool size: undefined/unknown
2024-12-15T14:03:53.996-03:00 DEBUG 25938 --- [tienda-ms-pedidos] [           main] o.h.t.d.jdbc.spi.JdbcTypeRegistry        : addDescriptor(NCharTypeDescriptor) replaced previous registration(CharTypeDescriptor)
2024-12-15T14:03:53.996-03:00 DEBUG 25938 --- [tienda-ms-pedidos] [           main] o.h.t.d.jdbc.spi.JdbcTypeRegistry        : addDescriptor(NVarcharTypeDescriptor) replaced previous registration(VarcharTypeDescriptor)
2024-12-15T14:03:53.996-03:00 DEBUG 25938 --- [tienda-ms-pedidos] [           main] o.h.t.d.jdbc.spi.JdbcTypeRegistry        : addDescriptor(LongNVarcharTypeDescriptor) replaced previous registration(LongVarcharTypeDescriptor)
2024-12-15T14:03:53.997-03:00 DEBUG 25938 --- [tienda-ms-pedidos] [           main] o.h.t.d.jdbc.spi.JdbcTypeRegistry        : addDescriptor(NClobTypeDescriptor(DEFAULT)) replaced previous registration(ClobTypeDescriptor(DEFAULT))
2024-12-15T14:03:53.998-03:00 DEBUG 25938 --- [tienda-ms-pedidos] [           main] o.h.t.d.jdbc.spi.JdbcTypeRegistry        : addDescriptor(BooleanTypeDescriptor) replaced previous registration(BooleanTypeDescriptor)
2024-12-15T14:03:54.006-03:00 DEBUG 25938 --- [tienda-ms-pedidos] [           main] org.hibernate.type.BasicTypeRegistry     : Adding type registration null -> org.hibernate.type.NullType@2e826bd1
2024-12-15T14:03:54.006-03:00 DEBUG 25938 --- [tienda-ms-pedidos] [           main] org.hibernate.type.BasicTypeRegistry     : Type registration key [null] overrode previous entry : `org.hibernate.type.NullType@735b1ad2`
2024-12-15T14:03:54.007-03:00 DEBUG 25938 --- [tienda-ms-pedidos] [           main] org.hibernate.type.BasicTypeRegistry     : Adding type registration JAVA_OBJECT -> org.hibernate.type.JavaObjectType@18601f1e
2024-12-15T14:03:54.007-03:00 DEBUG 25938 --- [tienda-ms-pedidos] [           main] org.hibernate.type.BasicTypeRegistry     : Adding type registration java.lang.Object -> org.hibernate.type.JavaObjectType@18601f1e
2024-12-15T14:03:54.007-03:00 DEBUG 25938 --- [tienda-ms-pedidos] [           main] org.hibernate.type.BasicTypeRegistry     : Type registration key [java.lang.Object] overrode previous entry : `org.hibernate.type.JavaObjectType@634d56eb`
2024-12-15T14:03:54.009-03:00 DEBUG 25938 --- [tienda-ms-pedidos] [           main] org.hibernate.type.BasicTypeRegistry     : Adding type registration org.hibernate.type.DurationType -> basicType@1(java.time.Duration,3015)
2024-12-15T14:03:54.009-03:00 DEBUG 25938 --- [tienda-ms-pedidos] [           main] org.hibernate.type.BasicTypeRegistry     : Adding type registration Duration -> basicType@1(java.time.Duration,3015)
2024-12-15T14:03:54.009-03:00 DEBUG 25938 --- [tienda-ms-pedidos] [           main] org.hibernate.type.BasicTypeRegistry     : Adding type registration java.time.Duration -> basicType@1(java.time.Duration,3015)
2024-12-15T14:03:54.011-03:00 DEBUG 25938 --- [tienda-ms-pedidos] [           main] o.h.type.spi.TypeConfiguration$Scope     : Scoping TypeConfiguration [org.hibernate.type.spi.TypeConfiguration@58d8059b] to MetadataBuildingContext [org.hibernate.boot.internal.MetadataBuildingContextRootImpl@29323270]
2024-12-15T14:03:54.043-03:00 DEBUG 25938 --- [tienda-ms-pedidos] [           main] o.h.boot.model.relational.Namespace      : Created database namespace [logicalName=Name{catalog=null, schema=null}, physicalName=Name{catalog=null, schema=null}]
2024-12-15T14:03:54.063-03:00 DEBUG 25938 --- [tienda-ms-pedidos] [           main] o.h.boot.model.internal.EntityBinder     : Binding entity from annotated class: com.example.tienda_ms_pedidos.model.Categoria
2024-12-15T14:03:54.067-03:00 DEBUG 25938 --- [tienda-ms-pedidos] [           main] o.h.boot.model.internal.EntityBinder     : Import with entity name Categoria
2024-12-15T14:03:54.071-03:00 DEBUG 25938 --- [tienda-ms-pedidos] [           main] o.h.boot.model.internal.EntityBinder     : Bind entity com.example.tienda_ms_pedidos.model.Categoria on table categoria
2024-12-15T14:03:54.077-03:00 DEBUG 25938 --- [tienda-ms-pedidos] [           main] o.h.boot.model.internal.AnnotatedColumn  : Binding column: AnnotatedDiscriminatorColumn(column='DTYPE')
2024-12-15T14:03:54.088-03:00 DEBUG 25938 --- [tienda-ms-pedidos] [           main] o.h.boot.model.internal.AnnotatedColumn  : Binding column: AnnotatedColumn(column='idCategoria')
2024-12-15T14:03:54.089-03:00 DEBUG 25938 --- [tienda-ms-pedidos] [           main] o.h.boot.internal.ClassLoaderAccessImpl  : Not known whether passed class name [com.example.tienda_ms_pedidos.model.Categoria] is safe
2024-12-15T14:03:54.089-03:00 DEBUG 25938 --- [tienda-ms-pedidos] [           main] o.h.boot.internal.ClassLoaderAccessImpl  : No temp ClassLoader provided; using live ClassLoader for loading potentially unsafe class : com.example.tienda_ms_pedidos.model.Categoria
2024-12-15T14:03:54.092-03:00 DEBUG 25938 --- [tienda-ms-pedidos] [           main] o.h.boot.model.internal.PropertyBinder   : MetadataSourceProcessor property id with lazy=false
2024-12-15T14:03:54.098-03:00 DEBUG 25938 --- [tienda-ms-pedidos] [           main] o.h.b.m.internal.AbstractPropertyHolder  : Attempting to locate auto-apply AttributeConverter for property [com.example.tienda_ms_pedidos.model.Categoria:id]
2024-12-15T14:03:54.099-03:00 DEBUG 25938 --- [tienda-ms-pedidos] [           main] o.h.b.model.internal.BasicValueBinder    : building BasicValue for id
2024-12-15T14:03:54.100-03:00 DEBUG 25938 --- [tienda-ms-pedidos] [           main] org.hibernate.mapping.BasicValue         : Skipping column re-registration: categoria.id_categoria
2024-12-15T14:03:54.100-03:00 DEBUG 25938 --- [tienda-ms-pedidos] [           main] o.h.boot.model.internal.PropertyBinder   : Building property id
2024-12-15T14:03:54.103-03:00 DEBUG 25938 --- [tienda-ms-pedidos] [           main] o.h.boot.model.internal.BinderHelper     : #makeIdGenerator(BasicValue([Column(id_categoria)]), id, identity, , ...)
2024-12-15T14:03:54.104-03:00 DEBUG 25938 --- [tienda-ms-pedidos] [           main] o.h.boot.model.internal.AnnotatedColumn  : Binding column: AnnotatedColumn(column='descripcion')
2024-12-15T14:03:54.105-03:00 DEBUG 25938 --- [tienda-ms-pedidos] [           main] o.h.boot.model.internal.PropertyBinder   : MetadataSourceProcessor property descripcion with lazy=false
2024-12-15T14:03:54.105-03:00 DEBUG 25938 --- [tienda-ms-pedidos] [           main] o.h.b.m.internal.AbstractPropertyHolder  : Attempting to locate auto-apply AttributeConverter for property [com.example.tienda_ms_pedidos.model.Categoria:descripcion]
2024-12-15T14:03:54.105-03:00 DEBUG 25938 --- [tienda-ms-pedidos] [           main] o.h.b.model.internal.BasicValueBinder    : building BasicValue for descripcion
2024-12-15T14:03:54.105-03:00 DEBUG 25938 --- [tienda-ms-pedidos] [           main] org.hibernate.mapping.BasicValue         : Skipping column re-registration: categoria.descripcion
2024-12-15T14:03:54.105-03:00 DEBUG 25938 --- [tienda-ms-pedidos] [           main] o.h.boot.model.internal.PropertyBinder   : Building property descripcion
2024-12-15T14:03:54.107-03:00 DEBUG 25938 --- [tienda-ms-pedidos] [           main] o.h.boot.model.internal.AnnotatedColumn  : Binding column: AnnotatedColumn(column='nombre')
2024-12-15T14:03:54.107-03:00 DEBUG 25938 --- [tienda-ms-pedidos] [           main] o.h.boot.model.internal.PropertyBinder   : MetadataSourceProcessor property nombre with lazy=false
2024-12-15T14:03:54.107-03:00 DEBUG 25938 --- [tienda-ms-pedidos] [           main] o.h.b.m.internal.AbstractPropertyHolder  : Attempting to locate auto-apply AttributeConverter for property [com.example.tienda_ms_pedidos.model.Categoria:nombre]
2024-12-15T14:03:54.107-03:00 DEBUG 25938 --- [tienda-ms-pedidos] [           main] o.h.b.model.internal.BasicValueBinder    : building BasicValue for nombre
2024-12-15T14:03:54.107-03:00 DEBUG 25938 --- [tienda-ms-pedidos] [           main] org.hibernate.mapping.BasicValue         : Skipping column re-registration: categoria.nombre
2024-12-15T14:03:54.107-03:00 DEBUG 25938 --- [tienda-ms-pedidos] [           main] o.h.boot.model.internal.PropertyBinder   : Building property nombre
2024-12-15T14:03:54.116-03:00 DEBUG 25938 --- [tienda-ms-pedidos] [           main] o.h.boot.model.internal.AnnotatedColumn  : Binding column: IndexColumn(column='productos_ORDER')
2024-12-15T14:03:54.118-03:00 DEBUG 25938 --- [tienda-ms-pedidos] [           main] o.h.boot.model.internal.AnnotatedColumn  : Binding column: AnnotatedColumn()
2024-12-15T14:03:54.118-03:00 DEBUG 25938 --- [tienda-ms-pedidos] [           main] o.h.boot.model.internal.AnnotatedColumn  : Binding column: AnnotatedColumn(column='productos_KEY')
2024-12-15T14:03:54.119-03:00 DEBUG 25938 --- [tienda-ms-pedidos] [           main] o.h.boot.model.internal.AnnotatedColumn  : Binding column: AnnotatedJoinColumn(column='productos_KEY')
2024-12-15T14:03:54.119-03:00 DEBUG 25938 --- [tienda-ms-pedidos] [           main] o.h.boot.model.internal.AnnotatedColumn  : Binding column: AnnotatedJoinColumn()
2024-12-15T14:03:54.120-03:00 DEBUG 25938 --- [tienda-ms-pedidos] [           main] o.h.boot.model.internal.AnnotatedColumn  : Binding column: AnnotatedJoinColumn()
2024-12-15T14:03:54.122-03:00 DEBUG 25938 --- [tienda-ms-pedidos] [           main] o.h.b.model.internal.CollectionBinder    : Collection role: com.example.tienda_ms_pedidos.model.Categoria.productos
2024-12-15T14:03:54.123-03:00 DEBUG 25938 --- [tienda-ms-pedidos] [           main] o.h.boot.model.internal.PropertyBinder   : Building property productos
2024-12-15T14:03:54.124-03:00 DEBUG 25938 --- [tienda-ms-pedidos] [           main] o.h.b.r.c.i.ClassLoaderServiceImpl       : HHH000194: Package not found or no package-info.java: com.example.tienda_ms_pedidos.model
2024-12-15T14:03:54.126-03:00 DEBUG 25938 --- [tienda-ms-pedidos] [           main] o.h.boot.model.internal.EntityBinder     : Binding entity from annotated class: com.example.tienda_ms_pedidos.model.DetalleOrden
2024-12-15T14:03:54.126-03:00 DEBUG 25938 --- [tienda-ms-pedidos] [           main] o.h.boot.model.internal.EntityBinder     : Import with entity name DetalleOrden
2024-12-15T14:03:54.127-03:00 DEBUG 25938 --- [tienda-ms-pedidos] [           main] o.h.boot.model.internal.EntityBinder     : Bind entity com.example.tienda_ms_pedidos.model.DetalleOrden on table detalle_ordenes
2024-12-15T14:03:54.127-03:00 DEBUG 25938 --- [tienda-ms-pedidos] [           main] o.h.boot.model.internal.AnnotatedColumn  : Binding column: AnnotatedDiscriminatorColumn(column='DTYPE')
2024-12-15T14:03:54.129-03:00 DEBUG 25938 --- [tienda-ms-pedidos] [           main] o.h.boot.model.internal.AnnotatedColumn  : Binding column: AnnotatedColumn(column='ID_DETALLE_ORDEN')
2024-12-15T14:03:54.129-03:00 DEBUG 25938 --- [tienda-ms-pedidos] [           main] o.h.boot.internal.ClassLoaderAccessImpl  : Not known whether passed class name [com.example.tienda_ms_pedidos.model.DetalleOrden] is safe
2024-12-15T14:03:54.129-03:00 DEBUG 25938 --- [tienda-ms-pedidos] [           main] o.h.boot.internal.ClassLoaderAccessImpl  : No temp ClassLoader provided; using live ClassLoader for loading potentially unsafe class : com.example.tienda_ms_pedidos.model.DetalleOrden
2024-12-15T14:03:54.129-03:00 DEBUG 25938 --- [tienda-ms-pedidos] [           main] o.h.boot.model.internal.PropertyBinder   : MetadataSourceProcessor property id with lazy=false
2024-12-15T14:03:54.129-03:00 DEBUG 25938 --- [tienda-ms-pedidos] [           main] o.h.b.m.internal.AbstractPropertyHolder  : Attempting to locate auto-apply AttributeConverter for property [com.example.tienda_ms_pedidos.model.DetalleOrden:id]
2024-12-15T14:03:54.129-03:00 DEBUG 25938 --- [tienda-ms-pedidos] [           main] o.h.b.model.internal.BasicValueBinder    : building BasicValue for id
2024-12-15T14:03:54.129-03:00 DEBUG 25938 --- [tienda-ms-pedidos] [           main] org.hibernate.mapping.BasicValue         : Skipping column re-registration: detalle_ordenes.id_detalle_orden
2024-12-15T14:03:54.129-03:00 DEBUG 25938 --- [tienda-ms-pedidos] [           main] o.h.boot.model.internal.PropertyBinder   : Building property id
2024-12-15T14:03:54.129-03:00 DEBUG 25938 --- [tienda-ms-pedidos] [           main] o.h.boot.model.internal.BinderHelper     : #makeIdGenerator(BasicValue([Column(id_detalle_orden)]), id, identity, , ...)
2024-12-15T14:03:54.129-03:00 DEBUG 25938 --- [tienda-ms-pedidos] [           main] o.h.boot.model.internal.AnnotatedColumn  : Binding column: AnnotatedColumn(column='CANTIDAD')
2024-12-15T14:03:54.129-03:00 DEBUG 25938 --- [tienda-ms-pedidos] [           main] o.h.boot.model.internal.PropertyBinder   : MetadataSourceProcessor property cantidad with lazy=false
2024-12-15T14:03:54.129-03:00 DEBUG 25938 --- [tienda-ms-pedidos] [           main] o.h.b.m.internal.AbstractPropertyHolder  : Attempting to locate auto-apply AttributeConverter for property [com.example.tienda_ms_pedidos.model.DetalleOrden:cantidad]
2024-12-15T14:03:54.129-03:00 DEBUG 25938 --- [tienda-ms-pedidos] [           main] o.h.b.model.internal.BasicValueBinder    : building BasicValue for cantidad
2024-12-15T14:03:54.129-03:00 DEBUG 25938 --- [tienda-ms-pedidos] [           main] org.hibernate.mapping.BasicValue         : Skipping column re-registration: detalle_ordenes.cantidad
2024-12-15T14:03:54.129-03:00 DEBUG 25938 --- [tienda-ms-pedidos] [           main] o.h.boot.model.internal.PropertyBinder   : Building property cantidad
2024-12-15T14:03:54.129-03:00 DEBUG 25938 --- [tienda-ms-pedidos] [           main] o.h.boot.model.internal.AnnotatedColumn  : Binding column: AnnotatedColumn(column='ID_PRODUCTO')
2024-12-15T14:03:54.130-03:00 DEBUG 25938 --- [tienda-ms-pedidos] [           main] o.h.boot.model.internal.PropertyBinder   : MetadataSourceProcessor property idProducto with lazy=false
2024-12-15T14:03:54.130-03:00 DEBUG 25938 --- [tienda-ms-pedidos] [           main] o.h.b.m.internal.AbstractPropertyHolder  : Attempting to locate auto-apply AttributeConverter for property [com.example.tienda_ms_pedidos.model.DetalleOrden:idProducto]
2024-12-15T14:03:54.130-03:00 DEBUG 25938 --- [tienda-ms-pedidos] [           main] o.h.b.model.internal.BasicValueBinder    : building BasicValue for idProducto
2024-12-15T14:03:54.130-03:00 DEBUG 25938 --- [tienda-ms-pedidos] [           main] org.hibernate.mapping.BasicValue         : Skipping column re-registration: detalle_ordenes.id_producto
2024-12-15T14:03:54.130-03:00 DEBUG 25938 --- [tienda-ms-pedidos] [           main] o.h.boot.model.internal.PropertyBinder   : Building property idProducto
2024-12-15T14:03:54.130-03:00 DEBUG 25938 --- [tienda-ms-pedidos] [           main] o.h.boot.model.internal.AnnotatedColumn  : Binding column: AnnotatedColumn(column='MONTO_TOTAL')
2024-12-15T14:03:54.130-03:00 DEBUG 25938 --- [tienda-ms-pedidos] [           main] o.h.boot.model.internal.PropertyBinder   : MetadataSourceProcessor property montoTotal with lazy=false
2024-12-15T14:03:54.130-03:00 DEBUG 25938 --- [tienda-ms-pedidos] [           main] o.h.b.m.internal.AbstractPropertyHolder  : Attempting to locate auto-apply AttributeConverter for property [com.example.tienda_ms_pedidos.model.DetalleOrden:montoTotal]
2024-12-15T14:03:54.130-03:00 DEBUG 25938 --- [tienda-ms-pedidos] [           main] o.h.b.model.internal.BasicValueBinder    : building BasicValue for montoTotal
2024-12-15T14:03:54.130-03:00 DEBUG 25938 --- [tienda-ms-pedidos] [           main] org.hibernate.mapping.BasicValue         : Skipping column re-registration: detalle_ordenes.monto_total
2024-12-15T14:03:54.130-03:00 DEBUG 25938 --- [tienda-ms-pedidos] [           main] o.h.boot.model.internal.PropertyBinder   : Building property montoTotal
2024-12-15T14:03:54.130-03:00 DEBUG 25938 --- [tienda-ms-pedidos] [           main] o.h.boot.model.internal.AnnotatedColumn  : Binding column: AnnotatedJoinColumn(column='id_orden')
2024-12-15T14:03:54.130-03:00 DEBUG 25938 --- [tienda-ms-pedidos] [           main] o.h.boot.model.internal.AnnotatedColumn  : Binding column: AnnotatedColumn()
2024-12-15T14:03:54.135-03:00 DEBUG 25938 --- [tienda-ms-pedidos] [           main] o.h.boot.model.internal.PropertyBinder   : Building property orden
2024-12-15T14:03:54.135-03:00 DEBUG 25938 --- [tienda-ms-pedidos] [           main] o.h.boot.model.internal.AnnotatedColumn  : Binding column: AnnotatedColumn(column='PRECIO')
2024-12-15T14:03:54.135-03:00 DEBUG 25938 --- [tienda-ms-pedidos] [           main] o.h.boot.model.internal.PropertyBinder   : MetadataSourceProcessor property precio with lazy=false
2024-12-15T14:03:54.135-03:00 DEBUG 25938 --- [tienda-ms-pedidos] [           main] o.h.b.m.internal.AbstractPropertyHolder  : Attempting to locate auto-apply AttributeConverter for property [com.example.tienda_ms_pedidos.model.DetalleOrden:precio]
2024-12-15T14:03:54.136-03:00 DEBUG 25938 --- [tienda-ms-pedidos] [           main] o.h.b.model.internal.BasicValueBinder    : building BasicValue for precio
2024-12-15T14:03:54.136-03:00 DEBUG 25938 --- [tienda-ms-pedidos] [           main] org.hibernate.mapping.BasicValue         : Skipping column re-registration: detalle_ordenes.precio
2024-12-15T14:03:54.136-03:00 DEBUG 25938 --- [tienda-ms-pedidos] [           main] o.h.boot.model.internal.PropertyBinder   : Building property precio
2024-12-15T14:03:54.136-03:00 DEBUG 25938 --- [tienda-ms-pedidos] [           main] o.h.b.r.c.i.ClassLoaderServiceImpl       : HHH000194: Package not found or no package-info.java: com.example.tienda_ms_pedidos.model
2024-12-15T14:03:54.136-03:00 DEBUG 25938 --- [tienda-ms-pedidos] [           main] o.h.boot.model.internal.EntityBinder     : Binding entity from annotated class: com.example.tienda_ms_pedidos.model.Orden
2024-12-15T14:03:54.136-03:00 DEBUG 25938 --- [tienda-ms-pedidos] [           main] o.h.boot.model.internal.EntityBinder     : Import with entity name Orden
2024-12-15T14:03:54.136-03:00 DEBUG 25938 --- [tienda-ms-pedidos] [           main] o.h.boot.model.internal.EntityBinder     : Bind entity com.example.tienda_ms_pedidos.model.Orden on table ordenes
2024-12-15T14:03:54.137-03:00 DEBUG 25938 --- [tienda-ms-pedidos] [           main] o.h.boot.model.internal.AnnotatedColumn  : Binding column: AnnotatedDiscriminatorColumn(column='DTYPE')
2024-12-15T14:03:54.138-03:00 DEBUG 25938 --- [tienda-ms-pedidos] [           main] o.h.boot.model.internal.AnnotatedColumn  : Binding column: AnnotatedColumn(column='ID_ORDEN')
2024-12-15T14:03:54.139-03:00 DEBUG 25938 --- [tienda-ms-pedidos] [           main] o.h.boot.internal.ClassLoaderAccessImpl  : Not known whether passed class name [com.example.tienda_ms_pedidos.model.Orden] is safe
2024-12-15T14:03:54.139-03:00 DEBUG 25938 --- [tienda-ms-pedidos] [           main] o.h.boot.internal.ClassLoaderAccessImpl  : No temp ClassLoader provided; using live ClassLoader for loading potentially unsafe class : com.example.tienda_ms_pedidos.model.Orden
2024-12-15T14:03:54.139-03:00 DEBUG 25938 --- [tienda-ms-pedidos] [           main] o.h.boot.model.internal.PropertyBinder   : MetadataSourceProcessor property id with lazy=false
2024-12-15T14:03:54.139-03:00 DEBUG 25938 --- [tienda-ms-pedidos] [           main] o.h.b.m.internal.AbstractPropertyHolder  : Attempting to locate auto-apply AttributeConverter for property [com.example.tienda_ms_pedidos.model.Orden:id]
2024-12-15T14:03:54.139-03:00 DEBUG 25938 --- [tienda-ms-pedidos] [           main] o.h.b.model.internal.BasicValueBinder    : building BasicValue for id
2024-12-15T14:03:54.139-03:00 DEBUG 25938 --- [tienda-ms-pedidos] [           main] org.hibernate.mapping.BasicValue         : Skipping column re-registration: ordenes.id_orden
2024-12-15T14:03:54.139-03:00 DEBUG 25938 --- [tienda-ms-pedidos] [           main] o.h.boot.model.internal.PropertyBinder   : Building property id
2024-12-15T14:03:54.139-03:00 DEBUG 25938 --- [tienda-ms-pedidos] [           main] o.h.boot.model.internal.BinderHelper     : #makeIdGenerator(BasicValue([Column(id_orden)]), id, identity, , ...)
2024-12-15T14:03:54.139-03:00 DEBUG 25938 --- [tienda-ms-pedidos] [           main] o.h.boot.model.internal.AnnotatedColumn  : Binding column: AnnotatedJoinColumn()
2024-12-15T14:03:54.139-03:00 DEBUG 25938 --- [tienda-ms-pedidos] [           main] o.h.boot.model.internal.AnnotatedColumn  : Binding column: AnnotatedColumn()
2024-12-15T14:03:54.140-03:00 DEBUG 25938 --- [tienda-ms-pedidos] [           main] o.h.boot.model.internal.AnnotatedColumn  : Binding column: IndexColumn(column='detalles_ORDER')
2024-12-15T14:03:54.140-03:00 DEBUG 25938 --- [tienda-ms-pedidos] [           main] o.h.boot.model.internal.AnnotatedColumn  : Binding column: AnnotatedColumn()
2024-12-15T14:03:54.140-03:00 DEBUG 25938 --- [tienda-ms-pedidos] [           main] o.h.boot.model.internal.AnnotatedColumn  : Binding column: AnnotatedColumn(column='detalles_KEY')
[...]
2024-12-15T14:03:56.218-03:00 DEBUG 25938 --- [tienda-ms-pedidos] [           main] org.springframework.test.context.cache   : Spring test ApplicationContext cache statistics: [DefaultContextCache@42c4318b size = 1, maxSize = 32, parentContextCount = 0, hitCount = 41, missCount = 1, failureCount = 0]
2024-12-15T14:03:56.218-03:00 DEBUG 25938 --- [tienda-ms-pedidos] [           main] o.s.orm.jpa.JpaTransactionManager        : Initiating transaction rollback
2024-12-15T14:03:56.218-03:00 DEBUG 25938 --- [tienda-ms-pedidos] [           main] o.s.orm.jpa.JpaTransactionManager        : Rolling back JPA transaction on EntityManager [SessionImpl(194699387<open>)]
2024-12-15T14:03:56.218-03:00 DEBUG 25938 --- [tienda-ms-pedidos] [           main] o.h.e.t.internal.TransactionImpl         : rolling back
2024-12-15T14:03:56.219-03:00 DEBUG 25938 --- [tienda-ms-pedidos] [           main] o.s.orm.jpa.JpaTransactionManager        : Closing JPA EntityManager [SessionImpl(194699387<open>)] after transaction
2024-12-15T14:03:56.219-03:00 DEBUG 25938 --- [tienda-ms-pedidos] [           main] o.s.t.c.transaction.TransactionContext   : Rolled back transaction (1) for test class [com.example.tienda_ms_pedidos.repository.OrdenRepositoryTest]; test method [crudOperations]
2024-12-15T14:03:56.219-03:00 DEBUG 25938 --- [tienda-ms-pedidos] [           main] .c.s.DirtiesContextTestExecutionListener : After test method: class [OrdenRepositoryTest], method [crudOperations], class annotated with @DirtiesContext [false] with mode [null], method annotated with @DirtiesContext [false] with mode [null]
]]></system-out>
  </testcase>
  <testcase name="findByEmail_ReturnsOrdenes" classname="com.example.tienda_ms_pedidos.repository.OrdenRepositoryTest" time="0.006">
    <system-out><![CDATA[2024-12-15T14:03:56.219-03:00 DEBUG 25938 --- [tienda-ms-pedidos] [           main] DependencyInjectionTestExecutionListener : Performing dependency injection for test class com.example.tienda_ms_pedidos.repository.OrdenRepositoryTest
2024-12-15T14:03:56.219-03:00 DEBUG 25938 --- [tienda-ms-pedidos] [           main] org.springframework.test.context.cache   : Spring test ApplicationContext cache statistics: [DefaultContextCache@42c4318b size = 1, maxSize = 32, parentContextCount = 0, hitCount = 42, missCount = 1, failureCount = 0]
2024-12-15T14:03:56.220-03:00 DEBUG 25938 --- [tienda-ms-pedidos] [           main] org.springframework.test.context.cache   : Spring test ApplicationContext cache statistics: [DefaultContextCache@42c4318b size = 1, maxSize = 32, parentContextCount = 0, hitCount = 43, missCount = 1, failureCount = 0]
2024-12-15T14:03:56.220-03:00 DEBUG 25938 --- [tienda-ms-pedidos] [           main] sContextBeforeModesTestExecutionListener : Before test method: class [OrdenRepositoryTest], method [findByEmail_ReturnsOrdenes], class annotated with @DirtiesContext [false] with mode [null], method annotated with @DirtiesContext [false] with mode [null]
2024-12-15T14:03:56.220-03:00 DEBUG 25938 --- [tienda-ms-pedidos] [           main] t.c.t.TransactionalTestExecutionListener : Explicit transaction definition [PROPAGATION_REQUIRED,ISOLATION_DEFAULT] found for test class [com.example.tienda_ms_pedidos.repository.OrdenRepositoryTest] and test method [findByEmail_ReturnsOrdenes]
2024-12-15T14:03:56.220-03:00 DEBUG 25938 --- [tienda-ms-pedidos] [           main] org.springframework.test.context.cache   : Spring test ApplicationContext cache statistics: [DefaultContextCache@42c4318b size = 1, maxSize = 32, parentContextCount = 0, hitCount = 44, missCount = 1, failureCount = 0]
2024-12-15T14:03:56.220-03:00 DEBUG 25938 --- [tienda-ms-pedidos] [           main] t.c.t.TransactionalTestExecutionListener : No method-level @Rollback override: using default rollback [true] for test method [void com.example.tienda_ms_pedidos.repository.OrdenRepositoryTest.findByEmail_ReturnsOrdenes()]
2024-12-15T14:03:56.220-03:00 DEBUG 25938 --- [tienda-ms-pedidos] [           main] o.s.orm.jpa.JpaTransactionManager        : Creating new transaction with name [com.example.tienda_ms_pedidos.repository.OrdenRepositoryTest.findByEmail_ReturnsOrdenes]: PROPAGATION_REQUIRED,ISOLATION_DEFAULT
2024-12-15T14:03:56.220-03:00 DEBUG 25938 --- [tienda-ms-pedidos] [           main] o.s.orm.jpa.JpaTransactionManager        : Opened new EntityManager [SessionImpl(688535606<open>)] for JPA transaction
2024-12-15T14:03:56.220-03:00 DEBUG 25938 --- [tienda-ms-pedidos] [           main] o.h.e.t.internal.TransactionImpl         : On TransactionImpl creation, JpaCompliance#isJpaTransactionComplianceEnabled == false
2024-12-15T14:03:56.220-03:00 DEBUG 25938 --- [tienda-ms-pedidos] [           main] o.h.e.t.internal.TransactionImpl         : begin
2024-12-15T14:03:56.220-03:00 DEBUG 25938 --- [tienda-ms-pedidos] [           main] o.s.orm.jpa.JpaTransactionManager        : Exposing JPA transaction as JDBC [org.springframework.orm.jpa.vendor.HibernateJpaDialect$HibernateConnectionHandle@5cfb0061]
2024-12-15T14:03:56.220-03:00 DEBUG 25938 --- [tienda-ms-pedidos] [           main] o.s.t.c.transaction.TransactionContext   : Began transaction (1) for test class [com.example.tienda_ms_pedidos.repository.OrdenRepositoryTest]; test method [findByEmail_ReturnsOrdenes]; transaction manager [org.springframework.orm.jpa.JpaTransactionManager@1eb58871]; rollback [true]
2024-12-15T14:03:56.220-03:00 DEBUG 25938 --- [tienda-ms-pedidos] [           main] org.springframework.test.context.cache   : Spring test ApplicationContext cache statistics: [DefaultContextCache@42c4318b size = 1, maxSize = 32, parentContextCount = 0, hitCount = 45, missCount = 1, failureCount = 0]
2024-12-15T14:03:56.220-03:00 DEBUG 25938 --- [tienda-ms-pedidos] [           main] org.springframework.test.context.cache   : Spring test ApplicationContext cache statistics: [DefaultContextCache@42c4318b size = 1, maxSize = 32, parentContextCount = 0, hitCount = 46, missCount = 1, failureCount = 0]
2024-12-15T14:03:56.220-03:00 DEBUG 25938 --- [tienda-ms-pedidos] [           main] org.springframework.test.context.cache   : Spring test ApplicationContext cache statistics: [DefaultContextCache@42c4318b size = 1, maxSize = 32, parentContextCount = 0, hitCount = 47, missCount = 1, failureCount = 0]
2024-12-15T14:03:56.221-03:00 DEBUG 25938 --- [tienda-ms-pedidos] [           main] org.springframework.test.context.cache   : Spring test ApplicationContext cache statistics: [DefaultContextCache@42c4318b size = 1, maxSize = 32, parentContextCount = 0, hitCount = 48, missCount = 1, failureCount = 0]
2024-12-15T14:03:56.221-03:00 DEBUG 25938 --- [tienda-ms-pedidos] [           main] org.hibernate.engine.spi.ActionQueue     : Executing identity-insert immediately
2024-12-15T14:03:56.221-03:00 DEBUG 25938 --- [tienda-ms-pedidos] [           main] org.hibernate.SQL                        : 
    /* insert for
        com.example.tienda_ms_pedidos.model.Orden */insert 
    into
        ordenes (email, estado, fecha, monto_total, id_orden) 
    values
        (?, ?, ?, ?, default)
Hibernate: 
    /* insert for
        com.example.tienda_ms_pedidos.model.Orden */insert 
    into
        ordenes (email, estado, fecha, monto_total, id_orden) 
    values
        (?, ?, ?, ?, default)
2024-12-15T14:03:56.221-03:00 DEBUG 25938 --- [tienda-ms-pedidos] [           main] org.hibernate.orm.results                : Initializer list is empty
2024-12-15T14:03:56.221-03:00 DEBUG 25938 --- [tienda-ms-pedidos] [           main] o.h.id.IdentifierGeneratorHelper         : Extracted generated values [com.example.tienda_ms_pedidos.model.Orden]: [Ljava.lang.Object;@2c69af89
2024-12-15T14:03:56.221-03:00 DEBUG 25938 --- [tienda-ms-pedidos] [           main] org.hibernate.engine.spi.ActionQueue     : Executing identity-insert immediately
2024-12-15T14:03:56.221-03:00 DEBUG 25938 --- [tienda-ms-pedidos] [           main] org.hibernate.SQL                        : 
    /* insert for
        com.example.tienda_ms_pedidos.model.Orden */insert 
    into
        ordenes (email, estado, fecha, monto_total, id_orden) 
    values
        (?, ?, ?, ?, default)
Hibernate: 
    /* insert for
        com.example.tienda_ms_pedidos.model.Orden */insert 
    into
        ordenes (email, estado, fecha, monto_total, id_orden) 
    values
        (?, ?, ?, ?, default)
2024-12-15T14:03:56.222-03:00 DEBUG 25938 --- [tienda-ms-pedidos] [           main] org.hibernate.orm.results                : Initializer list is empty
2024-12-15T14:03:56.222-03:00 DEBUG 25938 --- [tienda-ms-pedidos] [           main] o.h.id.IdentifierGeneratorHelper         : Extracted generated values [com.example.tienda_ms_pedidos.model.Orden]: [Ljava.lang.Object;@21749559
2024-12-15T14:03:56.222-03:00 DEBUG 25938 --- [tienda-ms-pedidos] [           main] org.hibernate.engine.spi.ActionQueue     : Executing identity-insert immediately
2024-12-15T14:03:56.222-03:00 DEBUG 25938 --- [tienda-ms-pedidos] [           main] org.hibernate.SQL                        : 
    /* insert for
        com.example.tienda_ms_pedidos.model.Orden */insert 
    into
        ordenes (email, estado, fecha, monto_total, id_orden) 
    values
        (?, ?, ?, ?, default)
Hibernate: 
    /* insert for
        com.example.tienda_ms_pedidos.model.Orden */insert 
    into
        ordenes (email, estado, fecha, monto_total, id_orden) 
    values
        (?, ?, ?, ?, default)
2024-12-15T14:03:56.222-03:00 DEBUG 25938 --- [tienda-ms-pedidos] [           main] org.hibernate.orm.results                : Initializer list is empty
2024-12-15T14:03:56.222-03:00 DEBUG 25938 --- [tienda-ms-pedidos] [           main] o.h.id.IdentifierGeneratorHelper         : Extracted generated values [com.example.tienda_ms_pedidos.model.Orden]: [Ljava.lang.Object;@2860fccf
2024-12-15T14:03:56.222-03:00 DEBUG 25938 --- [tienda-ms-pedidos] [           main] o.h.e.i.AbstractFlushingEventListener    : Processing flush-time cascades
2024-12-15T14:03:56.222-03:00 DEBUG 25938 --- [tienda-ms-pedidos] [           main] o.h.e.i.AbstractFlushingEventListener    : Dirty checking collections
2024-12-15T14:03:56.222-03:00 DEBUG 25938 --- [tienda-ms-pedidos] [           main] o.h.e.i.AbstractFlushingEventListener    : Flushed: 0 insertions, 0 updates, 0 deletions to 3 objects
2024-12-15T14:03:56.222-03:00 DEBUG 25938 --- [tienda-ms-pedidos] [           main] o.h.e.i.AbstractFlushingEventListener    : Flushed: 0 (re)creations, 0 updates, 0 removals to 0 collections
2024-12-15T14:03:56.222-03:00 DEBUG 25938 --- [tienda-ms-pedidos] [           main] o.hibernate.internal.util.EntityPrinter  : Listing entities:
2024-12-15T14:03:56.222-03:00 DEBUG 25938 --- [tienda-ms-pedidos] [           main] o.hibernate.internal.util.EntityPrinter  : com.example.tienda_ms_pedidos.model.Orden{fecha=Sun Dec 15 14:03:56 GMT-03:00 2024, estado=1, detalles=null, id=6, email=test@test.com, montoTotal=null}
2024-12-15T14:03:56.222-03:00 DEBUG 25938 --- [tienda-ms-pedidos] [           main] o.hibernate.internal.util.EntityPrinter  : com.example.tienda_ms_pedidos.model.Orden{fecha=Sun Dec 15 14:03:56 GMT-03:00 2024, estado=2, detalles=null, id=7, email=test@test.com, montoTotal=null}
2024-12-15T14:03:56.222-03:00 DEBUG 25938 --- [tienda-ms-pedidos] [           main] o.hibernate.internal.util.EntityPrinter  : com.example.tienda_ms_pedidos.model.Orden{fecha=Sun Dec 15 14:03:56 GMT-03:00 2024, estado=1, detalles=null, id=8, email=other@test.com, montoTotal=null}
2024-12-15T14:03:56.223-03:00 DEBUG 25938 --- [tienda-ms-pedidos] [           main] o.h.e.i.AbstractFlushingEventListener    : Processing flush-time cascades
2024-12-15T14:03:56.223-03:00 DEBUG 25938 --- [tienda-ms-pedidos] [           main] o.h.e.i.AbstractFlushingEventListener    : Dirty checking collections
2024-12-15T14:03:56.223-03:00 DEBUG 25938 --- [tienda-ms-pedidos] [           main] org.hibernate.orm.sql.ast.create         : Created new SQL alias : o1_0
2024-12-15T14:03:56.223-03:00 DEBUG 25938 --- [tienda-ms-pedidos] [           main] org.hibernate.orm.sql.ast.create         : Registration of TableGroup [StandardTableGroup(com.example.tienda_ms_pedidos.model.Orden(2))] with identifierForTableGroup [com.example.tienda_ms_pedidos.model.Orden] for NavigablePath [com.example.tienda_ms_pedidos.model.Orden] 
2024-12-15T14:03:56.223-03:00 DEBUG 25938 --- [tienda-ms-pedidos] [           main] o.h.q.sqm.sql.BaseSqmToSqlAstConverter   : Determining mapping-model type for SqmParameter : org.hibernate.query.sqm.tree.expression.SqmJpaCriteriaParameterWrapper@16593c1d
2024-12-15T14:03:56.223-03:00 DEBUG 25938 --- [tienda-ms-pedidos] [           main] o.h.q.sqm.sql.BaseSqmToSqlAstConverter   : Determining mapping-model type for SqmPath : SqmBasicValuedSimplePath(com.example.tienda_ms_pedidos.model.Orden(2).email) 
2024-12-15T14:03:56.223-03:00 DEBUG 25938 --- [tienda-ms-pedidos] [           main] org.hibernate.orm.results.graph.AST      : DomainResult Graph:
 \-EntityResultImpl [com.example.tienda_ms_pedidos.model.Orden(2)]
 |  +-DelayedCollectionFetch [com.example.tienda_ms_pedidos.model.Orden(2).detalles]
 |  +-BasicFetch [com.example.tienda_ms_pedidos.model.Orden(2).email]
 |  +-BasicFetch [com.example.tienda_ms_pedidos.model.Orden(2).estado]
 |  +-BasicFetch [com.example.tienda_ms_pedidos.model.Orden(2).fecha]
 |  \-BasicFetch [com.example.tienda_ms_pedidos.model.Orden(2).montoTotal]

2024-12-15T14:03:56.223-03:00 DEBUG 25938 --- [tienda-ms-pedidos] [           main] org.hibernate.orm.sql.ast.tree           : SQL AST Tree:
    SelectStatement {
      FromClause {
        StandardTableGroup (o1 : com.example.tienda_ms_pedidos.model.Orden(2)) {
          primaryTableReference : ordenes as o1_0
        }
      }
    }

2024-12-15T14:03:56.224-03:00 DEBUG 25938 --- [tienda-ms-pedidos] [           main] o.h.e.i.AbstractFlushingEventListener    : Flushed: 0 insertions, 0 updates, 0 deletions to 3 objects
2024-12-15T14:03:56.224-03:00 DEBUG 25938 --- [tienda-ms-pedidos] [           main] o.h.e.i.AbstractFlushingEventListener    : Flushed: 0 (re)creations, 0 updates, 0 removals to 0 collections
2024-12-15T14:03:56.224-03:00 DEBUG 25938 --- [tienda-ms-pedidos] [           main] o.hibernate.internal.util.EntityPrinter  : Listing entities:
2024-12-15T14:03:56.224-03:00 DEBUG 25938 --- [tienda-ms-pedidos] [           main] o.hibernate.internal.util.EntityPrinter  : com.example.tienda_ms_pedidos.model.Orden{fecha=Sun Dec 15 14:03:56 GMT-03:00 2024, estado=1, detalles=null, id=6, email=test@test.com, montoTotal=null}
2024-12-15T14:03:56.224-03:00 DEBUG 25938 --- [tienda-ms-pedidos] [           main] o.hibernate.internal.util.EntityPrinter  : com.example.tienda_ms_pedidos.model.Orden{fecha=Sun Dec 15 14:03:56 GMT-03:00 2024, estado=2, detalles=null, id=7, email=test@test.com, montoTotal=null}
2024-12-15T14:03:56.224-03:00 DEBUG 25938 --- [tienda-ms-pedidos] [           main] o.hibernate.internal.util.EntityPrinter  : com.example.tienda_ms_pedidos.model.Orden{fecha=Sun Dec 15 14:03:56 GMT-03:00 2024, estado=1, detalles=null, id=8, email=other@test.com, montoTotal=null}
2024-12-15T14:03:56.224-03:00 DEBUG 25938 --- [tienda-ms-pedidos] [           main] org.hibernate.orm.sql.exec               : Skipping reading Query result cache data: cache-enabled = false, cache-mode = NORMAL
2024-12-15T14:03:56.224-03:00 DEBUG 25938 --- [tienda-ms-pedidos] [           main] org.hibernate.SQL                        : 
    /* <criteria> */ select
        o1_0.id_orden,
        o1_0.email,
        o1_0.estado,
        o1_0.fecha,
        o1_0.monto_total 
    from
        ordenes o1_0 
    where
        o1_0.email=?
Hibernate: 
    /* <criteria> */ select
        o1_0.id_orden,
        o1_0.email,
        o1_0.estado,
        o1_0.fecha,
        o1_0.monto_total 
    from
        ordenes o1_0 
    where
        o1_0.email=?
2024-12-15T14:03:56.224-03:00 DEBUG 25938 --- [tienda-ms-pedidos] [           main] org.hibernate.orm.results                : Initializer list:
	  com.example.tienda_ms_pedidos.model.Orden(2).detalles -> DelayedCollectionInitializer(com.example.tienda_ms_pedidos.model.Orden(2).detalles)@1303961244 (PluralAttribute(com.example.tienda_ms_pedidos.model.Orden.detalles))
	  com.example.tienda_ms_pedidos.model.Orden(2) -> EntityJoinedFetchInitializer(com.example.tienda_ms_pedidos.model.Orden(2))@296230320 (SingleTableEntityPersister(com.example.tienda_ms_pedidos.model.Orden))

2024-12-15T14:03:56.225-03:00 DEBUG 25938 --- [tienda-ms-pedidos] [           main] org.springframework.test.context.cache   : Spring test ApplicationContext cache statistics: [DefaultContextCache@42c4318b size = 1, maxSize = 32, parentContextCount = 0, hitCount = 49, missCount = 1, failureCount = 0]
2024-12-15T14:03:56.225-03:00 DEBUG 25938 --- [tienda-ms-pedidos] [           main] org.springframework.test.context.cache   : Spring test ApplicationContext cache statistics: [DefaultContextCache@42c4318b size = 1, maxSize = 32, parentContextCount = 0, hitCount = 50, missCount = 1, failureCount = 0]
2024-12-15T14:03:56.225-03:00 DEBUG 25938 --- [tienda-ms-pedidos] [           main] org.springframework.test.context.cache   : Spring test ApplicationContext cache statistics: [DefaultContextCache@42c4318b size = 1, maxSize = 32, parentContextCount = 0, hitCount = 51, missCount = 1, failureCount = 0]
2024-12-15T14:03:56.225-03:00 DEBUG 25938 --- [tienda-ms-pedidos] [           main] org.springframework.test.context.cache   : Spring test ApplicationContext cache statistics: [DefaultContextCache@42c4318b size = 1, maxSize = 32, parentContextCount = 0, hitCount = 52, missCount = 1, failureCount = 0]
2024-12-15T14:03:56.225-03:00 DEBUG 25938 --- [tienda-ms-pedidos] [           main] org.springframework.test.context.cache   : Spring test ApplicationContext cache statistics: [DefaultContextCache@42c4318b size = 1, maxSize = 32, parentContextCount = 0, hitCount = 53, missCount = 1, failureCount = 0]
2024-12-15T14:03:56.225-03:00 DEBUG 25938 --- [tienda-ms-pedidos] [           main] org.springframework.test.context.cache   : Spring test ApplicationContext cache statistics: [DefaultContextCache@42c4318b size = 1, maxSize = 32, parentContextCount = 0, hitCount = 54, missCount = 1, failureCount = 0]
2024-12-15T14:03:56.225-03:00 DEBUG 25938 --- [tienda-ms-pedidos] [           main] org.springframework.test.context.cache   : Spring test ApplicationContext cache statistics: [DefaultContextCache@42c4318b size = 1, maxSize = 32, parentContextCount = 0, hitCount = 55, missCount = 1, failureCount = 0]
2024-12-15T14:03:56.225-03:00 DEBUG 25938 --- [tienda-ms-pedidos] [           main] o.s.orm.jpa.JpaTransactionManager        : Initiating transaction rollback
2024-12-15T14:03:56.225-03:00 DEBUG 25938 --- [tienda-ms-pedidos] [           main] o.s.orm.jpa.JpaTransactionManager        : Rolling back JPA transaction on EntityManager [SessionImpl(688535606<open>)]
2024-12-15T14:03:56.225-03:00 DEBUG 25938 --- [tienda-ms-pedidos] [           main] o.h.e.t.internal.TransactionImpl         : rolling back
2024-12-15T14:03:56.226-03:00 DEBUG 25938 --- [tienda-ms-pedidos] [           main] o.s.orm.jpa.JpaTransactionManager        : Closing JPA EntityManager [SessionImpl(688535606<open>)] after transaction
2024-12-15T14:03:56.226-03:00 DEBUG 25938 --- [tienda-ms-pedidos] [           main] o.s.t.c.transaction.TransactionContext   : Rolled back transaction (1) for test class [com.example.tienda_ms_pedidos.repository.OrdenRepositoryTest]; test method [findByEmail_ReturnsOrdenes]
2024-12-15T14:03:56.226-03:00 DEBUG 25938 --- [tienda-ms-pedidos] [           main] .c.s.DirtiesContextTestExecutionListener : After test method: class [OrdenRepositoryTest], method [findByEmail_ReturnsOrdenes], class annotated with @DirtiesContext [false] with mode [null], method annotated with @DirtiesContext [false] with mode [null]
]]></system-out>
  </testcase>
</testsuite>